
*** Running vivado
    with args -log design_1_tier2_xbar_0_0.vds -m64 -product Vivado -mode batch -messageDb vivado.pb -notrace -source design_1_tier2_xbar_0_0.tcl


****** Vivado v2017.3 (64-bit)
  **** SW Build 2018833 on Wed Oct  4 19:58:07 MDT 2017
  **** IP Build 2016188 on Wed Oct  4 21:52:56 MDT 2017
    ** Copyright 1986-2017 Xilinx, Inc. All Rights Reserved.

source design_1_tier2_xbar_0_0.tcl -notrace
Starting RTL Elaboration : Time (s): cpu = 00:00:10 ; elapsed = 00:00:18 . Memory (MB): peak = 1496.746 ; gain = 0.000 ; free physical = 14804 ; free virtual = 46448
INFO: [Synth 8-638] synthesizing module 'design_1_tier2_xbar_0_0' [/home/ad2039/G00StereoCamera/SCAM/SCAM.srcs/sources_1/bd/design_1/ip/design_1_tier2_xbar_0_0/synth/design_1_tier2_xbar_0_0.v:59]
INFO: [Synth 8-638] synthesizing module 'axi_crossbar_v2_1_15_axi_crossbar' [/home/ad2039/G00StereoCamera/SCAM/SCAM.srcs/sources_1/bd/design_1/ipshared/a1b8/hdl/axi_crossbar_v2_1_vl_rfs.v:4882]
INFO: [Synth 8-638] synthesizing module 'axi_crossbar_v2_1_15_crossbar_sasd' [/home/ad2039/G00StereoCamera/SCAM/SCAM.srcs/sources_1/bd/design_1/ipshared/a1b8/hdl/axi_crossbar_v2_1_vl_rfs.v:1240]
INFO: [Synth 8-638] synthesizing module 'axi_crossbar_v2_1_15_addr_decoder' [/home/ad2039/G00StereoCamera/SCAM/SCAM.srcs/sources_1/bd/design_1/ipshared/a1b8/hdl/axi_crossbar_v2_1_vl_rfs.v:794]
INFO: [Synth 8-638] synthesizing module 'generic_baseblocks_v2_1_0_comparator_static' [/home/ad2039/G00StereoCamera/SCAM/SCAM.srcs/sources_1/bd/design_1/ipshared/b752/hdl/generic_baseblocks_v2_1_vl_rfs.v:2133]
INFO: [Synth 8-638] synthesizing module 'generic_baseblocks_v2_1_0_carry_and' [/home/ad2039/G00StereoCamera/SCAM/SCAM.srcs/sources_1/bd/design_1/ipshared/b752/hdl/generic_baseblocks_v2_1_vl_rfs.v:62]
INFO: [Synth 8-256] done synthesizing module 'generic_baseblocks_v2_1_0_carry_and' (1#1) [/home/ad2039/G00StereoCamera/SCAM/SCAM.srcs/sources_1/bd/design_1/ipshared/b752/hdl/generic_baseblocks_v2_1_vl_rfs.v:62]
INFO: [Synth 8-256] done synthesizing module 'generic_baseblocks_v2_1_0_comparator_static' (2#1) [/home/ad2039/G00StereoCamera/SCAM/SCAM.srcs/sources_1/bd/design_1/ipshared/b752/hdl/generic_baseblocks_v2_1_vl_rfs.v:2133]
INFO: [Synth 8-638] synthesizing module 'generic_baseblocks_v2_1_0_comparator_static__parameterized0' [/home/ad2039/G00StereoCamera/SCAM/SCAM.srcs/sources_1/bd/design_1/ipshared/b752/hdl/generic_baseblocks_v2_1_vl_rfs.v:2133]
INFO: [Synth 8-256] done synthesizing module 'generic_baseblocks_v2_1_0_comparator_static__parameterized0' (2#1) [/home/ad2039/G00StereoCamera/SCAM/SCAM.srcs/sources_1/bd/design_1/ipshared/b752/hdl/generic_baseblocks_v2_1_vl_rfs.v:2133]
INFO: [Synth 8-638] synthesizing module 'generic_baseblocks_v2_1_0_comparator_static__parameterized1' [/home/ad2039/G00StereoCamera/SCAM/SCAM.srcs/sources_1/bd/design_1/ipshared/b752/hdl/generic_baseblocks_v2_1_vl_rfs.v:2133]
INFO: [Synth 8-256] done synthesizing module 'generic_baseblocks_v2_1_0_comparator_static__parameterized1' (2#1) [/home/ad2039/G00StereoCamera/SCAM/SCAM.srcs/sources_1/bd/design_1/ipshared/b752/hdl/generic_baseblocks_v2_1_vl_rfs.v:2133]
INFO: [Synth 8-638] synthesizing module 'generic_baseblocks_v2_1_0_comparator_static__parameterized2' [/home/ad2039/G00StereoCamera/SCAM/SCAM.srcs/sources_1/bd/design_1/ipshared/b752/hdl/generic_baseblocks_v2_1_vl_rfs.v:2133]
INFO: [Synth 8-256] done synthesizing module 'generic_baseblocks_v2_1_0_comparator_static__parameterized2' (2#1) [/home/ad2039/G00StereoCamera/SCAM/SCAM.srcs/sources_1/bd/design_1/ipshared/b752/hdl/generic_baseblocks_v2_1_vl_rfs.v:2133]
INFO: [Synth 8-638] synthesizing module 'generic_baseblocks_v2_1_0_comparator_static__parameterized3' [/home/ad2039/G00StereoCamera/SCAM/SCAM.srcs/sources_1/bd/design_1/ipshared/b752/hdl/generic_baseblocks_v2_1_vl_rfs.v:2133]
INFO: [Synth 8-256] done synthesizing module 'generic_baseblocks_v2_1_0_comparator_static__parameterized3' (2#1) [/home/ad2039/G00StereoCamera/SCAM/SCAM.srcs/sources_1/bd/design_1/ipshared/b752/hdl/generic_baseblocks_v2_1_vl_rfs.v:2133]
INFO: [Synth 8-638] synthesizing module 'generic_baseblocks_v2_1_0_comparator_static__parameterized4' [/home/ad2039/G00StereoCamera/SCAM/SCAM.srcs/sources_1/bd/design_1/ipshared/b752/hdl/generic_baseblocks_v2_1_vl_rfs.v:2133]
INFO: [Synth 8-256] done synthesizing module 'generic_baseblocks_v2_1_0_comparator_static__parameterized4' (2#1) [/home/ad2039/G00StereoCamera/SCAM/SCAM.srcs/sources_1/bd/design_1/ipshared/b752/hdl/generic_baseblocks_v2_1_vl_rfs.v:2133]
INFO: [Synth 8-638] synthesizing module 'generic_baseblocks_v2_1_0_comparator_static__parameterized5' [/home/ad2039/G00StereoCamera/SCAM/SCAM.srcs/sources_1/bd/design_1/ipshared/b752/hdl/generic_baseblocks_v2_1_vl_rfs.v:2133]
INFO: [Synth 8-256] done synthesizing module 'generic_baseblocks_v2_1_0_comparator_static__parameterized5' (2#1) [/home/ad2039/G00StereoCamera/SCAM/SCAM.srcs/sources_1/bd/design_1/ipshared/b752/hdl/generic_baseblocks_v2_1_vl_rfs.v:2133]
INFO: [Synth 8-638] synthesizing module 'generic_baseblocks_v2_1_0_comparator_static__parameterized6' [/home/ad2039/G00StereoCamera/SCAM/SCAM.srcs/sources_1/bd/design_1/ipshared/b752/hdl/generic_baseblocks_v2_1_vl_rfs.v:2133]
INFO: [Synth 8-256] done synthesizing module 'generic_baseblocks_v2_1_0_comparator_static__parameterized6' (2#1) [/home/ad2039/G00StereoCamera/SCAM/SCAM.srcs/sources_1/bd/design_1/ipshared/b752/hdl/generic_baseblocks_v2_1_vl_rfs.v:2133]
INFO: [Synth 8-256] done synthesizing module 'axi_crossbar_v2_1_15_addr_decoder' (3#1) [/home/ad2039/G00StereoCamera/SCAM/SCAM.srcs/sources_1/bd/design_1/ipshared/a1b8/hdl/axi_crossbar_v2_1_vl_rfs.v:794]
INFO: [Synth 8-638] synthesizing module 'axi_crossbar_v2_1_15_decerr_slave' [/home/ad2039/G00StereoCamera/SCAM/SCAM.srcs/sources_1/bd/design_1/ipshared/a1b8/hdl/axi_crossbar_v2_1_vl_rfs.v:3500]
INFO: [Synth 8-256] done synthesizing module 'axi_crossbar_v2_1_15_decerr_slave' (4#1) [/home/ad2039/G00StereoCamera/SCAM/SCAM.srcs/sources_1/bd/design_1/ipshared/a1b8/hdl/axi_crossbar_v2_1_vl_rfs.v:3500]
INFO: [Synth 8-638] synthesizing module 'axi_crossbar_v2_1_15_addr_arbiter_sasd' [/home/ad2039/G00StereoCamera/SCAM/SCAM.srcs/sources_1/bd/design_1/ipshared/a1b8/hdl/axi_crossbar_v2_1_vl_rfs.v:65]
INFO: [Synth 8-256] done synthesizing module 'axi_crossbar_v2_1_15_addr_arbiter_sasd' (5#1) [/home/ad2039/G00StereoCamera/SCAM/SCAM.srcs/sources_1/bd/design_1/ipshared/a1b8/hdl/axi_crossbar_v2_1_vl_rfs.v:65]
INFO: [Synth 8-638] synthesizing module 'axi_crossbar_v2_1_15_splitter' [/home/ad2039/G00StereoCamera/SCAM/SCAM.srcs/sources_1/bd/design_1/ipshared/a1b8/hdl/axi_crossbar_v2_1_vl_rfs.v:4459]
INFO: [Synth 8-256] done synthesizing module 'axi_crossbar_v2_1_15_splitter' (6#1) [/home/ad2039/G00StereoCamera/SCAM/SCAM.srcs/sources_1/bd/design_1/ipshared/a1b8/hdl/axi_crossbar_v2_1_vl_rfs.v:4459]
INFO: [Synth 8-638] synthesizing module 'axi_crossbar_v2_1_15_splitter__parameterized0' [/home/ad2039/G00StereoCamera/SCAM/SCAM.srcs/sources_1/bd/design_1/ipshared/a1b8/hdl/axi_crossbar_v2_1_vl_rfs.v:4459]
INFO: [Synth 8-256] done synthesizing module 'axi_crossbar_v2_1_15_splitter__parameterized0' (6#1) [/home/ad2039/G00StereoCamera/SCAM/SCAM.srcs/sources_1/bd/design_1/ipshared/a1b8/hdl/axi_crossbar_v2_1_vl_rfs.v:4459]
INFO: [Synth 8-638] synthesizing module 'generic_baseblocks_v2_1_0_mux_enc' [/home/ad2039/G00StereoCamera/SCAM/SCAM.srcs/sources_1/bd/design_1/ipshared/b752/hdl/generic_baseblocks_v2_1_vl_rfs.v:2452]
INFO: [Synth 8-256] done synthesizing module 'generic_baseblocks_v2_1_0_mux_enc' (7#1) [/home/ad2039/G00StereoCamera/SCAM/SCAM.srcs/sources_1/bd/design_1/ipshared/b752/hdl/generic_baseblocks_v2_1_vl_rfs.v:2452]
INFO: [Synth 8-638] synthesizing module 'generic_baseblocks_v2_1_0_mux_enc__parameterized0' [/home/ad2039/G00StereoCamera/SCAM/SCAM.srcs/sources_1/bd/design_1/ipshared/b752/hdl/generic_baseblocks_v2_1_vl_rfs.v:2452]
INFO: [Synth 8-256] done synthesizing module 'generic_baseblocks_v2_1_0_mux_enc__parameterized0' (7#1) [/home/ad2039/G00StereoCamera/SCAM/SCAM.srcs/sources_1/bd/design_1/ipshared/b752/hdl/generic_baseblocks_v2_1_vl_rfs.v:2452]
INFO: [Synth 8-638] synthesizing module 'generic_baseblocks_v2_1_0_mux_enc__parameterized1' [/home/ad2039/G00StereoCamera/SCAM/SCAM.srcs/sources_1/bd/design_1/ipshared/b752/hdl/generic_baseblocks_v2_1_vl_rfs.v:2452]
INFO: [Synth 8-256] done synthesizing module 'generic_baseblocks_v2_1_0_mux_enc__parameterized1' (7#1) [/home/ad2039/G00StereoCamera/SCAM/SCAM.srcs/sources_1/bd/design_1/ipshared/b752/hdl/generic_baseblocks_v2_1_vl_rfs.v:2452]
INFO: [Synth 8-638] synthesizing module 'axi_register_slice_v2_1_14_axic_register_slice' [/home/ad2039/G00StereoCamera/SCAM/SCAM.srcs/sources_1/bd/design_1/ipshared/a259/hdl/axi_register_slice_v2_1_vl_rfs.v:189]
INFO: [Synth 8-256] done synthesizing module 'axi_register_slice_v2_1_14_axic_register_slice' (8#1) [/home/ad2039/G00StereoCamera/SCAM/SCAM.srcs/sources_1/bd/design_1/ipshared/a259/hdl/axi_register_slice_v2_1_vl_rfs.v:189]
INFO: [Synth 8-638] synthesizing module 'generic_baseblocks_v2_1_0_mux_enc__parameterized2' [/home/ad2039/G00StereoCamera/SCAM/SCAM.srcs/sources_1/bd/design_1/ipshared/b752/hdl/generic_baseblocks_v2_1_vl_rfs.v:2452]
INFO: [Synth 8-256] done synthesizing module 'generic_baseblocks_v2_1_0_mux_enc__parameterized2' (8#1) [/home/ad2039/G00StereoCamera/SCAM/SCAM.srcs/sources_1/bd/design_1/ipshared/b752/hdl/generic_baseblocks_v2_1_vl_rfs.v:2452]
INFO: [Synth 8-256] done synthesizing module 'axi_crossbar_v2_1_15_crossbar_sasd' (9#1) [/home/ad2039/G00StereoCamera/SCAM/SCAM.srcs/sources_1/bd/design_1/ipshared/a1b8/hdl/axi_crossbar_v2_1_vl_rfs.v:1240]
INFO: [Synth 8-256] done synthesizing module 'axi_crossbar_v2_1_15_axi_crossbar' (10#1) [/home/ad2039/G00StereoCamera/SCAM/SCAM.srcs/sources_1/bd/design_1/ipshared/a1b8/hdl/axi_crossbar_v2_1_vl_rfs.v:4882]
INFO: [Synth 8-256] done synthesizing module 'design_1_tier2_xbar_0_0' (11#1) [/home/ad2039/G00StereoCamera/SCAM/SCAM.srcs/sources_1/bd/design_1/ip/design_1_tier2_xbar_0_0/synth/design_1_tier2_xbar_0_0.v:59]
Finished RTL Elaboration : Time (s): cpu = 00:00:16 ; elapsed = 00:00:30 . Memory (MB): peak = 1496.746 ; gain = 0.000 ; free physical = 12110 ; free virtual = 43735
Finished RTL Optimization Phase 1 : Time (s): cpu = 00:00:17 ; elapsed = 00:00:30 . Memory (MB): peak = 1496.746 ; gain = 0.000 ; free physical = 12116 ; free virtual = 43742
INFO: [Device 21-403] Loading part xczu9eg-ffvb1156-2-i
Constraint Validation Runtime : Time (s): cpu = 00:00:00.04 ; elapsed = 00:00:00.04 . Memory (MB): peak = 2136.715 ; gain = 0.000 ; free physical = 8148 ; free virtual = 39782
Finished Constraint Validation : Time (s): cpu = 00:00:38 ; elapsed = 00:01:01 . Memory (MB): peak = 2136.715 ; gain = 639.969 ; free physical = 6543 ; free virtual = 38179
Finished Loading Part and Timing Information : Time (s): cpu = 00:00:38 ; elapsed = 00:01:01 . Memory (MB): peak = 2136.715 ; gain = 639.969 ; free physical = 6541 ; free virtual = 38177
Finished applying 'set_property' XDC Constraints : Time (s): cpu = 00:00:38 ; elapsed = 00:01:01 . Memory (MB): peak = 2136.715 ; gain = 639.969 ; free physical = 6528 ; free virtual = 38164
Finished RTL Optimization Phase 2 : Time (s): cpu = 00:00:39 ; elapsed = 00:01:02 . Memory (MB): peak = 2136.715 ; gain = 639.969 ; free physical = 6334 ; free virtual = 37970
Finished Cross Boundary and Area Optimization : Time (s): cpu = 00:00:40 ; elapsed = 00:01:03 . Memory (MB): peak = 2136.715 ; gain = 639.969 ; free physical = 5893 ; free virtual = 37528
Finished Applying XDC Timing Constraints : Time (s): cpu = 00:00:57 ; elapsed = 00:01:40 . Memory (MB): peak = 2752.691 ; gain = 1255.945 ; free physical = 3479 ; free virtual = 35123
Finished Timing Optimization : Time (s): cpu = 00:00:58 ; elapsed = 00:01:41 . Memory (MB): peak = 2788.723 ; gain = 1291.977 ; free physical = 4587 ; free virtual = 36231
Finished Technology Mapping : Time (s): cpu = 00:00:59 ; elapsed = 00:01:41 . Memory (MB): peak = 2796.730 ; gain = 1299.984 ; free physical = 4577 ; free virtual = 36221
Finished IO Insertion : Time (s): cpu = 00:00:59 ; elapsed = 00:01:42 . Memory (MB): peak = 2796.730 ; gain = 1299.984 ; free physical = 4436 ; free virtual = 36080
Finished Renaming Generated Instances : Time (s): cpu = 00:00:59 ; elapsed = 00:01:42 . Memory (MB): peak = 2796.730 ; gain = 1299.984 ; free physical = 4425 ; free virtual = 36069
Finished Rebuilding User Hierarchy : Time (s): cpu = 00:00:59 ; elapsed = 00:01:42 . Memory (MB): peak = 2796.730 ; gain = 1299.984 ; free physical = 4426 ; free virtual = 36069
Finished Renaming Generated Ports : Time (s): cpu = 00:00:59 ; elapsed = 00:01:42 . Memory (MB): peak = 2796.730 ; gain = 1299.984 ; free physical = 4424 ; free virtual = 36068
Finished Handling Custom Attributes : Time (s): cpu = 00:00:59 ; elapsed = 00:01:42 . Memory (MB): peak = 2796.730 ; gain = 1299.984 ; free physical = 4423 ; free virtual = 36067
Finished Renaming Generated Nets : Time (s): cpu = 00:00:59 ; elapsed = 00:01:42 . Memory (MB): peak = 2796.730 ; gain = 1299.984 ; free physical = 4422 ; free virtual = 36066

Report Cell Usage: 
+------+-----+------+
|      |Cell |Count |
+------+-----+------+
|1     |LUT1 |     3|
|2     |LUT2 |    15|
|3     |LUT3 |     8|
|4     |LUT4 |   111|
|5     |LUT5 |    69|
|6     |LUT6 |   125|
|7     |FDRE |   146|
+------+-----+------+
Finished Writing Synthesis Report : Time (s): cpu = 00:00:59 ; elapsed = 00:01:42 . Memory (MB): peak = 2796.730 ; gain = 1299.984 ; free physical = 4422 ; free virtual = 36066
synth_design: Time (s): cpu = 00:01:01 ; elapsed = 00:01:43 . Memory (MB): peak = 2839.746 ; gain = 1364.375 ; free physical = 4570 ; free virtual = 36211
