
*** Running vivado
    with args -log design_1_m00_data_fifo_0.vds -m64 -product Vivado -mode batch -messageDb vivado.pb -notrace -source design_1_m00_data_fifo_0.tcl


****** Vivado v2017.3 (64-bit)
  **** SW Build 2018833 on Wed Oct  4 19:58:07 MDT 2017
  **** IP Build 2016188 on Wed Oct  4 21:52:56 MDT 2017
    ** Copyright 1986-2017 Xilinx, Inc. All Rights Reserved.

source design_1_m00_data_fifo_0.tcl -notrace
Starting RTL Elaboration : Time (s): cpu = 00:00:10 ; elapsed = 00:00:16 . Memory (MB): peak = 1497.742 ; gain = 0.000 ; free physical = 14248 ; free virtual = 45086
INFO: [Synth 8-638] synthesizing module 'design_1_m00_data_fifo_0' [/home/ad2039/G00StereoCamera/SCAM/SCAM.srcs/sources_1/bd/design_1/ip/design_1_m00_data_fifo_0/synth/design_1_m00_data_fifo_0.v:58]
INFO: [Synth 8-638] synthesizing module 'axi_data_fifo_v2_1_13_axi_data_fifo' [/home/ad2039/G00StereoCamera/SCAM/SCAM.srcs/sources_1/bd/design_1/ipshared/74ae/hdl/axi_data_fifo_v2_1_vl_rfs.v:1283]
INFO: [Synth 8-638] synthesizing module 'xpm_cdc_async_rst' [/tools/Xilinx1/Vivado/2017.3/data/ip/xpm/xpm_cdc/hdl/xpm_cdc.sv:1177]
INFO: [Synth 8-256] done synthesizing module 'xpm_cdc_async_rst' (1#1) [/tools/Xilinx1/Vivado/2017.3/data/ip/xpm/xpm_cdc/hdl/xpm_cdc.sv:1177]
INFO: [Synth 8-638] synthesizing module 'xpm_cdc_sync_rst' [/tools/Xilinx1/Vivado/2017.3/data/ip/xpm/xpm_cdc/hdl/xpm_cdc.sv:1045]
INFO: [Synth 8-256] done synthesizing module 'xpm_cdc_sync_rst' (20#1) [/tools/Xilinx1/Vivado/2017.3/data/ip/xpm/xpm_cdc/hdl/xpm_cdc.sv:1045]
INFO: [Synth 8-256] done synthesizing module 'axi_data_fifo_v2_1_13_axi_data_fifo' (31#1) [/home/ad2039/G00StereoCamera/SCAM/SCAM.srcs/sources_1/bd/design_1/ipshared/74ae/hdl/axi_data_fifo_v2_1_vl_rfs.v:1283]
INFO: [Synth 8-256] done synthesizing module 'design_1_m00_data_fifo_0' (32#1) [/home/ad2039/G00StereoCamera/SCAM/SCAM.srcs/sources_1/bd/design_1/ip/design_1_m00_data_fifo_0/synth/design_1_m00_data_fifo_0.v:58]
Finished RTL Elaboration : Time (s): cpu = 00:02:18 ; elapsed = 00:02:36 . Memory (MB): peak = 1536.109 ; gain = 38.367 ; free physical = 11348 ; free virtual = 42744
Finished RTL Optimization Phase 1 : Time (s): cpu = 00:02:18 ; elapsed = 00:02:36 . Memory (MB): peak = 1536.109 ; gain = 38.367 ; free physical = 11308 ; free virtual = 42703
INFO: [Device 21-403] Loading part xczu9eg-ffvb1156-2-i
Constraint Validation Runtime : Time (s): cpu = 00:00:00.03 ; elapsed = 00:00:00.04 . Memory (MB): peak = 2150.969 ; gain = 0.000 ; free physical = 9349 ; free virtual = 40918
Finished Constraint Validation : Time (s): cpu = 00:02:42 ; elapsed = 00:03:12 . Memory (MB): peak = 2150.969 ; gain = 653.227 ; free physical = 8098 ; free virtual = 39680
Finished Loading Part and Timing Information : Time (s): cpu = 00:02:42 ; elapsed = 00:03:12 . Memory (MB): peak = 2150.969 ; gain = 653.227 ; free physical = 8099 ; free virtual = 39680
Finished applying 'set_property' XDC Constraints : Time (s): cpu = 00:02:42 ; elapsed = 00:03:12 . Memory (MB): peak = 2150.969 ; gain = 653.227 ; free physical = 8101 ; free virtual = 39682
Finished RTL Optimization Phase 2 : Time (s): cpu = 00:02:43 ; elapsed = 00:03:14 . Memory (MB): peak = 2150.969 ; gain = 653.227 ; free physical = 7465 ; free virtual = 39047
Finished Cross Boundary and Area Optimization : Time (s): cpu = 00:02:45 ; elapsed = 00:03:16 . Memory (MB): peak = 2150.969 ; gain = 653.227 ; free physical = 7080 ; free virtual = 38667
---------------------------------------------------------------------------------
Start ROM, RAM, DSP and Shift Register Reporting
---------------------------------------------------------------------------------

Distributed RAM: Preliminary Mapping  Report (see note below)
+------------------------------+-----------------------------------------------------------------------------------------------------------+----------------+----------------------+----------------+
|Module Name                   | RTL Object                                                                                                | Inference      | Size (Depth x Width) | Primitives     | 
+------------------------------+-----------------------------------------------------------------------------------------------------------+----------------+----------------------+----------------+
|inst/\gen_fifo.fifo_gen_inst  | inst_fifo_gen/gaxi_full_lite.gwrite_ch.gwach2.axi_wach/grf.rf/gntv_or_sync_fifo.mem/gdm.dm_gen.dm/RAM_reg | User Attribute | 32 x 80              | RAM32M16 x 6   | 
|inst/\gen_fifo.fifo_gen_inst  | inst_fifo_gen/gaxi_full_lite.gread_ch.grach2.axi_rach/grf.rf/gntv_or_sync_fifo.mem/gdm.dm_gen.dm/RAM_reg  | User Attribute | 32 x 80              | RAM32M16 x 6   | 
+------------------------------+-----------------------------------------------------------------------------------------------------------+----------------+----------------------+----------------+

Note: The table above is a preliminary report that shows the Distributed RAMs at the current stage of the synthesis flow. Some Distributed RAMs may be reimplemented as non Distributed RAM primitives later in the synthesis flow. Multiple instantiated RAMs are reported only once.
---------------------------------------------------------------------------------
Finished ROM, RAM, DSP and Shift Register Reporting
---------------------------------------------------------------------------------
Finished Applying XDC Timing Constraints : Time (s): cpu = 00:03:02 ; elapsed = 00:03:55 . Memory (MB): peak = 2756.945 ; gain = 1259.203 ; free physical = 10365 ; free virtual = 42019
Finished Timing Optimization : Time (s): cpu = 00:03:03 ; elapsed = 00:03:56 . Memory (MB): peak = 2784.977 ; gain = 1287.234 ; free physical = 10145 ; free virtual = 41799
Finished Technology Mapping : Time (s): cpu = 00:03:04 ; elapsed = 00:03:56 . Memory (MB): peak = 2792.984 ; gain = 1295.242 ; free physical = 10408 ; free virtual = 42062
Finished IO Insertion : Time (s): cpu = 00:03:05 ; elapsed = 00:03:57 . Memory (MB): peak = 2792.984 ; gain = 1295.242 ; free physical = 10432 ; free virtual = 42088
Finished Renaming Generated Instances : Time (s): cpu = 00:03:05 ; elapsed = 00:03:57 . Memory (MB): peak = 2792.984 ; gain = 1295.242 ; free physical = 10430 ; free virtual = 42086
Finished Rebuilding User Hierarchy : Time (s): cpu = 00:03:05 ; elapsed = 00:03:57 . Memory (MB): peak = 2792.984 ; gain = 1295.242 ; free physical = 10378 ; free virtual = 42036
Finished Renaming Generated Ports : Time (s): cpu = 00:03:05 ; elapsed = 00:03:57 . Memory (MB): peak = 2792.984 ; gain = 1295.242 ; free physical = 10368 ; free virtual = 42026
Finished Handling Custom Attributes : Time (s): cpu = 00:03:05 ; elapsed = 00:03:57 . Memory (MB): peak = 2792.984 ; gain = 1295.242 ; free physical = 10331 ; free virtual = 41987
Finished Renaming Generated Nets : Time (s): cpu = 00:03:05 ; elapsed = 00:03:57 . Memory (MB): peak = 2792.984 ; gain = 1295.242 ; free physical = 10325 ; free virtual = 41982

Report Cell Usage: 
+------+---------+------+
|      |Cell     |Count |
+------+---------+------+
|1     |CARRY8   |     7|
|2     |LUT1     |    29|
|3     |LUT2     |    45|
|4     |LUT3     |    37|
|5     |LUT4     |    82|
|6     |LUT5     |    42|
|7     |LUT6     |    36|
|8     |MUXCY    |    40|
|9     |RAM32M16 |    12|
|10    |RAMB18E2 |     1|
|11    |RAMB36E2 |     4|
|12    |SRL16E   |     1|
|13    |FDCE     |    51|
|14    |FDPE     |    48|
|15    |FDRE     |   914|
|16    |FDSE     |     6|
+------+---------+------+
Finished Writing Synthesis Report : Time (s): cpu = 00:03:05 ; elapsed = 00:03:57 . Memory (MB): peak = 2792.984 ; gain = 1295.242 ; free physical = 10333 ; free virtual = 41989
synth_design: Time (s): cpu = 00:03:08 ; elapsed = 00:04:01 . Memory (MB): peak = 3032.695 ; gain = 1556.328 ; free physical = 12519 ; free virtual = 44177
