
*** Running vivado
    with args -log design_1_vpss_scaler_rst_gpio_0.vds -m64 -product Vivado -mode batch -messageDb vivado.pb -notrace -source design_1_vpss_scaler_rst_gpio_0.tcl


****** Vivado v2017.3 (64-bit)
  **** SW Build 2018833 on Wed Oct  4 19:58:07 MDT 2017
  **** IP Build 2016188 on Wed Oct  4 21:52:56 MDT 2017
    ** Copyright 1986-2017 Xilinx, Inc. All Rights Reserved.

source design_1_vpss_scaler_rst_gpio_0.tcl -notrace
Starting RTL Elaboration : Time (s): cpu = 00:00:08 ; elapsed = 00:00:09 . Memory (MB): peak = 1496.742 ; gain = 0.000 ; free physical = 10539 ; free virtual = 41381
INFO: [Synth 8-638] synthesizing module 'design_1_vpss_scaler_rst_gpio_0' [/home/ad2039/G00StereoCamera/SCAM/SCAM.srcs/sources_1/bd/design_1/ip/design_1_vpss_scaler_rst_gpio_0/synth/design_1_vpss_scaler_rst_gpio_0.v:57]
INFO: [Synth 8-638] synthesizing module 'xlslice_v1_0_1_xlslice' [/home/ad2039/G00StereoCamera/SCAM/SCAM.srcs/sources_1/bd/design_1/ipshared/f3db/hdl/xlslice_v1_0_vl_rfs.v:13]
INFO: [Synth 8-256] done synthesizing module 'xlslice_v1_0_1_xlslice' (1#1) [/home/ad2039/G00StereoCamera/SCAM/SCAM.srcs/sources_1/bd/design_1/ipshared/f3db/hdl/xlslice_v1_0_vl_rfs.v:13]
INFO: [Synth 8-256] done synthesizing module 'design_1_vpss_scaler_rst_gpio_0' (2#1) [/home/ad2039/G00StereoCamera/SCAM/SCAM.srcs/sources_1/bd/design_1/ip/design_1_vpss_scaler_rst_gpio_0/synth/design_1_vpss_scaler_rst_gpio_0.v:57]
Finished RTL Elaboration : Time (s): cpu = 00:00:09 ; elapsed = 00:00:10 . Memory (MB): peak = 1496.742 ; gain = 0.000 ; free physical = 10375 ; free virtual = 41218
Finished RTL Optimization Phase 1 : Time (s): cpu = 00:00:09 ; elapsed = 00:00:10 . Memory (MB): peak = 1496.742 ; gain = 0.000 ; free physical = 10348 ; free virtual = 41192
INFO: [Device 21-403] Loading part xczu9eg-ffvb1156-2-i
Constraint Validation Runtime : Time (s): cpu = 00:00:00.01 ; elapsed = 00:00:00.01 . Memory (MB): peak = 2024.641 ; gain = 0.000 ; free physical = 12045 ; free virtual = 42905
Finished Constraint Validation : Time (s): cpu = 00:00:31 ; elapsed = 00:00:41 . Memory (MB): peak = 2024.641 ; gain = 527.898 ; free physical = 13624 ; free virtual = 44493
Finished Loading Part and Timing Information : Time (s): cpu = 00:00:31 ; elapsed = 00:00:41 . Memory (MB): peak = 2024.641 ; gain = 527.898 ; free physical = 13622 ; free virtual = 44491
Finished applying 'set_property' XDC Constraints : Time (s): cpu = 00:00:31 ; elapsed = 00:00:41 . Memory (MB): peak = 2024.641 ; gain = 527.898 ; free physical = 13621 ; free virtual = 44490
Finished RTL Optimization Phase 2 : Time (s): cpu = 00:00:31 ; elapsed = 00:00:41 . Memory (MB): peak = 2024.641 ; gain = 527.898 ; free physical = 13620 ; free virtual = 44489
Finished Cross Boundary and Area Optimization : Time (s): cpu = 00:00:31 ; elapsed = 00:00:41 . Memory (MB): peak = 2024.641 ; gain = 527.898 ; free physical = 13524 ; free virtual = 44393
Finished Applying XDC Timing Constraints : Time (s): cpu = 00:00:48 ; elapsed = 00:01:17 . Memory (MB): peak = 2709.547 ; gain = 1212.805 ; free physical = 13927 ; free virtual = 44895
Finished Timing Optimization : Time (s): cpu = 00:00:48 ; elapsed = 00:01:17 . Memory (MB): peak = 2709.547 ; gain = 1212.805 ; free physical = 13939 ; free virtual = 44906
Finished Technology Mapping : Time (s): cpu = 00:00:48 ; elapsed = 00:01:17 . Memory (MB): peak = 2718.562 ; gain = 1221.820 ; free physical = 14000 ; free virtual = 44968
Finished IO Insertion : Time (s): cpu = 00:00:49 ; elapsed = 00:01:17 . Memory (MB): peak = 2718.562 ; gain = 1221.820 ; free physical = 15119 ; free virtual = 46090
Finished Renaming Generated Instances : Time (s): cpu = 00:00:49 ; elapsed = 00:01:17 . Memory (MB): peak = 2718.562 ; gain = 1221.820 ; free physical = 15119 ; free virtual = 46090
Finished Rebuilding User Hierarchy : Time (s): cpu = 00:00:49 ; elapsed = 00:01:17 . Memory (MB): peak = 2718.562 ; gain = 1221.820 ; free physical = 15119 ; free virtual = 46090
Finished Renaming Generated Ports : Time (s): cpu = 00:00:49 ; elapsed = 00:01:17 . Memory (MB): peak = 2718.562 ; gain = 1221.820 ; free physical = 15119 ; free virtual = 46090
Finished Handling Custom Attributes : Time (s): cpu = 00:00:49 ; elapsed = 00:01:17 . Memory (MB): peak = 2718.562 ; gain = 1221.820 ; free physical = 15118 ; free virtual = 46089
Finished Renaming Generated Nets : Time (s): cpu = 00:00:49 ; elapsed = 00:01:17 . Memory (MB): peak = 2718.562 ; gain = 1221.820 ; free physical = 15114 ; free virtual = 46086

Report Cell Usage: 
+-+-----+------+
| |Cell |Count |
+-+-----+------+
+-+-----+------+
Finished Writing Synthesis Report : Time (s): cpu = 00:00:49 ; elapsed = 00:01:17 . Memory (MB): peak = 2718.562 ; gain = 1221.820 ; free physical = 15108 ; free virtual = 46080
synth_design: Time (s): cpu = 00:00:50 ; elapsed = 00:01:18 . Memory (MB): peak = 2751.195 ; gain = 1275.828 ; free physical = 14853 ; free virtual = 45828
