
*** Running vivado
    with args -log design_1_mipi_csi2_rx_subsystem_0_1.vds -m64 -product Vivado -mode batch -messageDb vivado.pb -notrace -source design_1_mipi_csi2_rx_subsystem_0_1.tcl


****** Vivado v2017.3 (64-bit)
  **** SW Build 2018833 on Wed Oct  4 19:58:07 MDT 2017
  **** IP Build 2016188 on Wed Oct  4 21:52:56 MDT 2017
    ** Copyright 1986-2017 Xilinx, Inc. All Rights Reserved.

source design_1_mipi_csi2_rx_subsystem_0_1.tcl -notrace
Starting RTL Elaboration : Time (s): cpu = 00:00:05 ; elapsed = 00:00:05 . Memory (MB): peak = 1505.750 ; gain = 0.000 ; free physical = 14094 ; free virtual = 45876
INFO: [Synth 8-638] synthesizing module 'design_1_mipi_csi2_rx_subsystem_0_1' [/home/ad2039/G00StereoCamera/SCAM/SCAM.srcs/sources_1/bd/design_1/ip/design_1_mipi_csi2_rx_subsystem_0_1/synth/design_1_mipi_csi2_rx_subsystem_0_1.v:60]
INFO: [Synth 8-638] synthesizing module 'bd_7fd4' [/home/ad2039/G00StereoCamera/SCAM/SCAM.srcs/sources_1/bd/design_1/ip/design_1_mipi_csi2_rx_subsystem_0_1/bd_0/synth/bd_7fd4.v:10]
INFO: [Synth 8-638] synthesizing module 'bd_7fd4_phy_0' [/home/ad2039/G00StereoCamera/SCAM/SCAM.runs/design_1_mipi_csi2_rx_subsystem_0_1_synth_1/.Xil/Vivado-31069-ad2039/realtime/bd_7fd4_phy_0_stub.v:5]
INFO: [Synth 8-256] done synthesizing module 'bd_7fd4_phy_0' (1#1) [/home/ad2039/G00StereoCamera/SCAM/SCAM.runs/design_1_mipi_csi2_rx_subsystem_0_1_synth_1/.Xil/Vivado-31069-ad2039/realtime/bd_7fd4_phy_0_stub.v:5]
INFO: [Synth 8-638] synthesizing module 'bd_7fd4_r_sync_0' [/home/ad2039/G00StereoCamera/SCAM/SCAM.runs/design_1_mipi_csi2_rx_subsystem_0_1_synth_1/.Xil/Vivado-31069-ad2039/realtime/bd_7fd4_r_sync_0_stub.v:6]
INFO: [Synth 8-256] done synthesizing module 'bd_7fd4_r_sync_0' (2#1) [/home/ad2039/G00StereoCamera/SCAM/SCAM.runs/design_1_mipi_csi2_rx_subsystem_0_1_synth_1/.Xil/Vivado-31069-ad2039/realtime/bd_7fd4_r_sync_0_stub.v:6]
INFO: [Synth 8-638] synthesizing module 'bd_7fd4_rx_0' [/home/ad2039/G00StereoCamera/SCAM/SCAM.runs/design_1_mipi_csi2_rx_subsystem_0_1_synth_1/.Xil/Vivado-31069-ad2039/realtime/bd_7fd4_rx_0_stub.v:6]
INFO: [Synth 8-256] done synthesizing module 'bd_7fd4_rx_0' (3#1) [/home/ad2039/G00StereoCamera/SCAM/SCAM.runs/design_1_mipi_csi2_rx_subsystem_0_1_synth_1/.Xil/Vivado-31069-ad2039/realtime/bd_7fd4_rx_0_stub.v:6]
INFO: [Synth 8-638] synthesizing module 'bd_7fd4_vfb_0_0' [/home/ad2039/G00StereoCamera/SCAM/SCAM.runs/design_1_mipi_csi2_rx_subsystem_0_1_synth_1/.Xil/Vivado-31069-ad2039/realtime/bd_7fd4_vfb_0_0_stub.v:5]
INFO: [Synth 8-256] done synthesizing module 'bd_7fd4_vfb_0_0' (4#1) [/home/ad2039/G00StereoCamera/SCAM/SCAM.runs/design_1_mipi_csi2_rx_subsystem_0_1_synth_1/.Xil/Vivado-31069-ad2039/realtime/bd_7fd4_vfb_0_0_stub.v:5]
INFO: [Synth 8-256] done synthesizing module 'bd_7fd4' (5#1) [/home/ad2039/G00StereoCamera/SCAM/SCAM.srcs/sources_1/bd/design_1/ip/design_1_mipi_csi2_rx_subsystem_0_1/bd_0/synth/bd_7fd4.v:10]
INFO: [Synth 8-256] done synthesizing module 'design_1_mipi_csi2_rx_subsystem_0_1' (6#1) [/home/ad2039/G00StereoCamera/SCAM/SCAM.srcs/sources_1/bd/design_1/ip/design_1_mipi_csi2_rx_subsystem_0_1/synth/design_1_mipi_csi2_rx_subsystem_0_1.v:60]
Finished RTL Elaboration : Time (s): cpu = 00:00:05 ; elapsed = 00:00:06 . Memory (MB): peak = 1505.750 ; gain = 0.000 ; free physical = 15726 ; free virtual = 47508
Finished RTL Optimization Phase 1 : Time (s): cpu = 00:00:06 ; elapsed = 00:00:06 . Memory (MB): peak = 1505.750 ; gain = 0.000 ; free physical = 15695 ; free virtual = 47480
INFO: [Device 21-403] Loading part xczu9eg-ffvb1156-2-i
Constraint Validation Runtime : Time (s): cpu = 00:00:00.01 ; elapsed = 00:00:00.01 . Memory (MB): peak = 2080.719 ; gain = 1.000 ; free physical = 19722 ; free virtual = 51525
Finished Constraint Validation : Time (s): cpu = 00:00:19 ; elapsed = 00:00:26 . Memory (MB): peak = 2080.719 ; gain = 574.969 ; free physical = 19207 ; free virtual = 51038
Finished Loading Part and Timing Information : Time (s): cpu = 00:00:19 ; elapsed = 00:00:26 . Memory (MB): peak = 2080.719 ; gain = 574.969 ; free physical = 19208 ; free virtual = 51039
Finished applying 'set_property' XDC Constraints : Time (s): cpu = 00:00:19 ; elapsed = 00:00:26 . Memory (MB): peak = 2080.719 ; gain = 574.969 ; free physical = 19207 ; free virtual = 51038
Finished RTL Optimization Phase 2 : Time (s): cpu = 00:00:20 ; elapsed = 00:00:26 . Memory (MB): peak = 2080.719 ; gain = 574.969 ; free physical = 19205 ; free virtual = 51036
Finished Cross Boundary and Area Optimization : Time (s): cpu = 00:00:20 ; elapsed = 00:00:26 . Memory (MB): peak = 2080.719 ; gain = 574.969 ; free physical = 19173 ; free virtual = 51004
Finished Applying XDC Timing Constraints : Time (s): cpu = 00:00:32 ; elapsed = 00:00:49 . Memory (MB): peak = 2756.625 ; gain = 1250.875 ; free physical = 18199 ; free virtual = 50126
Finished Timing Optimization : Time (s): cpu = 00:00:32 ; elapsed = 00:00:49 . Memory (MB): peak = 2756.625 ; gain = 1250.875 ; free physical = 18199 ; free virtual = 50125
Finished Technology Mapping : Time (s): cpu = 00:00:32 ; elapsed = 00:00:49 . Memory (MB): peak = 2766.641 ; gain = 1260.891 ; free physical = 18195 ; free virtual = 50121
Finished IO Insertion : Time (s): cpu = 00:00:32 ; elapsed = 00:00:50 . Memory (MB): peak = 2766.641 ; gain = 1260.891 ; free physical = 18170 ; free virtual = 50096
Finished Renaming Generated Instances : Time (s): cpu = 00:00:32 ; elapsed = 00:00:50 . Memory (MB): peak = 2766.641 ; gain = 1260.891 ; free physical = 18170 ; free virtual = 50096
Finished Rebuilding User Hierarchy : Time (s): cpu = 00:00:32 ; elapsed = 00:00:50 . Memory (MB): peak = 2766.641 ; gain = 1260.891 ; free physical = 18169 ; free virtual = 50095
Finished Renaming Generated Ports : Time (s): cpu = 00:00:32 ; elapsed = 00:00:50 . Memory (MB): peak = 2766.641 ; gain = 1260.891 ; free physical = 18169 ; free virtual = 50095
Finished Handling Custom Attributes : Time (s): cpu = 00:00:32 ; elapsed = 00:00:50 . Memory (MB): peak = 2766.641 ; gain = 1260.891 ; free physical = 18169 ; free virtual = 50095
Finished Renaming Generated Nets : Time (s): cpu = 00:00:32 ; elapsed = 00:00:50 . Memory (MB): peak = 2766.641 ; gain = 1260.891 ; free physical = 18169 ; free virtual = 50095

Report Cell Usage: 
+------+-----------------+------+
|      |Cell             |Count |
+------+-----------------+------+
|1     |bd_7fd4_phy_0    |     1|
|2     |bd_7fd4_r_sync_0 |     1|
|3     |bd_7fd4_rx_0     |     1|
|4     |bd_7fd4_vfb_0_0  |     1|
+------+-----------------+------+
Finished Writing Synthesis Report : Time (s): cpu = 00:00:32 ; elapsed = 00:00:50 . Memory (MB): peak = 2766.641 ; gain = 1260.891 ; free physical = 18169 ; free virtual = 50095
synth_design: Time (s): cpu = 00:00:33 ; elapsed = 00:00:50 . Memory (MB): peak = 2806.656 ; gain = 1300.906 ; free physical = 17924 ; free virtual = 49853
