
*** Running vivado
    with args -log design_1_v_proc_ss_scaler_0.vds -m64 -product Vivado -mode batch -messageDb vivado.pb -notrace -source design_1_v_proc_ss_scaler_0.tcl


****** Vivado v2017.3 (64-bit)
  **** SW Build 2018833 on Wed Oct  4 19:58:07 MDT 2017
  **** IP Build 2016188 on Wed Oct  4 21:52:56 MDT 2017
    ** Copyright 1986-2017 Xilinx, Inc. All Rights Reserved.

source design_1_v_proc_ss_scaler_0.tcl -notrace
Starting RTL Elaboration : Time (s): cpu = 00:00:05 ; elapsed = 00:00:05 . Memory (MB): peak = 1505.750 ; gain = 0.000 ; free physical = 19539 ; free virtual = 51461
INFO: [Synth 8-638] synthesizing module 'design_1_v_proc_ss_scaler_0' [/home/ad2039/G00StereoCamera/SCAM/SCAM.srcs/sources_1/bd/design_1/ip/design_1_v_proc_ss_scaler_0/synth/design_1_v_proc_ss_scaler_0.v:58]
INFO: [Synth 8-638] synthesizing module 'bd_c7bd' [/home/ad2039/G00StereoCamera/SCAM/SCAM.srcs/sources_1/bd/design_1/ip/design_1_v_proc_ss_scaler_0/bd_0/synth/bd_c7bd.v:10]
INFO: [Synth 8-638] synthesizing module 'bd_c7bd_axi_interconnect_0_0' [/home/ad2039/G00StereoCamera/SCAM/SCAM.srcs/sources_1/bd/design_1/ip/design_1_v_proc_ss_scaler_0/bd_0/synth/bd_c7bd.v:524]
INFO: [Synth 8-638] synthesizing module 'm00_couplers_imp_UVKZO9' [/home/ad2039/G00StereoCamera/SCAM/SCAM.srcs/sources_1/bd/design_1/ip/design_1_v_proc_ss_scaler_0/bd_0/synth/bd_c7bd.v:1132]
INFO: [Synth 8-638] synthesizing module 'bd_c7bd_auto_cc_0' [/home/ad2039/G00StereoCamera/SCAM/SCAM.runs/design_1_v_proc_ss_scaler_0_synth_1/.Xil/Vivado-32015-ad2039/realtime/bd_c7bd_auto_cc_0_stub.v:6]
INFO: [Synth 8-256] done synthesizing module 'bd_c7bd_auto_cc_0' (1#1) [/home/ad2039/G00StereoCamera/SCAM/SCAM.runs/design_1_v_proc_ss_scaler_0_synth_1/.Xil/Vivado-32015-ad2039/realtime/bd_c7bd_auto_cc_0_stub.v:6]
INFO: [Synth 8-256] done synthesizing module 'm00_couplers_imp_UVKZO9' (2#1) [/home/ad2039/G00StereoCamera/SCAM/SCAM.srcs/sources_1/bd/design_1/ip/design_1_v_proc_ss_scaler_0/bd_0/synth/bd_c7bd.v:1132]
INFO: [Synth 8-638] synthesizing module 'm01_couplers_imp_1SMONOA' [/home/ad2039/G00StereoCamera/SCAM/SCAM.srcs/sources_1/bd/design_1/ip/design_1_v_proc_ss_scaler_0/bd_0/synth/bd_c7bd.v:1338]
INFO: [Synth 8-638] synthesizing module 'bd_c7bd_auto_cc_1' [/home/ad2039/G00StereoCamera/SCAM/SCAM.runs/design_1_v_proc_ss_scaler_0_synth_1/.Xil/Vivado-32015-ad2039/realtime/bd_c7bd_auto_cc_1_stub.v:6]
INFO: [Synth 8-256] done synthesizing module 'bd_c7bd_auto_cc_1' (3#1) [/home/ad2039/G00StereoCamera/SCAM/SCAM.runs/design_1_v_proc_ss_scaler_0_synth_1/.Xil/Vivado-32015-ad2039/realtime/bd_c7bd_auto_cc_1_stub.v:6]
INFO: [Synth 8-256] done synthesizing module 'm01_couplers_imp_1SMONOA' (4#1) [/home/ad2039/G00StereoCamera/SCAM/SCAM.srcs/sources_1/bd/design_1/ip/design_1_v_proc_ss_scaler_0/bd_0/synth/bd_c7bd.v:1338]
INFO: [Synth 8-638] synthesizing module 'm02_couplers_imp_1G0FBKU' [/home/ad2039/G00StereoCamera/SCAM/SCAM.srcs/sources_1/bd/design_1/ip/design_1_v_proc_ss_scaler_0/bd_0/synth/bd_c7bd.v:1544]
INFO: [Synth 8-638] synthesizing module 'bd_c7bd_auto_cc_2' [/home/ad2039/G00StereoCamera/SCAM/SCAM.runs/design_1_v_proc_ss_scaler_0_synth_1/.Xil/Vivado-32015-ad2039/realtime/bd_c7bd_auto_cc_2_stub.v:6]
INFO: [Synth 8-256] done synthesizing module 'bd_c7bd_auto_cc_2' (5#1) [/home/ad2039/G00StereoCamera/SCAM/SCAM.runs/design_1_v_proc_ss_scaler_0_synth_1/.Xil/Vivado-32015-ad2039/realtime/bd_c7bd_auto_cc_2_stub.v:6]
INFO: [Synth 8-256] done synthesizing module 'm02_couplers_imp_1G0FBKU' (6#1) [/home/ad2039/G00StereoCamera/SCAM/SCAM.srcs/sources_1/bd/design_1/ip/design_1_v_proc_ss_scaler_0/bd_0/synth/bd_c7bd.v:1544]
INFO: [Synth 8-638] synthesizing module 's00_couplers_imp_1SI1ON9' [/home/ad2039/G00StereoCamera/SCAM/SCAM.srcs/sources_1/bd/design_1/ip/design_1_v_proc_ss_scaler_0/bd_0/synth/bd_c7bd.v:1750]
INFO: [Synth 8-256] done synthesizing module 's00_couplers_imp_1SI1ON9' (7#1) [/home/ad2039/G00StereoCamera/SCAM/SCAM.srcs/sources_1/bd/design_1/ip/design_1_v_proc_ss_scaler_0/bd_0/synth/bd_c7bd.v:1750]
INFO: [Synth 8-638] synthesizing module 'bd_c7bd_xbar_0' [/home/ad2039/G00StereoCamera/SCAM/SCAM.runs/design_1_v_proc_ss_scaler_0_synth_1/.Xil/Vivado-32015-ad2039/realtime/bd_c7bd_xbar_0_stub.v:6]
INFO: [Synth 8-256] done synthesizing module 'bd_c7bd_xbar_0' (8#1) [/home/ad2039/G00StereoCamera/SCAM/SCAM.runs/design_1_v_proc_ss_scaler_0_synth_1/.Xil/Vivado-32015-ad2039/realtime/bd_c7bd_xbar_0_stub.v:6]
INFO: [Synth 8-256] done synthesizing module 'bd_c7bd_axi_interconnect_0_0' (9#1) [/home/ad2039/G00StereoCamera/SCAM/SCAM.srcs/sources_1/bd/design_1/ip/design_1_v_proc_ss_scaler_0/bd_0/synth/bd_c7bd.v:524]
INFO: [Synth 8-638] synthesizing module 'bd_c7bd_axis_fifo_0' [/home/ad2039/G00StereoCamera/SCAM/SCAM.runs/design_1_v_proc_ss_scaler_0_synth_1/.Xil/Vivado-32015-ad2039/realtime/bd_c7bd_axis_fifo_0_stub.v:6]
INFO: [Synth 8-256] done synthesizing module 'bd_c7bd_axis_fifo_0' (10#1) [/home/ad2039/G00StereoCamera/SCAM/SCAM.runs/design_1_v_proc_ss_scaler_0_synth_1/.Xil/Vivado-32015-ad2039/realtime/bd_c7bd_axis_fifo_0_stub.v:6]
INFO: [Synth 8-638] synthesizing module 'bd_c7bd_axis_register_slice_0_0' [/home/ad2039/G00StereoCamera/SCAM/SCAM.runs/design_1_v_proc_ss_scaler_0_synth_1/.Xil/Vivado-32015-ad2039/realtime/bd_c7bd_axis_register_slice_0_0_stub.v:6]
INFO: [Synth 8-256] done synthesizing module 'bd_c7bd_axis_register_slice_0_0' (11#1) [/home/ad2039/G00StereoCamera/SCAM/SCAM.runs/design_1_v_proc_ss_scaler_0_synth_1/.Xil/Vivado-32015-ad2039/realtime/bd_c7bd_axis_register_slice_0_0_stub.v:6]
INFO: [Synth 8-638] synthesizing module 'bd_c7bd_hsc_0' [/home/ad2039/G00StereoCamera/SCAM/SCAM.runs/design_1_v_proc_ss_scaler_0_synth_1/.Xil/Vivado-32015-ad2039/realtime/bd_c7bd_hsc_0_stub.v:6]
INFO: [Synth 8-256] done synthesizing module 'bd_c7bd_hsc_0' (12#1) [/home/ad2039/G00StereoCamera/SCAM/SCAM.runs/design_1_v_proc_ss_scaler_0_synth_1/.Xil/Vivado-32015-ad2039/realtime/bd_c7bd_hsc_0_stub.v:6]
INFO: [Synth 8-638] synthesizing module 'bd_c7bd_input_size_set_0' [/home/ad2039/G00StereoCamera/SCAM/SCAM.runs/design_1_v_proc_ss_scaler_0_synth_1/.Xil/Vivado-32015-ad2039/realtime/bd_c7bd_input_size_set_0_stub.v:6]
INFO: [Synth 8-256] done synthesizing module 'bd_c7bd_input_size_set_0' (13#1) [/home/ad2039/G00StereoCamera/SCAM/SCAM.runs/design_1_v_proc_ss_scaler_0_synth_1/.Xil/Vivado-32015-ad2039/realtime/bd_c7bd_input_size_set_0_stub.v:6]
INFO: [Synth 8-638] synthesizing module 'bd_c7bd_reset_sel_axis_0' [/home/ad2039/G00StereoCamera/SCAM/SCAM.runs/design_1_v_proc_ss_scaler_0_synth_1/.Xil/Vivado-32015-ad2039/realtime/bd_c7bd_reset_sel_axis_0_stub.v:6]
INFO: [Synth 8-256] done synthesizing module 'bd_c7bd_reset_sel_axis_0' (14#1) [/home/ad2039/G00StereoCamera/SCAM/SCAM.runs/design_1_v_proc_ss_scaler_0_synth_1/.Xil/Vivado-32015-ad2039/realtime/bd_c7bd_reset_sel_axis_0_stub.v:6]
INFO: [Synth 8-638] synthesizing module 'bd_c7bd_rst_axis_0' [/home/ad2039/G00StereoCamera/SCAM/SCAM.runs/design_1_v_proc_ss_scaler_0_synth_1/.Xil/Vivado-32015-ad2039/realtime/bd_c7bd_rst_axis_0_stub.v:6]
INFO: [Synth 8-256] done synthesizing module 'bd_c7bd_rst_axis_0' (15#1) [/home/ad2039/G00StereoCamera/SCAM/SCAM.runs/design_1_v_proc_ss_scaler_0_synth_1/.Xil/Vivado-32015-ad2039/realtime/bd_c7bd_rst_axis_0_stub.v:6]
INFO: [Synth 8-638] synthesizing module 'bd_c7bd_vsc_0' [/home/ad2039/G00StereoCamera/SCAM/SCAM.runs/design_1_v_proc_ss_scaler_0_synth_1/.Xil/Vivado-32015-ad2039/realtime/bd_c7bd_vsc_0_stub.v:6]
INFO: [Synth 8-256] done synthesizing module 'bd_c7bd_vsc_0' (16#1) [/home/ad2039/G00StereoCamera/SCAM/SCAM.runs/design_1_v_proc_ss_scaler_0_synth_1/.Xil/Vivado-32015-ad2039/realtime/bd_c7bd_vsc_0_stub.v:6]
INFO: [Synth 8-638] synthesizing module 'bd_c7bd_xlslice_0_0' [/home/ad2039/G00StereoCamera/SCAM/SCAM.runs/design_1_v_proc_ss_scaler_0_synth_1/.Xil/Vivado-32015-ad2039/realtime/bd_c7bd_xlslice_0_0_stub.v:6]
INFO: [Synth 8-256] done synthesizing module 'bd_c7bd_xlslice_0_0' (17#1) [/home/ad2039/G00StereoCamera/SCAM/SCAM.runs/design_1_v_proc_ss_scaler_0_synth_1/.Xil/Vivado-32015-ad2039/realtime/bd_c7bd_xlslice_0_0_stub.v:6]
INFO: [Synth 8-638] synthesizing module 'bd_c7bd_xlslice_1_0' [/home/ad2039/G00StereoCamera/SCAM/SCAM.runs/design_1_v_proc_ss_scaler_0_synth_1/.Xil/Vivado-32015-ad2039/realtime/bd_c7bd_xlslice_1_0_stub.v:6]
INFO: [Synth 8-256] done synthesizing module 'bd_c7bd_xlslice_1_0' (18#1) [/home/ad2039/G00StereoCamera/SCAM/SCAM.runs/design_1_v_proc_ss_scaler_0_synth_1/.Xil/Vivado-32015-ad2039/realtime/bd_c7bd_xlslice_1_0_stub.v:6]
INFO: [Synth 8-256] done synthesizing module 'bd_c7bd' (19#1) [/home/ad2039/G00StereoCamera/SCAM/SCAM.srcs/sources_1/bd/design_1/ip/design_1_v_proc_ss_scaler_0/bd_0/synth/bd_c7bd.v:10]
INFO: [Synth 8-256] done synthesizing module 'design_1_v_proc_ss_scaler_0' (20#1) [/home/ad2039/G00StereoCamera/SCAM/SCAM.srcs/sources_1/bd/design_1/ip/design_1_v_proc_ss_scaler_0/synth/design_1_v_proc_ss_scaler_0.v:58]
Finished RTL Elaboration : Time (s): cpu = 00:00:06 ; elapsed = 00:00:06 . Memory (MB): peak = 1505.750 ; gain = 0.000 ; free physical = 19390 ; free virtual = 51334
Finished RTL Optimization Phase 1 : Time (s): cpu = 00:00:06 ; elapsed = 00:00:06 . Memory (MB): peak = 1505.750 ; gain = 0.000 ; free physical = 19374 ; free virtual = 51317
INFO: [Device 21-403] Loading part xczu9eg-ffvb1156-2-i
Constraint Validation Runtime : Time (s): cpu = 00:00:00.02 ; elapsed = 00:00:00.01 . Memory (MB): peak = 2136.781 ; gain = 0.000 ; free physical = 19614 ; free virtual = 51540
Finished Constraint Validation : Time (s): cpu = 00:00:20 ; elapsed = 00:00:25 . Memory (MB): peak = 2136.781 ; gain = 631.031 ; free physical = 19737 ; free virtual = 51677
Finished Loading Part and Timing Information : Time (s): cpu = 00:00:20 ; elapsed = 00:00:26 . Memory (MB): peak = 2136.781 ; gain = 631.031 ; free physical = 19737 ; free virtual = 51676
Finished applying 'set_property' XDC Constraints : Time (s): cpu = 00:00:20 ; elapsed = 00:00:26 . Memory (MB): peak = 2136.781 ; gain = 631.031 ; free physical = 19735 ; free virtual = 51675
Finished RTL Optimization Phase 2 : Time (s): cpu = 00:00:20 ; elapsed = 00:00:26 . Memory (MB): peak = 2136.781 ; gain = 631.031 ; free physical = 19733 ; free virtual = 51672
Finished Cross Boundary and Area Optimization : Time (s): cpu = 00:00:20 ; elapsed = 00:00:26 . Memory (MB): peak = 2136.781 ; gain = 631.031 ; free physical = 19705 ; free virtual = 51643
Finished Applying XDC Timing Constraints : Time (s): cpu = 00:00:31 ; elapsed = 00:00:49 . Memory (MB): peak = 2774.719 ; gain = 1268.969 ; free physical = 19412 ; free virtual = 51318
Finished Timing Optimization : Time (s): cpu = 00:00:31 ; elapsed = 00:00:49 . Memory (MB): peak = 2774.719 ; gain = 1268.969 ; free physical = 19412 ; free virtual = 51318
Finished Technology Mapping : Time (s): cpu = 00:00:31 ; elapsed = 00:00:49 . Memory (MB): peak = 2785.734 ; gain = 1279.984 ; free physical = 19408 ; free virtual = 51314
Finished IO Insertion : Time (s): cpu = 00:00:32 ; elapsed = 00:00:49 . Memory (MB): peak = 2785.734 ; gain = 1279.984 ; free physical = 19408 ; free virtual = 51314
Finished Renaming Generated Instances : Time (s): cpu = 00:00:32 ; elapsed = 00:00:49 . Memory (MB): peak = 2785.734 ; gain = 1279.984 ; free physical = 19408 ; free virtual = 51314
Finished Rebuilding User Hierarchy : Time (s): cpu = 00:00:32 ; elapsed = 00:00:49 . Memory (MB): peak = 2785.734 ; gain = 1279.984 ; free physical = 19408 ; free virtual = 51314
Finished Renaming Generated Ports : Time (s): cpu = 00:00:32 ; elapsed = 00:00:49 . Memory (MB): peak = 2785.734 ; gain = 1279.984 ; free physical = 19408 ; free virtual = 51314
Finished Handling Custom Attributes : Time (s): cpu = 00:00:32 ; elapsed = 00:00:49 . Memory (MB): peak = 2785.734 ; gain = 1279.984 ; free physical = 19408 ; free virtual = 51314
Finished Renaming Generated Nets : Time (s): cpu = 00:00:32 ; elapsed = 00:00:49 . Memory (MB): peak = 2785.734 ; gain = 1279.984 ; free physical = 19408 ; free virtual = 51314

Report Cell Usage: 
+------+--------------------------------+------+
|      |Cell                            |Count |
+------+--------------------------------+------+
|1     |bd_c7bd_auto_cc_0               |     1|
|2     |bd_c7bd_auto_cc_1               |     1|
|3     |bd_c7bd_auto_cc_2               |     1|
|4     |bd_c7bd_axis_fifo_0             |     1|
|5     |bd_c7bd_axis_register_slice_0_0 |     1|
|6     |bd_c7bd_hsc_0                   |     1|
|7     |bd_c7bd_input_size_set_0        |     1|
|8     |bd_c7bd_reset_sel_axis_0        |     1|
|9     |bd_c7bd_rst_axis_0              |     1|
|10    |bd_c7bd_vsc_0                   |     1|
|11    |bd_c7bd_xbar_0                  |     1|
|12    |bd_c7bd_xlslice_0_0             |     1|
|13    |bd_c7bd_xlslice_1_0             |     1|
+------+--------------------------------+------+
Finished Writing Synthesis Report : Time (s): cpu = 00:00:32 ; elapsed = 00:00:49 . Memory (MB): peak = 2785.734 ; gain = 1279.984 ; free physical = 19408 ; free virtual = 51314
synth_design: Time (s): cpu = 00:00:33 ; elapsed = 00:00:50 . Memory (MB): peak = 2825.367 ; gain = 1319.617 ; free physical = 19382 ; free virtual = 51288
