
****** Vivado(TM) HLS - High-Level Synthesis from C, C++ and SystemC v2017.3 (64-bit)
  **** SW Build 2018833 on Wed Oct  4 19:58:07 MDT 2017
  **** IP Build 2016188 on Wed Oct  4 21:52:56 MDT 2017
    ** Copyright 1986-2017 Xilinx, Inc. All Rights Reserved.

source /tools/Xilinx1/Vivado/2017.3/scripts/vivado_hls/hls.tcl -notrace
INFO: [HLS 200-10] Running '/tools/Xilinx1/Vivado/2017.3/bin/unwrapped/lnx64.o/vivado_hls'
INFO: [HLS 200-10] For user 'ad2039' on host 'ad2039' (Linux_x86_64 version 5.4.0-65-generic) on Sat Jul 24 19:11:48 CDT 2021
INFO: [HLS 200-10] On os Ubuntu 18.04.5 LTS
INFO: [HLS 200-10] In directory '/home/ad2039/G00StereoCamera/SCAM/SCAM.runs/design_1_v_frmbuf_wr_0_1_synth_1'
INFO: [HLS 200-10] Creating and opening project '/home/ad2039/G00StereoCamera/SCAM/SCAM.runs/design_1_v_frmbuf_wr_0_1_synth_1/design_1_v_frmbuf_wr_0_1'.
INFO: [HLS 200-10] Adding design file '/home/ad2039/G00StereoCamera/SCAM/SCAM.srcs/sources_1/bd/design_1/ip/design_1_v_frmbuf_wr_0_1/src/v_frmbuf_wr_config.h' to the project
INFO: [HLS 200-10] Adding design file '/home/ad2039/G00StereoCamera/SCAM/SCAM.srcs/sources_1/bd/design_1/ip/design_1_v_frmbuf_wr_0_1/src/v_frmbuf_wr.cpp' to the project
INFO: [HLS 200-10] Adding design file '/home/ad2039/G00StereoCamera/SCAM/SCAM.srcs/sources_1/bd/design_1/ip/design_1_v_frmbuf_wr_0_1/src/v_frmbuf_wr.h' to the project
INFO: [HLS 200-10] Creating and opening solution '/home/ad2039/G00StereoCamera/SCAM/SCAM.runs/design_1_v_frmbuf_wr_0_1_synth_1/design_1_v_frmbuf_wr_0_1/prj'.
INFO: [HLS 200-10] Setting target device to 'xczu9eg-ffvb1156-2-i'
INFO: [SYN 201-201] Setting up clock 'ap_clk' with a period of 3.334ns.
INFO: [HLS 200-10] Analyzing design file '/home/ad2039/G00StereoCamera/SCAM/SCAM.srcs/sources_1/bd/design_1/ip/design_1_v_frmbuf_wr_0_1/src/v_frmbuf_wr.cpp' ... 
INFO: [HLS 200-111] Finished Checking Pragmas Time (s): cpu = 00:00:06 ; elapsed = 00:00:06 . Memory (MB): peak = 360.441 ; gain = 13.375 ; free physical = 6951 ; free virtual = 50909
INFO: [HLS 200-111] Finished Linking Time (s): cpu = 00:00:07 ; elapsed = 00:00:08 . Memory (MB): peak = 360.441 ; gain = 13.375 ; free physical = 6707 ; free virtual = 50673
INFO: [HLS 200-10] Starting code transformations ...
INFO: [XFORM 203-603] Inlining function 'hls::AXIGetBitFields<48, ap_uint<8> >.1' into 'hls::AXIGetBitFields<48, ap_uint<8> >' (/tools/Xilinx1/Vivado/2017.3/common/technology/autopilot/hls/hls_axi_io.h:71).
INFO: [XFORM 203-603] Inlining function 'hls::AXIGetBitFields<48, ap_uint<8> >' into 'AXIvideo2MultiPixStream' (/home/ad2039/G00StereoCamera/SCAM/SCAM.srcs/sources_1/bd/design_1/ip/design_1_v_frmbuf_wr_0_1/src/v_frmbuf_wr.cpp:168).
INFO: [XFORM 203-603] Inlining function 'hls::AXIGetBitFields<48, ap_uint<8> >' into 'AXIvideo2MultiPixStream' (/home/ad2039/G00StereoCamera/SCAM/SCAM.srcs/sources_1/bd/design_1/ip/design_1_v_frmbuf_wr_0_1/src/v_frmbuf_wr.cpp:167).
INFO: [XFORM 203-603] Inlining function 'hls::AXIGetBitFields<48, ap_uint<8> >' into 'AXIvideo2MultiPixStream' (/home/ad2039/G00StereoCamera/SCAM/SCAM.srcs/sources_1/bd/design_1/ip/design_1_v_frmbuf_wr_0_1/src/v_frmbuf_wr.cpp:166).
INFO: [HLS 200-111] Finished Standard Transforms Time (s): cpu = 00:00:08 ; elapsed = 00:00:09 . Memory (MB): peak = 488.438 ; gain = 141.371 ; free physical = 6069 ; free virtual = 50038
INFO: [HLS 200-10] Checking synthesizability ...
WARNING: [SYNCHK 200-23] /home/ad2039/G00StereoCamera/SCAM/SCAM.srcs/sources_1/bd/design_1/ip/design_1_v_frmbuf_wr_0_1/src/v_frmbuf_wr.cpp:350: variable-indexed range selection may cause suboptimal QoR.
INFO: [SYNCHK 200-10] 0 error(s), 1 warning(s).
INFO: [HLS 200-111] Finished Checking Synthesizability Time (s): cpu = 00:00:09 ; elapsed = 00:00:10 . Memory (MB): peak = 488.438 ; gain = 141.371 ; free physical = 5657 ; free virtual = 49627
INFO: [XFORM 203-502] Unrolling all sub-loops inside loop 'Loop-1.1' (/home/ad2039/G00StereoCamera/SCAM/SCAM.srcs/sources_1/bd/design_1/ip/design_1_v_frmbuf_wr_0_1/src/v_frmbuf_wr.cpp:340) in function 'MultiPixStream2Bytes' for pipelining.
INFO: [XFORM 203-502] Unrolling all sub-loops inside loop 'Loop-2.1' (/home/ad2039/G00StereoCamera/SCAM/SCAM.srcs/sources_1/bd/design_1/ip/design_1_v_frmbuf_wr_0_1/src/v_frmbuf_wr.cpp:376) in function 'MultiPixStream2Bytes' for pipelining.
INFO: [XFORM 203-502] Unrolling all sub-loops inside loop 'Loop-3.1' (/home/ad2039/G00StereoCamera/SCAM/SCAM.srcs/sources_1/bd/design_1/ip/design_1_v_frmbuf_wr_0_1/src/v_frmbuf_wr.cpp:533) in function 'MultiPixStream2Bytes' for pipelining.
INFO: [XFORM 203-502] Unrolling all sub-loops inside loop 'loop_width' (/home/ad2039/G00StereoCamera/SCAM/SCAM.srcs/sources_1/bd/design_1/ip/design_1_v_frmbuf_wr_0_1/src/v_frmbuf_wr.cpp:146) in function 'AXIvideo2MultiPixStream' for pipelining.
INFO: [XFORM 203-501] Unrolling loop 'Loop-1.1.1' (/home/ad2039/G00StereoCamera/SCAM/SCAM.srcs/sources_1/bd/design_1/ip/design_1_v_frmbuf_wr_0_1/src/v_frmbuf_wr.cpp:343) in function 'MultiPixStream2Bytes' completely.
INFO: [XFORM 203-501] Unrolling loop 'Loop-1.1.1.1' (/tools/Xilinx1/Vivado/2017.3/common/technology/autopilot/hls/hls_video_core.h:171) in function 'MultiPixStream2Bytes' completely.
INFO: [XFORM 203-501] Unrolling loop 'Loop-1.1.1.2' (/home/ad2039/G00StereoCamera/SCAM/SCAM.srcs/sources_1/bd/design_1/ip/design_1_v_frmbuf_wr_0_1/src/v_frmbuf_wr.cpp:346) in function 'MultiPixStream2Bytes' completely.
INFO: [XFORM 203-501] Unrolling loop 'Loop-1.1.1.2.1' (/home/ad2039/G00StereoCamera/SCAM/SCAM.srcs/sources_1/bd/design_1/ip/design_1_v_frmbuf_wr_0_1/src/v_frmbuf_wr.cpp:348) in function 'MultiPixStream2Bytes' completely.
INFO: [XFORM 203-501] Unrolling loop 'Loop-2.1.1' (/home/ad2039/G00StereoCamera/SCAM/SCAM.srcs/sources_1/bd/design_1/ip/design_1_v_frmbuf_wr_0_1/src/v_frmbuf_wr.cpp:379) in function 'MultiPixStream2Bytes' completely.
INFO: [XFORM 203-501] Unrolling loop 'Loop-2.1.1.1' (/tools/Xilinx1/Vivado/2017.3/common/technology/autopilot/hls/hls_video_core.h:171) in function 'MultiPixStream2Bytes' completely.
INFO: [XFORM 203-501] Unrolling loop 'Loop-2.1.1.2' (/home/ad2039/G00StereoCamera/SCAM/SCAM.srcs/sources_1/bd/design_1/ip/design_1_v_frmbuf_wr_0_1/src/v_frmbuf_wr.cpp:382) in function 'MultiPixStream2Bytes' completely.
INFO: [XFORM 203-501] Unrolling loop 'Loop-3.1.1' (/home/ad2039/G00StereoCamera/SCAM/SCAM.srcs/sources_1/bd/design_1/ip/design_1_v_frmbuf_wr_0_1/src/v_frmbuf_wr.cpp:536) in function 'MultiPixStream2Bytes' completely.
INFO: [XFORM 203-501] Unrolling loop 'Loop-3.1.1.1' (/tools/Xilinx1/Vivado/2017.3/common/technology/autopilot/hls/hls_video_core.h:171) in function 'MultiPixStream2Bytes' completely.
INFO: [XFORM 203-501] Unrolling loop 'Loop-3.1.1.2' (/home/ad2039/G00StereoCamera/SCAM/SCAM.srcs/sources_1/bd/design_1/ip/design_1_v_frmbuf_wr_0_1/src/v_frmbuf_wr.cpp:539) in function 'MultiPixStream2Bytes' completely.
INFO: [XFORM 203-501] Unrolling loop 'Loop-2.1.1' (/home/ad2039/G00StereoCamera/SCAM/SCAM.srcs/sources_1/bd/design_1/ip/design_1_v_frmbuf_wr_0_1/src/v_frmbuf_wr.cpp:159) in function 'AXIvideo2MultiPixStream' completely.
INFO: [XFORM 203-501] Unrolling loop 'Loop-2.1.1.1' (/home/ad2039/G00StereoCamera/SCAM/SCAM.srcs/sources_1/bd/design_1/ip/design_1_v_frmbuf_wr_0_1/src/v_frmbuf_wr.cpp:161) in function 'AXIvideo2MultiPixStream' completely.
INFO: [XFORM 203-102] Automatically partitioning streamed array 'img.V.val.V' .
INFO: [XFORM 203-101] Partitioning array 'pix.val.V' (/home/ad2039/G00StereoCamera/SCAM/SCAM.srcs/sources_1/bd/design_1/ip/design_1_v_frmbuf_wr_0_1/src/v_frmbuf_wr.cpp:215) in dimension 1 completely.
INFO: [XFORM 203-101] Partitioning array 'tmp.val.V'  in dimension 1 completely.
INFO: [XFORM 203-101] Partitioning array 'tmp.val.V.1'  in dimension 1 completely.
INFO: [XFORM 203-101] Partitioning array 'tmp.val.V.2'  in dimension 1 completely.
INFO: [XFORM 203-101] Partitioning array 'pix.val.V' (/home/ad2039/G00StereoCamera/SCAM/SCAM.srcs/sources_1/bd/design_1/ip/design_1_v_frmbuf_wr_0_1/src/v_frmbuf_wr.cpp:121) in dimension 1 completely.
INFO: [XFORM 203-101] Partitioning array 'map'  in dimension 1 completely.
INFO: [XFORM 203-712] Applying dataflow to function 'v_frmbuf_wr', detected/extracted 5 process function(s): 
	 'Block__proc'
	 'AXIvideo2MultiPixStream'
	 'Block__proc58'
	 'MultiPixStream2Bytes'
	 'Bytes2AXIMMvideo'.
INFO: [XFORM 203-401] Performing if-conversion on hyperblock from (/tools/Xilinx1/Vivado/2017.3/common/technology/autopilot/hls/hls_axi_io.h:49:14) to (/home/ad2039/G00StereoCamera/SCAM/SCAM.srcs/sources_1/bd/design_1/ip/design_1_v_frmbuf_wr_0_1/src/v_frmbuf_wr.cpp:145:53) in function 'AXIvideo2MultiPixStream'... converting 4 basic blocks.
INFO: [HLS 200-111] Finished Pre-synthesis Time (s): cpu = 00:00:10 ; elapsed = 00:00:11 . Memory (MB): peak = 488.438 ; gain = 141.371 ; free physical = 4974 ; free virtual = 48946
WARNING: [XFORM 203-631] Renaming function 'AXIvideo2MultiPixStream' (/home/ad2039/G00StereoCamera/SCAM/SCAM.srcs/sources_1/bd/design_1/ip/design_1_v_frmbuf_wr_0_1/src/v_frmbuf_wr.cpp:49:9) into AXIvideo2MultiPixStr.
INFO: [XFORM 203-811] Inferring bus burst write of variable length on port 'dstImg.V' (/home/ad2039/G00StereoCamera/SCAM/SCAM.srcs/sources_1/bd/design_1/ip/design_1_v_frmbuf_wr_0_1/src/v_frmbuf_wr.cpp:624:13).
INFO: [HLS 200-111] Finished Architecture Synthesis Time (s): cpu = 00:00:11 ; elapsed = 00:00:12 . Memory (MB): peak = 552.438 ; gain = 205.371 ; free physical = 4511 ; free virtual = 48484
INFO: [HLS 200-10] Starting hardware synthesis ...
INFO: [HLS 200-10] Synthesizing 'v_frmbuf_wr' ...
WARNING: [SYN 201-103] Legalizing function name 'Block__proc4' to 'Block_proc4'.
WARNING: [SYN 201-103] Legalizing function name 'reg<unsigned short>' to 'reg_unsigned_short_s'.
WARNING: [SYN 201-103] Legalizing function name 'Block__proc58' to 'Block_proc58'.
INFO: [HLS 200-10] ----------------------------------------------------------------
INFO: [HLS 200-42] -- Implementing module 'Block_proc4' 
INFO: [HLS 200-10] ----------------------------------------------------------------
INFO: [SCHED 204-11] Starting scheduling ...
INFO: [SCHED 204-11] Finished scheduling.
INFO: [HLS 200-111]  Elapsed time: 12.32 seconds; current allocated memory: 163.912 MB.
INFO: [BIND 205-100] Starting micro-architecture generation ...
INFO: [BIND 205-101] Performing variable lifetime analysis.
INFO: [BIND 205-101] Exploring resource sharing.
INFO: [BIND 205-101] Binding ...
INFO: [BIND 205-100] Finished micro-architecture generation.
INFO: [HLS 200-111]  Elapsed time: 0.04 seconds; current allocated memory: 164.053 MB.
INFO: [HLS 200-10] ----------------------------------------------------------------
INFO: [HLS 200-42] -- Implementing module 'reg_unsigned_short_s' 
INFO: [HLS 200-10] ----------------------------------------------------------------
INFO: [SCHED 204-11] Starting scheduling ...
INFO: [SCHED 204-11] Finished scheduling.
INFO: [HLS 200-111]  Elapsed time: 0.04 seconds; current allocated memory: 164.108 MB.
INFO: [BIND 205-100] Starting micro-architecture generation ...
INFO: [BIND 205-101] Performing variable lifetime analysis.
INFO: [BIND 205-101] Exploring resource sharing.
INFO: [BIND 205-101] Binding ...
INFO: [BIND 205-100] Finished micro-architecture generation.
INFO: [HLS 200-111]  Elapsed time: 0.01 seconds; current allocated memory: 164.142 MB.
INFO: [HLS 200-10] ----------------------------------------------------------------
INFO: [HLS 200-42] -- Implementing module 'AXIvideo2MultiPixStr' 
INFO: [HLS 200-10] ----------------------------------------------------------------
INFO: [SCHED 204-11] Starting scheduling ...
INFO: [SCHED 204-61] Pipelining loop 'loop_wait_for_start'.
INFO: [SCHED 204-61] Pipelining result : Target II = 1, Final II = 1, Depth = 1.
INFO: [SCHED 204-61] Pipelining loop 'loop_width'.
INFO: [SCHED 204-61] Pipelining result : Target II = 1, Final II = 1, Depth = 2.
INFO: [SCHED 204-61] Pipelining loop 'loop_wait_for_eol'.
INFO: [SCHED 204-61] Pipelining result : Target II = 1, Final II = 1, Depth = 2.
INFO: [SCHED 204-11] Finished scheduling.
INFO: [HLS 200-111]  Elapsed time: 0.12 seconds; current allocated memory: 164.624 MB.
INFO: [BIND 205-100] Starting micro-architecture generation ...
INFO: [BIND 205-101] Performing variable lifetime analysis.
INFO: [BIND 205-101] Exploring resource sharing.
INFO: [BIND 205-101] Binding ...
INFO: [BIND 205-100] Finished micro-architecture generation.
INFO: [HLS 200-111]  Elapsed time: 0.33 seconds; current allocated memory: 165.171 MB.
INFO: [HLS 200-10] ----------------------------------------------------------------
INFO: [HLS 200-42] -- Implementing module 'Block_proc58' 
INFO: [HLS 200-10] ----------------------------------------------------------------
INFO: [SCHED 204-11] Starting scheduling ...
INFO: [SCHED 204-11] Finished scheduling.
INFO: [HLS 200-111]  Elapsed time: 0.35 seconds; current allocated memory: 165.289 MB.
INFO: [BIND 205-100] Starting micro-architecture generation ...
INFO: [BIND 205-101] Performing variable lifetime analysis.
INFO: [BIND 205-101] Exploring resource sharing.
INFO: [BIND 205-101] Binding ...
INFO: [BIND 205-100] Finished micro-architecture generation.
INFO: [HLS 200-111]  Elapsed time: 0.02 seconds; current allocated memory: 165.347 MB.
INFO: [HLS 200-10] ----------------------------------------------------------------
INFO: [HLS 200-42] -- Implementing module 'MultiPixStream2Bytes' 
INFO: [HLS 200-10] ----------------------------------------------------------------
INFO: [SCHED 204-11] Starting scheduling ...
INFO: [SCHED 204-61] Pipelining loop 'loop_Y8.1'.
INFO: [SCHED 204-61] Pipelining result : Target II = 8, Final II = 8, Depth = 10.
INFO: [SCHED 204-61] Pipelining loop 'loop_UYVY8.1'.
INFO: [SCHED 204-61] Pipelining result : Target II = 4, Final II = 4, Depth = 6.
INFO: [SCHED 204-61] Pipelining loop 'loop_YUYV8.1'.
INFO: [SCHED 204-61] Pipelining result : Target II = 4, Final II = 4, Depth = 6.
INFO: [SCHED 204-11] Finished scheduling.
INFO: [HLS 200-111]  Elapsed time: 0.54 seconds; current allocated memory: 168.325 MB.
INFO: [BIND 205-100] Starting micro-architecture generation ...
INFO: [BIND 205-101] Performing variable lifetime analysis.
INFO: [BIND 205-101] Exploring resource sharing.
INFO: [BIND 205-101] Binding ...
INFO: [BIND 205-100] Finished micro-architecture generation.
INFO: [HLS 200-111]  Elapsed time: 1.07 seconds; current allocated memory: 169.943 MB.
INFO: [HLS 200-10] ----------------------------------------------------------------
INFO: [HLS 200-42] -- Implementing module 'Bytes2AXIMMvideo' 
INFO: [HLS 200-10] ----------------------------------------------------------------
INFO: [SCHED 204-11] Starting scheduling ...
INFO: [SCHED 204-61] Pipelining loop 'loop_Bytes2AXIMMvideo_1plane.1'.
INFO: [SCHED 204-61] Pipelining result : Target II = 1, Final II = 1, Depth = 3.
INFO: [SCHED 204-11] Finished scheduling.
INFO: [HLS 200-111]  Elapsed time: 1.22 seconds; current allocated memory: 170.711 MB.
INFO: [BIND 205-100] Starting micro-architecture generation ...
INFO: [BIND 205-101] Performing variable lifetime analysis.
INFO: [BIND 205-101] Exploring resource sharing.
INFO: [BIND 205-101] Binding ...
INFO: [BIND 205-100] Finished micro-architecture generation.
INFO: [HLS 200-111]  Elapsed time: 0.58 seconds; current allocated memory: 171.348 MB.
INFO: [HLS 200-10] ----------------------------------------------------------------
INFO: [HLS 200-42] -- Implementing module 'v_frmbuf_wr' 
INFO: [HLS 200-10] ----------------------------------------------------------------
INFO: [SCHED 204-11] Starting scheduling ...
INFO: [SCHED 204-11] Finished scheduling.
INFO: [HLS 200-111]  Elapsed time: 0.47 seconds; current allocated memory: 171.583 MB.
INFO: [BIND 205-100] Starting micro-architecture generation ...
INFO: [BIND 205-101] Performing variable lifetime analysis.
INFO: [BIND 205-101] Exploring resource sharing.
INFO: [BIND 205-101] Binding ...
INFO: [BIND 205-100] Finished micro-architecture generation.
INFO: [HLS 200-111]  Elapsed time: 0.27 seconds; current allocated memory: 172.262 MB.
INFO: [HLS 200-10] ----------------------------------------------------------------
INFO: [HLS 200-10] -- Generating RTL for module 'Block_proc4' 
INFO: [HLS 200-10] ----------------------------------------------------------------
INFO: [SYN 201-210] Renamed object name 'Block_proc4_BYTES_PER_PIXEL' to 'Block_proc4_BYTESbkb' due to the length limit 20
INFO: [SYN 201-210] Renamed object name 'Block_proc4_MEMORY2LIVE' to 'Block_proc4_MEMORcud' due to the length limit 20
INFO: [RTGEN 206-100] Finished creating RTL model for 'Block_proc4'.
INFO: [HLS 200-111]  Elapsed time: 0.14 seconds; current allocated memory: 172.507 MB.
INFO: [WVHDL 200-304] Encrypting RTL VHDL done.
INFO: [WVHDL 200-304] Encrypting RTL Verilog done.
INFO: [HLS 200-10] ----------------------------------------------------------------
INFO: [HLS 200-10] -- Generating RTL for module 'reg_unsigned_short_s' 
INFO: [HLS 200-10] ----------------------------------------------------------------
INFO: [RTGEN 206-100] Finished creating RTL model for 'reg_unsigned_short_s'.
INFO: [HLS 200-111]  Elapsed time: 0.07 seconds; current allocated memory: 172.718 MB.
INFO: [HLS 200-10] ----------------------------------------------------------------
INFO: [HLS 200-10] -- Generating RTL for module 'AXIvideo2MultiPixStr' 
INFO: [HLS 200-10] ----------------------------------------------------------------
INFO: [RTGEN 206-100] Finished creating RTL model for 'AXIvideo2MultiPixStr'.
INFO: [HLS 200-111]  Elapsed time: 0.05 seconds; current allocated memory: 174.041 MB.
INFO: [HLS 200-10] ----------------------------------------------------------------
INFO: [HLS 200-10] -- Generating RTL for module 'Block_proc58' 
INFO: [HLS 200-10] ----------------------------------------------------------------
INFO: [SYN 201-210] Renamed object name 'v_frmbuf_wr_mul_mul_16s_16s_16_1_1' to 'v_frmbuf_wr_mul_mdEe' due to the length limit 20
INFO: [RTGEN 206-100] Generating core module 'v_frmbuf_wr_mul_mdEe': 1 instance(s).
INFO: [RTGEN 206-100] Finished creating RTL model for 'Block_proc58'.
INFO: [HLS 200-111]  Elapsed time: 0.46 seconds; current allocated memory: 175.682 MB.
INFO: [WVHDL 200-304] Encrypting RTL VHDL done.
INFO: [WVHDL 200-304] Encrypting RTL Verilog done.
INFO: [HLS 200-10] ----------------------------------------------------------------
INFO: [HLS 200-10] -- Generating RTL for module 'MultiPixStream2Bytes' 
INFO: [HLS 200-10] ----------------------------------------------------------------
INFO: [RTGEN 206-100] Finished creating RTL model for 'MultiPixStream2Bytes'.
INFO: [HLS 200-111]  Elapsed time: 0.12 seconds; current allocated memory: 178.364 MB.
INFO: [HLS 200-10] ----------------------------------------------------------------
INFO: [HLS 200-10] -- Generating RTL for module 'Bytes2AXIMMvideo' 
INFO: [HLS 200-10] ----------------------------------------------------------------
INFO: [RTGEN 206-100] Finished creating RTL model for 'Bytes2AXIMMvideo'.
INFO: [HLS 200-111]  Elapsed time: 1.56 seconds; current allocated memory: 185.571 MB.
INFO: [HLS 200-10] ----------------------------------------------------------------
INFO: [HLS 200-10] -- Generating RTL for module 'v_frmbuf_wr' 
INFO: [HLS 200-10] ----------------------------------------------------------------
INFO: [RTGEN 206-500] Setting interface mode on port 'v_frmbuf_wr/mm_video' to 'm_axi'.
INFO: [RTGEN 206-500] Setting interface mode on port 'v_frmbuf_wr/HwReg_width' to 's_axilite & ap_stable'.
INFO: [RTGEN 206-500] Setting interface mode on port 'v_frmbuf_wr/HwReg_height' to 's_axilite & ap_stable'.
INFO: [RTGEN 206-500] Setting interface mode on port 'v_frmbuf_wr/HwReg_stride' to 's_axilite & ap_stable'.
INFO: [RTGEN 206-500] Setting interface mode on port 'v_frmbuf_wr/HwReg_video_format' to 's_axilite & ap_stable'.
INFO: [RTGEN 206-500] Setting interface mode on port 'v_frmbuf_wr/HwReg_frm_buffer_V' to 's_axilite & ap_none'.
INFO: [RTGEN 206-500] Setting interface mode on port 'v_frmbuf_wr/HwReg_frm_buffer2_V' to 's_axilite & ap_none'.
INFO: [RTGEN 206-500] Setting interface mode on port 'v_frmbuf_wr/s_axis_video_V_data_V' to 'axis' (register, both mode).
INFO: [RTGEN 206-500] Setting interface mode on port 'v_frmbuf_wr/s_axis_video_V_keep_V' to 'axis' (register, both mode).
INFO: [RTGEN 206-500] Setting interface mode on port 'v_frmbuf_wr/s_axis_video_V_strb_V' to 'axis' (register, both mode).
INFO: [RTGEN 206-500] Setting interface mode on port 'v_frmbuf_wr/s_axis_video_V_user_V' to 'axis' (register, both mode).
INFO: [RTGEN 206-500] Setting interface mode on port 'v_frmbuf_wr/s_axis_video_V_last_V' to 'axis' (register, both mode).
INFO: [RTGEN 206-500] Setting interface mode on port 'v_frmbuf_wr/s_axis_video_V_id_V' to 'axis' (register, both mode).
INFO: [RTGEN 206-500] Setting interface mode on port 'v_frmbuf_wr/s_axis_video_V_dest_V' to 'axis' (register, both mode).
INFO: [RTGEN 206-500] Setting interface mode on function 'v_frmbuf_wr' to 's_axilite & ap_ctrl_hs'.
INFO: [RTGEN 206-100] Bundling port 'HwReg_width', 'HwReg_height', 'HwReg_stride', 'HwReg_video_format', 'HwReg_frm_buffer_V', 'HwReg_frm_buffer2_V' and 'return' to AXI-Lite port CTRL.
INFO: [RTGEN 206-100] Finished creating RTL model for 'v_frmbuf_wr'.
INFO: [HLS 200-111]  Elapsed time: 0.65 seconds; current allocated memory: 188.147 MB.
INFO: [WVHDL 200-304] Encrypting RTL VHDL done.
INFO: [WVHDL 200-304] Encrypting RTL Verilog done.
INFO: [RTMG 210-279] Implementing memory 'design_1_v_frmbuf_wr_0_1_Block_proc4_BYTESbkb_rom' using distributed ROMs.
INFO: [RTMG 210-279] Implementing memory 'design_1_v_frmbuf_wr_0_1_Block_proc4_MEMORcud_rom' using distributed ROMs.
INFO: [RTMG 210-285] Implementing FIFO 'design_1_v_frmbuf_wr_0_1_fifo_w32_d3_A' using Shift Registers.
INFO: [RTMG 210-285] Implementing FIFO 'design_1_v_frmbuf_wr_0_1_fifo_w16_d2_A' using Shift Registers.
INFO: [RTMG 210-285] Implementing FIFO 'design_1_v_frmbuf_wr_0_1_fifo_w8_d2_A' using Shift Registers.
INFO: [RTMG 210-285] Implementing FIFO 'design_1_v_frmbuf_wr_0_1_fifo_w12_d2_A' using Shift Registers.
INFO: [RTMG 210-285] Implementing FIFO 'design_1_v_frmbuf_wr_0_1_fifo_w8_d2_A' using Shift Registers.
INFO: [RTMG 210-285] Implementing FIFO 'design_1_v_frmbuf_wr_0_1_fifo_w128_d480_B' using Block RAMs.
INFO: [HLS 200-111] Finished generating all RTL models Time (s): cpu = 00:00:19 ; elapsed = 00:00:21 . Memory (MB): peak = 552.438 ; gain = 205.371 ; free physical = 803 ; free virtual = 44800
INFO: [SYSC 207-301] Generating SystemC RTL for v_frmbuf_wr with prefix design_1_v_frmbuf_wr_0_1_.
INFO: [VHDL 208-304] Generating VHDL RTL for v_frmbuf_wr with prefix design_1_v_frmbuf_wr_0_1_.
INFO: [VLOG 209-307] Generating Verilog RTL for v_frmbuf_wr with prefix design_1_v_frmbuf_wr_0_1_.
INFO: [IMPL 213-8] Exporting RTL as an IP in IP-XACT.

****** Vivado v2017.3 (64-bit)
  **** SW Build 2018833 on Wed Oct  4 19:58:07 MDT 2017
  **** IP Build 2016188 on Wed Oct  4 21:52:56 MDT 2017
    ** Copyright 1986-2017 Xilinx, Inc. All Rights Reserved.

source run_ippack.tcl -notrace
INFO: [IP_Flow 19-234] Refreshing IP repositories
INFO: [IP_Flow 19-1704] No user IP repositories specified
INFO: [IP_Flow 19-2313] Loaded Vivado IP repository '/tools/Xilinx1/Vivado/2017.3/data/ip'.
INFO: [Common 17-206] Exiting Vivado at Sat Jul 24 19:12:38 2021...
INFO: [HLS 200-112] Total elapsed time: 69.52 seconds; peak allocated memory: 188.147 MB.
INFO: [Common 17-206] Exiting vivado_hls at Sat Jul 24 19:12:57 2021...
