
*** Running vivado
    with args -log design_1_gamma_rst_gpio_1.vds -m64 -product Vivado -mode batch -messageDb vivado.pb -notrace -source design_1_gamma_rst_gpio_1.tcl


****** Vivado v2017.3 (64-bit)
  **** SW Build 2018833 on Wed Oct  4 19:58:07 MDT 2017
  **** IP Build 2016188 on Wed Oct  4 21:52:56 MDT 2017
    ** Copyright 1986-2017 Xilinx, Inc. All Rights Reserved.

source design_1_gamma_rst_gpio_1.tcl -notrace
Starting RTL Elaboration : Time (s): cpu = 00:00:08 ; elapsed = 00:00:09 . Memory (MB): peak = 1496.738 ; gain = 0.000 ; free physical = 10763 ; free virtual = 42181
INFO: [Synth 8-638] synthesizing module 'design_1_gamma_rst_gpio_1' [/home/ad2039/G00StereoCamera/SCAM/SCAM.srcs/sources_1/bd/design_1/ip/design_1_gamma_rst_gpio_1/synth/design_1_gamma_rst_gpio_1.v:57]
INFO: [Synth 8-638] synthesizing module 'xlslice_v1_0_1_xlslice' [/home/ad2039/G00StereoCamera/SCAM/SCAM.srcs/sources_1/bd/design_1/ipshared/f3db/hdl/xlslice_v1_0_vl_rfs.v:13]
INFO: [Synth 8-256] done synthesizing module 'xlslice_v1_0_1_xlslice' (1#1) [/home/ad2039/G00StereoCamera/SCAM/SCAM.srcs/sources_1/bd/design_1/ipshared/f3db/hdl/xlslice_v1_0_vl_rfs.v:13]
INFO: [Synth 8-256] done synthesizing module 'design_1_gamma_rst_gpio_1' (2#1) [/home/ad2039/G00StereoCamera/SCAM/SCAM.srcs/sources_1/bd/design_1/ip/design_1_gamma_rst_gpio_1/synth/design_1_gamma_rst_gpio_1.v:57]
Finished RTL Elaboration : Time (s): cpu = 00:00:08 ; elapsed = 00:00:10 . Memory (MB): peak = 1496.738 ; gain = 0.000 ; free physical = 12631 ; free virtual = 44053
Finished RTL Optimization Phase 1 : Time (s): cpu = 00:00:08 ; elapsed = 00:00:10 . Memory (MB): peak = 1496.738 ; gain = 0.000 ; free physical = 13582 ; free virtual = 45007
INFO: [Device 21-403] Loading part xczu9eg-ffvb1156-2-i
Constraint Validation Runtime : Time (s): cpu = 00:00:00 ; elapsed = 00:00:00 . Memory (MB): peak = 2025.637 ; gain = 0.000 ; free physical = 9450 ; free virtual = 41019
Finished Constraint Validation : Time (s): cpu = 00:00:30 ; elapsed = 00:00:42 . Memory (MB): peak = 2025.637 ; gain = 528.898 ; free physical = 8259 ; free virtual = 39839
Finished Loading Part and Timing Information : Time (s): cpu = 00:00:30 ; elapsed = 00:00:42 . Memory (MB): peak = 2025.637 ; gain = 528.898 ; free physical = 8261 ; free virtual = 39841
Finished applying 'set_property' XDC Constraints : Time (s): cpu = 00:00:30 ; elapsed = 00:00:42 . Memory (MB): peak = 2025.637 ; gain = 528.898 ; free physical = 8260 ; free virtual = 39840
Finished RTL Optimization Phase 2 : Time (s): cpu = 00:00:30 ; elapsed = 00:00:42 . Memory (MB): peak = 2025.637 ; gain = 528.898 ; free physical = 8260 ; free virtual = 39840
Finished Cross Boundary and Area Optimization : Time (s): cpu = 00:00:30 ; elapsed = 00:00:42 . Memory (MB): peak = 2025.637 ; gain = 528.898 ; free physical = 8101 ; free virtual = 39682
Finished Applying XDC Timing Constraints : Time (s): cpu = 00:00:47 ; elapsed = 00:01:20 . Memory (MB): peak = 2709.543 ; gain = 1212.805 ; free physical = 9075 ; free virtual = 40722
Finished Timing Optimization : Time (s): cpu = 00:00:47 ; elapsed = 00:01:20 . Memory (MB): peak = 2709.543 ; gain = 1212.805 ; free physical = 9073 ; free virtual = 40721
Finished Technology Mapping : Time (s): cpu = 00:00:47 ; elapsed = 00:01:20 . Memory (MB): peak = 2719.559 ; gain = 1222.820 ; free physical = 9067 ; free virtual = 40718
Finished IO Insertion : Time (s): cpu = 00:00:48 ; elapsed = 00:01:21 . Memory (MB): peak = 2719.559 ; gain = 1222.820 ; free physical = 9108 ; free virtual = 40751
Finished Renaming Generated Instances : Time (s): cpu = 00:00:48 ; elapsed = 00:01:21 . Memory (MB): peak = 2719.559 ; gain = 1222.820 ; free physical = 9107 ; free virtual = 40750
Finished Rebuilding User Hierarchy : Time (s): cpu = 00:00:48 ; elapsed = 00:01:21 . Memory (MB): peak = 2719.559 ; gain = 1222.820 ; free physical = 9106 ; free virtual = 40749
Finished Renaming Generated Ports : Time (s): cpu = 00:00:48 ; elapsed = 00:01:21 . Memory (MB): peak = 2719.559 ; gain = 1222.820 ; free physical = 9105 ; free virtual = 40748
Finished Handling Custom Attributes : Time (s): cpu = 00:00:48 ; elapsed = 00:01:21 . Memory (MB): peak = 2719.559 ; gain = 1222.820 ; free physical = 9105 ; free virtual = 40748
Finished Renaming Generated Nets : Time (s): cpu = 00:00:48 ; elapsed = 00:01:21 . Memory (MB): peak = 2719.559 ; gain = 1222.820 ; free physical = 9104 ; free virtual = 40747

Report Cell Usage: 
+-+-----+------+
| |Cell |Count |
+-+-----+------+
+-+-----+------+
Finished Writing Synthesis Report : Time (s): cpu = 00:00:48 ; elapsed = 00:01:21 . Memory (MB): peak = 2719.559 ; gain = 1222.820 ; free physical = 9104 ; free virtual = 40747
synth_design: Time (s): cpu = 00:00:49 ; elapsed = 00:01:22 . Memory (MB): peak = 2752.191 ; gain = 1276.828 ; free physical = 9061 ; free virtual = 40705
