
*** Running vivado
    with args -log design_1_axi_gpio_0_0.vds -m64 -product Vivado -mode batch -messageDb vivado.pb -notrace -source design_1_axi_gpio_0_0.tcl


****** Vivado v2017.3 (64-bit)
  **** SW Build 2018833 on Wed Oct  4 19:58:07 MDT 2017
  **** IP Build 2016188 on Wed Oct  4 21:52:56 MDT 2017
    ** Copyright 1986-2017 Xilinx, Inc. All Rights Reserved.

source design_1_axi_gpio_0_0.tcl -notrace
Starting RTL Elaboration : Time (s): cpu = 00:00:08 ; elapsed = 00:00:08 . Memory (MB): peak = 1496.742 ; gain = 0.000 ; free physical = 6971 ; free virtual = 50928
INFO: [Synth 8-638] synthesizing module 'design_1_axi_gpio_0_0' [/home/ad2039/G00StereoCamera/SCAM/SCAM.srcs/sources_1/bd/design_1/ip/design_1_axi_gpio_0_0/synth/design_1_axi_gpio_0_0.vhd:84]
INFO: [Synth 8-638] synthesizing module 'axi_gpio' [/home/ad2039/G00StereoCamera/SCAM/SCAM.srcs/sources_1/bd/design_1/ipshared/e9c1/hdl/axi_gpio_v2_0_vh_rfs.vhd:1358]
INFO: [Synth 8-638] synthesizing module 'axi_lite_ipif' [/home/ad2039/G00StereoCamera/SCAM/SCAM.srcs/sources_1/bd/design_1/ipshared/cced/hdl/axi_lite_ipif_v3_0_vh_rfs.vhd:2948]
INFO: [Synth 8-638] synthesizing module 'slave_attachment' [/home/ad2039/G00StereoCamera/SCAM/SCAM.srcs/sources_1/bd/design_1/ipshared/cced/hdl/axi_lite_ipif_v3_0_vh_rfs.vhd:2341]
INFO: [Synth 8-638] synthesizing module 'address_decoder' [/home/ad2039/G00StereoCamera/SCAM/SCAM.srcs/sources_1/bd/design_1/ipshared/cced/hdl/axi_lite_ipif_v3_0_vh_rfs.vhd:1775]
INFO: [Synth 8-638] synthesizing module 'pselect_f' [/home/ad2039/G00StereoCamera/SCAM/SCAM.srcs/sources_1/bd/design_1/ipshared/cced/hdl/axi_lite_ipif_v3_0_vh_rfs.vhd:1534]
INFO: [Synth 8-256] done synthesizing module 'pselect_f' (1#1) [/home/ad2039/G00StereoCamera/SCAM/SCAM.srcs/sources_1/bd/design_1/ipshared/cced/hdl/axi_lite_ipif_v3_0_vh_rfs.vhd:1534]
INFO: [Synth 8-638] synthesizing module 'pselect_f__parameterized0' [/home/ad2039/G00StereoCamera/SCAM/SCAM.srcs/sources_1/bd/design_1/ipshared/cced/hdl/axi_lite_ipif_v3_0_vh_rfs.vhd:1534]
INFO: [Synth 8-256] done synthesizing module 'pselect_f__parameterized0' (1#1) [/home/ad2039/G00StereoCamera/SCAM/SCAM.srcs/sources_1/bd/design_1/ipshared/cced/hdl/axi_lite_ipif_v3_0_vh_rfs.vhd:1534]
INFO: [Synth 8-638] synthesizing module 'pselect_f__parameterized1' [/home/ad2039/G00StereoCamera/SCAM/SCAM.srcs/sources_1/bd/design_1/ipshared/cced/hdl/axi_lite_ipif_v3_0_vh_rfs.vhd:1534]
INFO: [Synth 8-256] done synthesizing module 'pselect_f__parameterized1' (1#1) [/home/ad2039/G00StereoCamera/SCAM/SCAM.srcs/sources_1/bd/design_1/ipshared/cced/hdl/axi_lite_ipif_v3_0_vh_rfs.vhd:1534]
INFO: [Synth 8-638] synthesizing module 'pselect_f__parameterized2' [/home/ad2039/G00StereoCamera/SCAM/SCAM.srcs/sources_1/bd/design_1/ipshared/cced/hdl/axi_lite_ipif_v3_0_vh_rfs.vhd:1534]
INFO: [Synth 8-256] done synthesizing module 'pselect_f__parameterized2' (1#1) [/home/ad2039/G00StereoCamera/SCAM/SCAM.srcs/sources_1/bd/design_1/ipshared/cced/hdl/axi_lite_ipif_v3_0_vh_rfs.vhd:1534]
INFO: [Synth 8-256] done synthesizing module 'address_decoder' (2#1) [/home/ad2039/G00StereoCamera/SCAM/SCAM.srcs/sources_1/bd/design_1/ipshared/cced/hdl/axi_lite_ipif_v3_0_vh_rfs.vhd:1775]
INFO: [Synth 8-256] done synthesizing module 'slave_attachment' (3#1) [/home/ad2039/G00StereoCamera/SCAM/SCAM.srcs/sources_1/bd/design_1/ipshared/cced/hdl/axi_lite_ipif_v3_0_vh_rfs.vhd:2341]
INFO: [Synth 8-256] done synthesizing module 'axi_lite_ipif' (4#1) [/home/ad2039/G00StereoCamera/SCAM/SCAM.srcs/sources_1/bd/design_1/ipshared/cced/hdl/axi_lite_ipif_v3_0_vh_rfs.vhd:2948]
INFO: [Synth 8-638] synthesizing module 'GPIO_Core' [/home/ad2039/G00StereoCamera/SCAM/SCAM.srcs/sources_1/bd/design_1/ipshared/e9c1/hdl/axi_gpio_v2_0_vh_rfs.vhd:178]
INFO: [Synth 8-638] synthesizing module 'cdc_sync' [/home/ad2039/G00StereoCamera/SCAM/SCAM.srcs/sources_1/bd/design_1/ipshared/ef1e/hdl/lib_cdc_v1_0_rfs.vhd:106]
INFO: [Synth 8-256] done synthesizing module 'cdc_sync' (5#1) [/home/ad2039/G00StereoCamera/SCAM/SCAM.srcs/sources_1/bd/design_1/ipshared/ef1e/hdl/lib_cdc_v1_0_rfs.vhd:106]
INFO: [Synth 8-256] done synthesizing module 'GPIO_Core' (6#1) [/home/ad2039/G00StereoCamera/SCAM/SCAM.srcs/sources_1/bd/design_1/ipshared/e9c1/hdl/axi_gpio_v2_0_vh_rfs.vhd:178]
INFO: [Synth 8-256] done synthesizing module 'axi_gpio' (7#1) [/home/ad2039/G00StereoCamera/SCAM/SCAM.srcs/sources_1/bd/design_1/ipshared/e9c1/hdl/axi_gpio_v2_0_vh_rfs.vhd:1358]
INFO: [Synth 8-256] done synthesizing module 'design_1_axi_gpio_0_0' (8#1) [/home/ad2039/G00StereoCamera/SCAM/SCAM.srcs/sources_1/bd/design_1/ip/design_1_axi_gpio_0_0/synth/design_1_axi_gpio_0_0.vhd:84]
Finished RTL Elaboration : Time (s): cpu = 00:00:09 ; elapsed = 00:00:09 . Memory (MB): peak = 1496.742 ; gain = 0.000 ; free physical = 6922 ; free virtual = 50884
Finished RTL Optimization Phase 1 : Time (s): cpu = 00:00:09 ; elapsed = 00:00:09 . Memory (MB): peak = 1496.742 ; gain = 0.000 ; free physical = 6959 ; free virtual = 50921
INFO: [Device 21-403] Loading part xczu9eg-ffvb1156-2-i
Constraint Validation Runtime : Time (s): cpu = 00:00:00.01 ; elapsed = 00:00:00.01 . Memory (MB): peak = 2119.641 ; gain = 0.000 ; free physical = 470 ; free virtual = 41418
Finished Constraint Validation : Time (s): cpu = 00:00:31 ; elapsed = 00:00:41 . Memory (MB): peak = 2119.641 ; gain = 622.898 ; free physical = 793 ; free virtual = 40605
Finished Loading Part and Timing Information : Time (s): cpu = 00:00:31 ; elapsed = 00:00:41 . Memory (MB): peak = 2119.641 ; gain = 622.898 ; free physical = 794 ; free virtual = 40605
Finished applying 'set_property' XDC Constraints : Time (s): cpu = 00:00:31 ; elapsed = 00:00:41 . Memory (MB): peak = 2119.641 ; gain = 622.898 ; free physical = 793 ; free virtual = 40604
Finished RTL Optimization Phase 2 : Time (s): cpu = 00:00:31 ; elapsed = 00:00:41 . Memory (MB): peak = 2119.641 ; gain = 622.898 ; free physical = 734 ; free virtual = 40544
Finished Cross Boundary and Area Optimization : Time (s): cpu = 00:00:31 ; elapsed = 00:00:42 . Memory (MB): peak = 2119.641 ; gain = 622.898 ; free physical = 656 ; free virtual = 40467
Finished Applying XDC Timing Constraints : Time (s): cpu = 00:00:49 ; elapsed = 00:01:19 . Memory (MB): peak = 2733.617 ; gain = 1236.875 ; free physical = 1865 ; free virtual = 32633
Finished Timing Optimization : Time (s): cpu = 00:00:49 ; elapsed = 00:01:19 . Memory (MB): peak = 2743.633 ; gain = 1246.891 ; free physical = 1889 ; free virtual = 32657
Finished Technology Mapping : Time (s): cpu = 00:00:49 ; elapsed = 00:01:19 . Memory (MB): peak = 2753.648 ; gain = 1256.906 ; free physical = 1857 ; free virtual = 32625
Finished IO Insertion : Time (s): cpu = 00:00:50 ; elapsed = 00:01:20 . Memory (MB): peak = 2753.648 ; gain = 1256.906 ; free physical = 3572 ; free virtual = 34340
Finished Renaming Generated Instances : Time (s): cpu = 00:00:50 ; elapsed = 00:01:20 . Memory (MB): peak = 2753.648 ; gain = 1256.906 ; free physical = 3570 ; free virtual = 34338
Finished Rebuilding User Hierarchy : Time (s): cpu = 00:00:50 ; elapsed = 00:01:20 . Memory (MB): peak = 2753.648 ; gain = 1256.906 ; free physical = 3563 ; free virtual = 34331
Finished Renaming Generated Ports : Time (s): cpu = 00:00:50 ; elapsed = 00:01:20 . Memory (MB): peak = 2753.648 ; gain = 1256.906 ; free physical = 3562 ; free virtual = 34330
Finished Handling Custom Attributes : Time (s): cpu = 00:00:50 ; elapsed = 00:01:20 . Memory (MB): peak = 2753.648 ; gain = 1256.906 ; free physical = 3561 ; free virtual = 34329
Finished Renaming Generated Nets : Time (s): cpu = 00:00:50 ; elapsed = 00:01:20 . Memory (MB): peak = 2753.648 ; gain = 1256.906 ; free physical = 3560 ; free virtual = 34328

Report Cell Usage: 
+------+-----+------+
|      |Cell |Count |
+------+-----+------+
|1     |LUT1 |     2|
|2     |LUT2 |    10|
|3     |LUT3 |     8|
|4     |LUT4 |     9|
|5     |LUT5 |    15|
|6     |LUT6 |     8|
|7     |FDR  |    20|
|8     |FDRE |    53|
|9     |FDSE |     5|
+------+-----+------+
Finished Writing Synthesis Report : Time (s): cpu = 00:00:50 ; elapsed = 00:01:20 . Memory (MB): peak = 2753.648 ; gain = 1256.906 ; free physical = 3559 ; free virtual = 34327
synth_design: Time (s): cpu = 00:00:52 ; elapsed = 00:01:21 . Memory (MB): peak = 2808.664 ; gain = 1333.297 ; free physical = 3625 ; free virtual = 34393
