
****** Vivado(TM) HLS - High-Level Synthesis from C, C++ and SystemC v2017.3 (64-bit)
  **** SW Build 2018833 on Wed Oct  4 19:58:07 MDT 2017
  **** IP Build 2016188 on Wed Oct  4 21:52:56 MDT 2017
    ** Copyright 1986-2017 Xilinx, Inc. All Rights Reserved.

source /tools/Xilinx1/Vivado/2017.3/scripts/vivado_hls/hls.tcl -notrace
INFO: [HLS 200-10] Running '/tools/Xilinx1/Vivado/2017.3/bin/unwrapped/lnx64.o/vivado_hls'
INFO: [HLS 200-10] For user 'ad2039' on host 'ad2039' (Linux_x86_64 version 5.4.0-65-generic) on Sat Jul 24 19:16:21 CDT 2021
INFO: [HLS 200-10] On os Ubuntu 18.04.5 LTS
INFO: [HLS 200-10] In directory '/home/ad2039/G00StereoCamera/SCAM/SCAM.runs/design_1_v_demosaic_0_1_synth_1'
INFO: [HLS 200-10] Creating and opening project '/home/ad2039/G00StereoCamera/SCAM/SCAM.runs/design_1_v_demosaic_0_1_synth_1/design_1_v_demosaic_0_1'.
INFO: [HLS 200-10] Adding design file '/home/ad2039/G00StereoCamera/SCAM/SCAM.srcs/sources_1/bd/design_1/ip/design_1_v_demosaic_0_1/src/v_demosaic_config.h' to the project
INFO: [HLS 200-10] Adding design file '/home/ad2039/G00StereoCamera/SCAM/SCAM.srcs/sources_1/bd/design_1/ip/design_1_v_demosaic_0_1/src/v_demosaic.cpp' to the project
INFO: [HLS 200-10] Adding design file '/home/ad2039/G00StereoCamera/SCAM/SCAM.srcs/sources_1/bd/design_1/ip/design_1_v_demosaic_0_1/src/v_demosaic.h' to the project
INFO: [HLS 200-10] Creating and opening solution '/home/ad2039/G00StereoCamera/SCAM/SCAM.runs/design_1_v_demosaic_0_1_synth_1/design_1_v_demosaic_0_1/prj'.
INFO: [HLS 200-10] Setting target device to 'xczu9eg-ffvb1156-2-i'
INFO: [SYN 201-201] Setting up clock 'ap_clk' with a period of 3.334ns.
INFO: [HLS 200-10] Analyzing design file '/home/ad2039/G00StereoCamera/SCAM/SCAM.srcs/sources_1/bd/design_1/ip/design_1_v_demosaic_0_1/src/v_demosaic.cpp' ... 
INFO: [HLS 200-111] Finished Checking Pragmas Time (s): cpu = 00:00:07 ; elapsed = 00:00:09 . Memory (MB): peak = 360.445 ; gain = 13.375 ; free physical = 11560 ; free virtual = 43023
INFO: [HLS 200-111] Finished Linking Time (s): cpu = 00:00:08 ; elapsed = 00:00:10 . Memory (MB): peak = 360.445 ; gain = 13.375 ; free physical = 10828 ; free virtual = 42307
INFO: [HLS 200-10] Starting code transformations ...
INFO: [XFORM 203-603] Inlining function 'hls::AXIGetBitFields<16, ap_uint<8> >.1' into 'hls::AXIGetBitFields<16, ap_uint<8> >' (/tools/Xilinx1/Vivado/2017.3/common/technology/autopilot/hls/hls_axi_io.h:71).
INFO: [XFORM 203-603] Inlining function 'hls::AXIGetBitFields<16, ap_uint<8> >' into 'AXIvideo2MultiBayer' (/home/ad2039/G00StereoCamera/SCAM/SCAM.srcs/sources_1/bd/design_1/ip/design_1_v_demosaic_0_1/src/v_demosaic.cpp:164).
INFO: [XFORM 203-603] Inlining function 'hls::LineBuffer<5, 3841, hls::Scalar<2, ap_uint<8> >, 0>::getval' into 'DebayerG' (/home/ad2039/G00StereoCamera/SCAM/SCAM.srcs/sources_1/bd/design_1/ip/design_1_v_demosaic_0_1/src/v_demosaic.cpp:346).
INFO: [XFORM 203-603] Inlining function 'hls::LineBuffer<5, 3841, hls::Scalar<2, ap_uint<8> >, 0>::insert_top_row' into 'hls::LineBuffer<5, 3841, hls::Scalar<2, ap_uint<8> >, 0>::insert_bottom' (/tools/Xilinx1/Vivado/2017.3/common/technology/autopilot/hls/hls_video_mem.h:873).
INFO: [XFORM 203-603] Inlining function 'hls::LineBuffer<5, 3841, hls::Scalar<2, ap_uint<8> >, 0>::insert_bottom' into 'DebayerG' (/home/ad2039/G00StereoCamera/SCAM/SCAM.srcs/sources_1/bd/design_1/ip/design_1_v_demosaic_0_1/src/v_demosaic.cpp:356).
INFO: [XFORM 203-603] Inlining function 'hls::Window<5, 6, ap_uint<8> >::insert_pixel' into 'hls::Window<5, 6, ap_uint<8> >::insert' (/tools/Xilinx1/Vivado/2017.3/common/technology/autopilot/hls/hls_video_mem.h:573).
INFO: [XFORM 203-603] Inlining function 'hls::Window<5, 6, ap_uint<8> >::insert' into 'DebayerG' (/home/ad2039/G00StereoCamera/SCAM/SCAM.srcs/sources_1/bd/design_1/ip/design_1_v_demosaic_0_1/src/v_demosaic.cpp:415).
INFO: [XFORM 203-603] Inlining function 'hls::Window<5, 6, ap_uint<8> >::insert' into 'DebayerG' (/home/ad2039/G00StereoCamera/SCAM/SCAM.srcs/sources_1/bd/design_1/ip/design_1_v_demosaic_0_1/src/v_demosaic.cpp:395).
INFO: [XFORM 203-603] Inlining function 'hls::Window<5, 6, ap_uint<8> >::insert' into 'DebayerG' (/home/ad2039/G00StereoCamera/SCAM/SCAM.srcs/sources_1/bd/design_1/ip/design_1_v_demosaic_0_1/src/v_demosaic.cpp:385).
INFO: [XFORM 203-603] Inlining function 'hls::Window<5, 6, ap_uint<8> >::getval' into 'hls::Window<5, 6, ap_uint<8> >::operator()' (/tools/Xilinx1/Vivado/2017.3/common/technology/autopilot/hls/hls_video_mem.h:501).
INFO: [XFORM 203-603] Inlining function 'hls::Window<5, 6, ap_uint<8> >::getval' into 'DebayerG' (/home/ad2039/G00StereoCamera/SCAM/SCAM.srcs/sources_1/bd/design_1/ip/design_1_v_demosaic_0_1/src/v_demosaic.cpp:434).
INFO: [XFORM 203-603] Inlining function 'hls::Window<5, 6, ap_uint<8> >::operator()' into 'DebayerG' (/home/ad2039/G00StereoCamera/SCAM/SCAM.srcs/sources_1/bd/design_1/ip/design_1_v_demosaic_0_1/src/v_demosaic.cpp:498).
INFO: [XFORM 203-603] Inlining function 'hls::Window<5, 6, ap_uint<8> >::operator()' into 'DebayerG' (/home/ad2039/G00StereoCamera/SCAM/SCAM.srcs/sources_1/bd/design_1/ip/design_1_v_demosaic_0_1/src/v_demosaic.cpp:497).
INFO: [XFORM 203-603] Inlining function 'hls::Window<5, 6, ap_uint<8> >::operator()' into 'DebayerG' (/home/ad2039/G00StereoCamera/SCAM/SCAM.srcs/sources_1/bd/design_1/ip/design_1_v_demosaic_0_1/src/v_demosaic.cpp:495).
INFO: [XFORM 203-603] Inlining function 'hls::Window<5, 6, ap_uint<8> >::operator()' into 'DebayerG' (/home/ad2039/G00StereoCamera/SCAM/SCAM.srcs/sources_1/bd/design_1/ip/design_1_v_demosaic_0_1/src/v_demosaic.cpp:475).
INFO: [XFORM 203-603] Inlining function 'hls::Window<5, 6, ap_uint<8> >::operator()' into 'DebayerG' (/home/ad2039/G00StereoCamera/SCAM/SCAM.srcs/sources_1/bd/design_1/ip/design_1_v_demosaic_0_1/src/v_demosaic.cpp:475).
INFO: [XFORM 203-603] Inlining function 'hls::Window<5, 6, ap_uint<8> >::operator()' into 'DebayerG' (/home/ad2039/G00StereoCamera/SCAM/SCAM.srcs/sources_1/bd/design_1/ip/design_1_v_demosaic_0_1/src/v_demosaic.cpp:475).
INFO: [XFORM 203-603] Inlining function 'hls::Window<5, 6, ap_uint<8> >::operator()' into 'DebayerG' (/home/ad2039/G00StereoCamera/SCAM/SCAM.srcs/sources_1/bd/design_1/ip/design_1_v_demosaic_0_1/src/v_demosaic.cpp:475).
INFO: [XFORM 203-603] Inlining function 'hls::Window<5, 6, ap_uint<8> >::operator()' into 'DebayerG' (/home/ad2039/G00StereoCamera/SCAM/SCAM.srcs/sources_1/bd/design_1/ip/design_1_v_demosaic_0_1/src/v_demosaic.cpp:474).
INFO: [XFORM 203-603] Inlining function 'hls::Window<5, 6, ap_uint<8> >::operator()' into 'DebayerG' (/home/ad2039/G00StereoCamera/SCAM/SCAM.srcs/sources_1/bd/design_1/ip/design_1_v_demosaic_0_1/src/v_demosaic.cpp:474).
INFO: [XFORM 203-603] Inlining function 'hls::Window<5, 6, ap_uint<8> >::operator()' into 'DebayerG' (/home/ad2039/G00StereoCamera/SCAM/SCAM.srcs/sources_1/bd/design_1/ip/design_1_v_demosaic_0_1/src/v_demosaic.cpp:474).
INFO: [XFORM 203-603] Inlining function 'hls::Window<5, 6, ap_uint<8> >::operator()' into 'DebayerG' (/home/ad2039/G00StereoCamera/SCAM/SCAM.srcs/sources_1/bd/design_1/ip/design_1_v_demosaic_0_1/src/v_demosaic.cpp:474).
INFO: [XFORM 203-603] Inlining function 'hls::Window<5, 6, ap_uint<8> >::operator()' into 'DebayerG' (/home/ad2039/G00StereoCamera/SCAM/SCAM.srcs/sources_1/bd/design_1/ip/design_1_v_demosaic_0_1/src/v_demosaic.cpp:452).
INFO: [XFORM 203-603] Inlining function 'hls::Window<5, 6, ap_uint<8> >::operator()' into 'DebayerG' (/home/ad2039/G00StereoCamera/SCAM/SCAM.srcs/sources_1/bd/design_1/ip/design_1_v_demosaic_0_1/src/v_demosaic.cpp:452).
INFO: [XFORM 203-603] Inlining function 'hls::Window<5, 6, ap_uint<8> >::operator()' into 'DebayerG' (/home/ad2039/G00StereoCamera/SCAM/SCAM.srcs/sources_1/bd/design_1/ip/design_1_v_demosaic_0_1/src/v_demosaic.cpp:452).
INFO: [XFORM 203-603] Inlining function 'hls::Window<5, 6, ap_uint<8> >::operator()' into 'DebayerG' (/home/ad2039/G00StereoCamera/SCAM/SCAM.srcs/sources_1/bd/design_1/ip/design_1_v_demosaic_0_1/src/v_demosaic.cpp:451).
INFO: [XFORM 203-603] Inlining function 'hls::Window<5, 6, ap_uint<8> >::operator()' into 'DebayerG' (/home/ad2039/G00StereoCamera/SCAM/SCAM.srcs/sources_1/bd/design_1/ip/design_1_v_demosaic_0_1/src/v_demosaic.cpp:451).
INFO: [XFORM 203-603] Inlining function 'hls::Window<5, 6, ap_uint<8> >::operator()' into 'DebayerG' (/home/ad2039/G00StereoCamera/SCAM/SCAM.srcs/sources_1/bd/design_1/ip/design_1_v_demosaic_0_1/src/v_demosaic.cpp:451).
INFO: [XFORM 203-603] Inlining function 'hls::Window<5, 6, ap_uint<8> >::operator()' into 'DebayerG' (/home/ad2039/G00StereoCamera/SCAM/SCAM.srcs/sources_1/bd/design_1/ip/design_1_v_demosaic_0_1/src/v_demosaic.cpp:450).
INFO: [XFORM 203-603] Inlining function 'hls::Window<5, 6, ap_uint<8> >::operator()' into 'DebayerG' (/home/ad2039/G00StereoCamera/SCAM/SCAM.srcs/sources_1/bd/design_1/ip/design_1_v_demosaic_0_1/src/v_demosaic.cpp:450).
INFO: [XFORM 203-603] Inlining function 'hls::Window<5, 6, ap_uint<8> >::operator()' into 'DebayerG' (/home/ad2039/G00StereoCamera/SCAM/SCAM.srcs/sources_1/bd/design_1/ip/design_1_v_demosaic_0_1/src/v_demosaic.cpp:450).
INFO: [XFORM 203-603] Inlining function 'hls::Window<5, 6, ap_uint<8> >::operator()' into 'DebayerG' (/home/ad2039/G00StereoCamera/SCAM/SCAM.srcs/sources_1/bd/design_1/ip/design_1_v_demosaic_0_1/src/v_demosaic.cpp:449).
INFO: [XFORM 203-603] Inlining function 'hls::Window<5, 6, ap_uint<8> >::operator()' into 'DebayerG' (/home/ad2039/G00StereoCamera/SCAM/SCAM.srcs/sources_1/bd/design_1/ip/design_1_v_demosaic_0_1/src/v_demosaic.cpp:449).
INFO: [XFORM 203-603] Inlining function 'hls::Window<5, 6, ap_uint<8> >::operator()' into 'DebayerG' (/home/ad2039/G00StereoCamera/SCAM/SCAM.srcs/sources_1/bd/design_1/ip/design_1_v_demosaic_0_1/src/v_demosaic.cpp:449).
INFO: [XFORM 203-603] Inlining function 'hls::Window<5, 6, ap_uint<8> >::operator()' into 'DebayerG' (/home/ad2039/G00StereoCamera/SCAM/SCAM.srcs/sources_1/bd/design_1/ip/design_1_v_demosaic_0_1/src/v_demosaic.cpp:448).
INFO: [XFORM 203-603] Inlining function 'hls::Window<5, 6, ap_uint<8> >::operator()' into 'DebayerG' (/home/ad2039/G00StereoCamera/SCAM/SCAM.srcs/sources_1/bd/design_1/ip/design_1_v_demosaic_0_1/src/v_demosaic.cpp:448).
INFO: [XFORM 203-603] Inlining function 'hls::Window<5, 6, ap_uint<8> >::operator()' into 'DebayerG' (/home/ad2039/G00StereoCamera/SCAM/SCAM.srcs/sources_1/bd/design_1/ip/design_1_v_demosaic_0_1/src/v_demosaic.cpp:448).
INFO: [XFORM 203-603] Inlining function 'hls::Window<5, 6, ap_uint<8> >::operator()' into 'DebayerG' (/home/ad2039/G00StereoCamera/SCAM/SCAM.srcs/sources_1/bd/design_1/ip/design_1_v_demosaic_0_1/src/v_demosaic.cpp:447).
INFO: [XFORM 203-603] Inlining function 'hls::Window<5, 6, ap_uint<8> >::operator()' into 'DebayerG' (/home/ad2039/G00StereoCamera/SCAM/SCAM.srcs/sources_1/bd/design_1/ip/design_1_v_demosaic_0_1/src/v_demosaic.cpp:447).
INFO: [XFORM 203-603] Inlining function 'hls::Window<5, 6, ap_uint<8> >::operator()' into 'DebayerG' (/home/ad2039/G00StereoCamera/SCAM/SCAM.srcs/sources_1/bd/design_1/ip/design_1_v_demosaic_0_1/src/v_demosaic.cpp:447).
INFO: [XFORM 203-603] Inlining function 'hls::Window<5, 6, ap_uint<8> >::operator()' into 'DebayerG' (/home/ad2039/G00StereoCamera/SCAM/SCAM.srcs/sources_1/bd/design_1/ip/design_1_v_demosaic_0_1/src/v_demosaic.cpp:446).
INFO: [XFORM 203-603] Inlining function 'hls::Window<5, 6, ap_uint<8> >::operator()' into 'DebayerG' (/home/ad2039/G00StereoCamera/SCAM/SCAM.srcs/sources_1/bd/design_1/ip/design_1_v_demosaic_0_1/src/v_demosaic.cpp:446).
INFO: [XFORM 203-603] Inlining function 'hls::Window<5, 6, ap_uint<8> >::operator()' into 'DebayerG' (/home/ad2039/G00StereoCamera/SCAM/SCAM.srcs/sources_1/bd/design_1/ip/design_1_v_demosaic_0_1/src/v_demosaic.cpp:446).
INFO: [XFORM 203-603] Inlining function 'hls::Window<5, 6, ap_uint<8> >::operator()' into 'DebayerG' (/home/ad2039/G00StereoCamera/SCAM/SCAM.srcs/sources_1/bd/design_1/ip/design_1_v_demosaic_0_1/src/v_demosaic.cpp:445).
INFO: [XFORM 203-603] Inlining function 'hls::Window<5, 6, ap_uint<8> >::operator()' into 'DebayerG' (/home/ad2039/G00StereoCamera/SCAM/SCAM.srcs/sources_1/bd/design_1/ip/design_1_v_demosaic_0_1/src/v_demosaic.cpp:445).
INFO: [XFORM 203-603] Inlining function 'hls::Window<5, 6, ap_uint<8> >::operator()' into 'DebayerG' (/home/ad2039/G00StereoCamera/SCAM/SCAM.srcs/sources_1/bd/design_1/ip/design_1_v_demosaic_0_1/src/v_demosaic.cpp:445).
INFO: [XFORM 203-603] Inlining function 'hls::Window<5, 6, ap_uint<8> >::operator()' into 'DebayerG' (/home/ad2039/G00StereoCamera/SCAM/SCAM.srcs/sources_1/bd/design_1/ip/design_1_v_demosaic_0_1/src/v_demosaic.cpp:444).
INFO: [XFORM 203-603] Inlining function 'hls::Window<5, 6, ap_uint<8> >::operator()' into 'DebayerG' (/home/ad2039/G00StereoCamera/SCAM/SCAM.srcs/sources_1/bd/design_1/ip/design_1_v_demosaic_0_1/src/v_demosaic.cpp:444).
INFO: [XFORM 203-603] Inlining function 'hls::Window<5, 6, ap_uint<8> >::operator()' into 'DebayerG' (/home/ad2039/G00StereoCamera/SCAM/SCAM.srcs/sources_1/bd/design_1/ip/design_1_v_demosaic_0_1/src/v_demosaic.cpp:444).
INFO: [XFORM 203-603] Inlining function 'hls::Window<5, 6, ap_uint<8> >::operator()' into 'DebayerG' (/home/ad2039/G00StereoCamera/SCAM/SCAM.srcs/sources_1/bd/design_1/ip/design_1_v_demosaic_0_1/src/v_demosaic.cpp:443).
INFO: [XFORM 203-603] Inlining function 'hls::Window<5, 6, ap_uint<8> >::operator()' into 'DebayerG' (/home/ad2039/G00StereoCamera/SCAM/SCAM.srcs/sources_1/bd/design_1/ip/design_1_v_demosaic_0_1/src/v_demosaic.cpp:443).
INFO: [XFORM 203-603] Inlining function 'hls::Window<5, 6, ap_uint<8> >::operator()' into 'DebayerG' (/home/ad2039/G00StereoCamera/SCAM/SCAM.srcs/sources_1/bd/design_1/ip/design_1_v_demosaic_0_1/src/v_demosaic.cpp:443).
INFO: [XFORM 203-603] Inlining function 'hls::Window<5, 6, ap_uint<8> >::operator()' into 'DebayerG' (/home/ad2039/G00StereoCamera/SCAM/SCAM.srcs/sources_1/bd/design_1/ip/design_1_v_demosaic_0_1/src/v_demosaic.cpp:442).
INFO: [XFORM 203-603] Inlining function 'hls::Window<5, 6, ap_uint<8> >::operator()' into 'DebayerG' (/home/ad2039/G00StereoCamera/SCAM/SCAM.srcs/sources_1/bd/design_1/ip/design_1_v_demosaic_0_1/src/v_demosaic.cpp:442).
INFO: [XFORM 203-603] Inlining function 'hls::Window<5, 6, ap_uint<8> >::operator()' into 'DebayerG' (/home/ad2039/G00StereoCamera/SCAM/SCAM.srcs/sources_1/bd/design_1/ip/design_1_v_demosaic_0_1/src/v_demosaic.cpp:442).
INFO: [XFORM 203-603] Inlining function 'hls::Window<5, 6, ap_uint<8> >::operator()' into 'DebayerG' (/home/ad2039/G00StereoCamera/SCAM/SCAM.srcs/sources_1/bd/design_1/ip/design_1_v_demosaic_0_1/src/v_demosaic.cpp:441).
INFO: [XFORM 203-603] Inlining function 'hls::Window<5, 6, ap_uint<8> >::operator()' into 'DebayerG' (/home/ad2039/G00StereoCamera/SCAM/SCAM.srcs/sources_1/bd/design_1/ip/design_1_v_demosaic_0_1/src/v_demosaic.cpp:441).
INFO: [XFORM 203-603] Inlining function 'hls::Window<5, 6, ap_uint<8> >::operator()' into 'DebayerG' (/home/ad2039/G00StereoCamera/SCAM/SCAM.srcs/sources_1/bd/design_1/ip/design_1_v_demosaic_0_1/src/v_demosaic.cpp:441).
INFO: [XFORM 203-603] Inlining function 'hls::LineBuffer<3, 1921, hls::Scalar<6, ap_uint<8> >, 0>::getval' into 'DebayerRatBorBatR' (/home/ad2039/G00StereoCamera/SCAM/SCAM.srcs/sources_1/bd/design_1/ip/design_1_v_demosaic_0_1/src/v_demosaic.cpp:634).
INFO: [XFORM 203-603] Inlining function 'hls::LineBuffer<3, 1921, hls::Scalar<6, ap_uint<8> >, 0>::insert_top_row' into 'hls::LineBuffer<3, 1921, hls::Scalar<6, ap_uint<8> >, 0>::insert_bottom' (/tools/Xilinx1/Vivado/2017.3/common/technology/autopilot/hls/hls_video_mem.h:873).
INFO: [XFORM 203-603] Inlining function 'hls::LineBuffer<3, 1921, hls::Scalar<6, ap_uint<8> >, 0>::insert_bottom' into 'DebayerRatBorBatR' (/home/ad2039/G00StereoCamera/SCAM/SCAM.srcs/sources_1/bd/design_1/ip/design_1_v_demosaic_0_1/src/v_demosaic.cpp:644).
INFO: [XFORM 203-603] Inlining function 'hls::Window<3, 5, hls::Scalar<3, ap_uint<8> > >::insert_pixel' into 'hls::Window<3, 5, hls::Scalar<3, ap_uint<8> > >::insert' (/tools/Xilinx1/Vivado/2017.3/common/technology/autopilot/hls/hls_video_mem.h:573).
INFO: [XFORM 203-603] Inlining function 'hls::Window<3, 5, hls::Scalar<3, ap_uint<8> > >::insert' into 'DebayerRandBatG' (/home/ad2039/G00StereoCamera/SCAM/SCAM.srcs/sources_1/bd/design_1/ip/design_1_v_demosaic_0_1/src/v_demosaic.cpp:920).
INFO: [XFORM 203-603] Inlining function 'hls::Window<3, 5, hls::Scalar<3, ap_uint<8> > >::insert' into 'DebayerRandBatG' (/home/ad2039/G00StereoCamera/SCAM/SCAM.srcs/sources_1/bd/design_1/ip/design_1_v_demosaic_0_1/src/v_demosaic.cpp:898).
INFO: [XFORM 203-603] Inlining function 'hls::Window<3, 5, hls::Scalar<3, ap_uint<8> > >::insert' into 'DebayerRandBatG' (/home/ad2039/G00StereoCamera/SCAM/SCAM.srcs/sources_1/bd/design_1/ip/design_1_v_demosaic_0_1/src/v_demosaic.cpp:886).
INFO: [XFORM 203-603] Inlining function 'hls::Window<3, 5, hls::Scalar<3, ap_uint<8> > >::insert' into 'DebayerRatBorBatR' (/home/ad2039/G00StereoCamera/SCAM/SCAM.srcs/sources_1/bd/design_1/ip/design_1_v_demosaic_0_1/src/v_demosaic.cpp:709).
INFO: [XFORM 203-603] Inlining function 'hls::Window<3, 5, hls::Scalar<3, ap_uint<8> > >::insert' into 'DebayerRatBorBatR' (/home/ad2039/G00StereoCamera/SCAM/SCAM.srcs/sources_1/bd/design_1/ip/design_1_v_demosaic_0_1/src/v_demosaic.cpp:687).
INFO: [XFORM 203-603] Inlining function 'hls::Window<3, 5, hls::Scalar<3, ap_uint<8> > >::insert' into 'DebayerRatBorBatR' (/home/ad2039/G00StereoCamera/SCAM/SCAM.srcs/sources_1/bd/design_1/ip/design_1_v_demosaic_0_1/src/v_demosaic.cpp:675).
INFO: [XFORM 203-603] Inlining function 'hls::Window<3, 5, hls::Scalar<3, ap_uint<8> > >::getval' into 'hls::Window<3, 5, hls::Scalar<3, ap_uint<8> > >::operator()' (/tools/Xilinx1/Vivado/2017.3/common/technology/autopilot/hls/hls_video_mem.h:501).
INFO: [XFORM 203-603] Inlining function 'hls::Window<3, 5, hls::Scalar<3, ap_uint<8> > >::operator()' into 'DebayerRandBatG' (/home/ad2039/G00StereoCamera/SCAM/SCAM.srcs/sources_1/bd/design_1/ip/design_1_v_demosaic_0_1/src/v_demosaic.cpp:940).
INFO: [XFORM 203-603] Inlining function 'hls::Window<3, 5, hls::Scalar<3, ap_uint<8> > >::operator()' into 'DebayerRandBatG' (/home/ad2039/G00StereoCamera/SCAM/SCAM.srcs/sources_1/bd/design_1/ip/design_1_v_demosaic_0_1/src/v_demosaic.cpp:939).
INFO: [XFORM 203-603] Inlining function 'hls::Window<3, 5, hls::Scalar<3, ap_uint<8> > >::operator()' into 'DebayerRandBatG' (/home/ad2039/G00StereoCamera/SCAM/SCAM.srcs/sources_1/bd/design_1/ip/design_1_v_demosaic_0_1/src/v_demosaic.cpp:938).
INFO: [XFORM 203-603] Inlining function 'hls::Window<3, 5, hls::Scalar<3, ap_uint<8> > >::operator()' into 'DebayerRandBatG' (/home/ad2039/G00StereoCamera/SCAM/SCAM.srcs/sources_1/bd/design_1/ip/design_1_v_demosaic_0_1/src/v_demosaic.cpp:937).
INFO: [XFORM 203-603] Inlining function 'hls::Window<3, 5, hls::Scalar<3, ap_uint<8> > >::operator()' into 'DebayerRandBatG' (/home/ad2039/G00StereoCamera/SCAM/SCAM.srcs/sources_1/bd/design_1/ip/design_1_v_demosaic_0_1/src/v_demosaic.cpp:936).
INFO: [XFORM 203-603] Inlining function 'hls::Window<3, 5, hls::Scalar<3, ap_uint<8> > >::operator()' into 'DebayerRandBatG' (/home/ad2039/G00StereoCamera/SCAM/SCAM.srcs/sources_1/bd/design_1/ip/design_1_v_demosaic_0_1/src/v_demosaic.cpp:928).
INFO: [XFORM 203-603] Inlining function 'hls::Window<3, 5, hls::Scalar<3, ap_uint<8> > >::operator()' into 'DebayerRatBorBatR' (/home/ad2039/G00StereoCamera/SCAM/SCAM.srcs/sources_1/bd/design_1/ip/design_1_v_demosaic_0_1/src/v_demosaic.cpp:734).
INFO: [XFORM 203-603] Inlining function 'hls::Window<3, 5, hls::Scalar<3, ap_uint<8> > >::operator()' into 'DebayerRatBorBatR' (/home/ad2039/G00StereoCamera/SCAM/SCAM.srcs/sources_1/bd/design_1/ip/design_1_v_demosaic_0_1/src/v_demosaic.cpp:733).
INFO: [XFORM 203-603] Inlining function 'hls::Window<3, 5, hls::Scalar<3, ap_uint<8> > >::operator()' into 'DebayerRatBorBatR' (/home/ad2039/G00StereoCamera/SCAM/SCAM.srcs/sources_1/bd/design_1/ip/design_1_v_demosaic_0_1/src/v_demosaic.cpp:732).
INFO: [XFORM 203-603] Inlining function 'hls::Window<3, 5, hls::Scalar<3, ap_uint<8> > >::operator()' into 'DebayerRatBorBatR' (/home/ad2039/G00StereoCamera/SCAM/SCAM.srcs/sources_1/bd/design_1/ip/design_1_v_demosaic_0_1/src/v_demosaic.cpp:731).
INFO: [XFORM 203-603] Inlining function 'hls::Window<3, 5, hls::Scalar<3, ap_uint<8> > >::operator()' into 'DebayerRatBorBatR' (/home/ad2039/G00StereoCamera/SCAM/SCAM.srcs/sources_1/bd/design_1/ip/design_1_v_demosaic_0_1/src/v_demosaic.cpp:730).
INFO: [XFORM 203-603] Inlining function 'hls::Window<3, 5, hls::Scalar<3, ap_uint<8> > >::operator()' into 'DebayerRatBorBatR' (/home/ad2039/G00StereoCamera/SCAM/SCAM.srcs/sources_1/bd/design_1/ip/design_1_v_demosaic_0_1/src/v_demosaic.cpp:717).
INFO: [XFORM 203-603] Inlining function 'hls::LineBuffer<3, 3841, hls::Scalar<6, ap_uint<8> >, 0>::getval' into 'DebayerRandBatG' (/home/ad2039/G00StereoCamera/SCAM/SCAM.srcs/sources_1/bd/design_1/ip/design_1_v_demosaic_0_1/src/v_demosaic.cpp:845).
INFO: [XFORM 203-603] Inlining function 'hls::LineBuffer<3, 3841, hls::Scalar<6, ap_uint<8> >, 0>::insert_top_row' into 'hls::LineBuffer<3, 3841, hls::Scalar<6, ap_uint<8> >, 0>::insert_bottom' (/tools/Xilinx1/Vivado/2017.3/common/technology/autopilot/hls/hls_video_mem.h:873).
INFO: [XFORM 203-603] Inlining function 'hls::LineBuffer<3, 3841, hls::Scalar<6, ap_uint<8> >, 0>::insert_bottom' into 'DebayerRandBatG' (/home/ad2039/G00StereoCamera/SCAM/SCAM.srcs/sources_1/bd/design_1/ip/design_1_v_demosaic_0_1/src/v_demosaic.cpp:855).
INFO: [HLS 200-111] Finished Standard Transforms Time (s): cpu = 00:00:11 ; elapsed = 00:00:14 . Memory (MB): peak = 552.441 ; gain = 205.371 ; free physical = 11247 ; free virtual = 42761
INFO: [HLS 200-10] Checking synthesizability ...
WARNING: [SYNCHK 200-23] /home/ad2039/G00StereoCamera/SCAM/SCAM.srcs/sources_1/bd/design_1/ip/design_1_v_demosaic_0_1/src/v_demosaic.cpp:256: variable-indexed range selection may cause suboptimal QoR.
INFO: [SYNCHK 200-10] 0 error(s), 1 warning(s).
INFO: [HLS 200-111] Finished Checking Synthesizability Time (s): cpu = 00:00:12 ; elapsed = 00:00:15 . Memory (MB): peak = 552.441 ; gain = 205.371 ; free physical = 11352 ; free virtual = 42877
INFO: [XFORM 203-502] Unrolling all sub-loops inside loop 'Loop-2.1' in function 'MultiPixStream2AXIvideo' for pipelining.
INFO: [XFORM 203-502] Unrolling all sub-loops inside loop 'Loop-4.1' in function 'DebayerRatBorBatR' for pipelining.
INFO: [XFORM 203-502] Unrolling all sub-loops inside loop 'Loop-4.1' in function 'DebayerRandBatG' for pipelining.
INFO: [XFORM 203-502] Unrolling all sub-loops inside loop 'Loop-3.1' in function 'DebayerG' for pipelining.
INFO: [XFORM 203-502] Unrolling all sub-loops inside loop 'loop_width' in function 'AXIvideo2MultiBayer' for pipelining.
INFO: [XFORM 203-501] Unrolling loop 'Loop-2.1.1' in function 'MultiPixStream2AXIvideo' completely.
INFO: [XFORM 203-501] Unrolling loop 'Loop-2.1.2' in function 'MultiPixStream2AXIvideo' completely.
INFO: [XFORM 203-501] Unrolling loop 'Loop-2.1.2.1' in function 'MultiPixStream2AXIvideo' completely.
INFO: [XFORM 203-501] Unrolling loop 'Loop-4.1.1' in function 'DebayerRatBorBatR' completely.
INFO: [XFORM 203-501] Unrolling loop 'Loop-4.1.1.1' in function 'DebayerRatBorBatR' completely.
INFO: [XFORM 203-501] Unrolling loop 'Loop-4.1.2' in function 'DebayerRatBorBatR' completely.
INFO: [XFORM 203-501] Unrolling loop 'Loop-4.1.2.1' in function 'DebayerRatBorBatR' completely.
INFO: [XFORM 203-501] Unrolling loop 'Loop-4.1.3' in function 'DebayerRatBorBatR' completely.
INFO: [XFORM 203-501] Unrolling loop 'Loop-4.1.4' in function 'DebayerRatBorBatR' completely.
INFO: [XFORM 203-501] Unrolling loop 'Loop-4.1.5' in function 'DebayerRatBorBatR' completely.
INFO: [XFORM 203-501] Unrolling loop 'Loop-4.1.6' in function 'DebayerRatBorBatR' completely.
INFO: [XFORM 203-501] Unrolling loop 'Loop-4.1.6.1' in function 'DebayerRatBorBatR' completely.
INFO: [XFORM 203-501] Unrolling loop 'Loop-4.1.6.1.1' in function 'DebayerRatBorBatR' completely.
INFO: [XFORM 203-501] Unrolling loop 'Loop-4.1.7' in function 'DebayerRatBorBatR' completely.
INFO: [XFORM 203-501] Unrolling loop 'Loop-4.1.7.1' in function 'DebayerRatBorBatR' completely.
INFO: [XFORM 203-501] Unrolling loop 'Loop-4.1.7.1.1' in function 'DebayerRatBorBatR' completely.
INFO: [XFORM 203-501] Unrolling loop 'Loop-4.1.7.2' in function 'DebayerRatBorBatR' completely.
INFO: [XFORM 203-501] Unrolling loop 'Loop-4.1.7.2.1' in function 'DebayerRatBorBatR' completely.
INFO: [XFORM 203-501] Unrolling loop 'Loop-4.1.8' in function 'DebayerRatBorBatR' completely.
INFO: [XFORM 203-501] Unrolling loop 'Loop-4.1.8.1' in function 'DebayerRatBorBatR' completely.
INFO: [XFORM 203-501] Unrolling loop 'Loop-4.1.9' in function 'DebayerRatBorBatR' completely.
INFO: [XFORM 203-501] Unrolling loop 'Loop-4.1.9.1' in function 'DebayerRatBorBatR' completely.
INFO: [XFORM 203-501] Unrolling loop 'Loop-4.1.9.1.1' in function 'DebayerRatBorBatR' completely.
INFO: [XFORM 203-501] Unrolling loop 'Loop-4.1.10' in function 'DebayerRatBorBatR' completely.
INFO: [XFORM 203-501] Unrolling loop 'Loop-4.1.1' in function 'DebayerRandBatG' completely.
INFO: [XFORM 203-501] Unrolling loop 'Loop-4.1.1.1' in function 'DebayerRandBatG' completely.
INFO: [XFORM 203-501] Unrolling loop 'Loop-4.1.2' in function 'DebayerRandBatG' completely.
INFO: [XFORM 203-501] Unrolling loop 'Loop-4.1.2.1' in function 'DebayerRandBatG' completely.
INFO: [XFORM 203-501] Unrolling loop 'Loop-4.1.3' in function 'DebayerRandBatG' completely.
INFO: [XFORM 203-501] Unrolling loop 'Loop-4.1.4' in function 'DebayerRandBatG' completely.
INFO: [XFORM 203-501] Unrolling loop 'Loop-4.1.5' in function 'DebayerRandBatG' completely.
INFO: [XFORM 203-501] Unrolling loop 'Loop-4.1.6' in function 'DebayerRandBatG' completely.
INFO: [XFORM 203-501] Unrolling loop 'Loop-4.1.6.1' in function 'DebayerRandBatG' completely.
INFO: [XFORM 203-501] Unrolling loop 'Loop-4.1.6.1.1' in function 'DebayerRandBatG' completely.
INFO: [XFORM 203-501] Unrolling loop 'Loop-4.1.7' in function 'DebayerRandBatG' completely.
INFO: [XFORM 203-501] Unrolling loop 'Loop-4.1.7.1' in function 'DebayerRandBatG' completely.
INFO: [XFORM 203-501] Unrolling loop 'Loop-4.1.7.1.1' in function 'DebayerRandBatG' completely.
INFO: [XFORM 203-501] Unrolling loop 'Loop-4.1.7.2' in function 'DebayerRandBatG' completely.
INFO: [XFORM 203-501] Unrolling loop 'Loop-4.1.7.2.1' in function 'DebayerRandBatG' completely.
INFO: [XFORM 203-501] Unrolling loop 'Loop-4.1.8' in function 'DebayerRandBatG' completely.
INFO: [XFORM 203-501] Unrolling loop 'Loop-4.1.8.1' in function 'DebayerRandBatG' completely.
INFO: [XFORM 203-501] Unrolling loop 'Loop-4.1.9' in function 'DebayerRandBatG' completely.
INFO: [XFORM 203-501] Unrolling loop 'Loop-4.1.9.1' in function 'DebayerRandBatG' completely.
INFO: [XFORM 203-501] Unrolling loop 'Loop-4.1.9.1.1' in function 'DebayerRandBatG' completely.
INFO: [XFORM 203-501] Unrolling loop 'Loop-4.1.10' in function 'DebayerRandBatG' completely.
INFO: [XFORM 203-501] Unrolling loop 'Loop-3.1.1' in function 'DebayerG' completely.
INFO: [XFORM 203-501] Unrolling loop 'Loop-3.1.1.1' in function 'DebayerG' completely.
INFO: [XFORM 203-501] Unrolling loop 'Loop-3.1.2' in function 'DebayerG' completely.
INFO: [XFORM 203-501] Unrolling loop 'Loop-3.1.2.1' in function 'DebayerG' completely.
INFO: [XFORM 203-501] Unrolling loop 'Loop-3.1.3' in function 'DebayerG' completely.
INFO: [XFORM 203-501] Unrolling loop 'Loop-3.1.4' in function 'DebayerG' completely.
INFO: [XFORM 203-501] Unrolling loop 'Loop-3.1.5' in function 'DebayerG' completely.
INFO: [XFORM 203-501] Unrolling loop 'Loop-3.1.6' in function 'DebayerG' completely.
INFO: [XFORM 203-501] Unrolling loop 'Loop-3.1.6.1' in function 'DebayerG' completely.
INFO: [XFORM 203-501] Unrolling loop 'Loop-3.1.7' in function 'DebayerG' completely.
INFO: [XFORM 203-501] Unrolling loop 'Loop-3.1.7.1' in function 'DebayerG' completely.
INFO: [XFORM 203-501] Unrolling loop 'Loop-3.1.7.2' in function 'DebayerG' completely.
INFO: [XFORM 203-501] Unrolling loop 'Loop-3.1.8' in function 'DebayerG' completely.
INFO: [XFORM 203-501] Unrolling loop 'Loop-3.1.8.1' in function 'DebayerG' completely.
INFO: [XFORM 203-501] Unrolling loop 'Loop-3.1.9' in function 'DebayerG' completely.
INFO: [XFORM 203-501] Unrolling loop 'Loop-3.1.9.1' in function 'DebayerG' completely.
INFO: [XFORM 203-501] Unrolling loop 'Loop-3.1.10' in function 'DebayerG' completely.
INFO: [XFORM 203-501] Unrolling loop 'Loop-3.1.10.1' in function 'DebayerG' completely.
INFO: [XFORM 203-501] Unrolling loop 'Loop-3.1.10.2' in function 'DebayerG' completely.
INFO: [XFORM 203-501] Unrolling loop 'Loop-3.1.10.3' in function 'DebayerG' completely.
INFO: [XFORM 203-501] Unrolling loop 'Loop-2.1.1' in function 'AXIvideo2MultiBayer' completely.
INFO: [XFORM 203-102] Partitioning array 'value.val.V.assign' automatically.
INFO: [XFORM 203-102] Partitioning array 'var.V' automatically.
INFO: [XFORM 203-102] Partitioning array 'SD.V' automatically.
INFO: [XFORM 203-102] Partitioning array 'mean.V' automatically.
INFO: [XFORM 203-102] Partitioning array 'ave.V' automatically.
INFO: [XFORM 203-102] Partitioning array 'w' automatically.
INFO: [XFORM 203-102] Partitioning array 'value.val.V.assign.1' automatically.
INFO: [XFORM 203-102] Partitioning array 'value.val.V.assign.3' automatically.
INFO: [XFORM 203-102] Partitioning array 'value.val.V.assign.2' automatically.
INFO: [XFORM 203-102] Partitioning array 'value.val.V.assign' automatically.
INFO: [XFORM 203-102] Partitioning array 'en_rgd.V' automatically.
INFO: [XFORM 203-102] Partitioning array 'value.val.V.assign' automatically.
INFO: [XFORM 203-102] Partitioning array 'value.val.V.assign.4' automatically.
INFO: [XFORM 203-102] Partitioning array 'value.val.V.assign.6' automatically.
INFO: [XFORM 203-102] Partitioning array 'value.val.V.assign.5' automatically.
INFO: [XFORM 203-102] Automatically partitioning streamed array 'imgBayer.V.val.V' .
INFO: [XFORM 203-102] Automatically partitioning streamed array 'imgRgb.V.val.V' .
INFO: [XFORM 203-102] Automatically partitioning streamed array 'imgG.V.val.V' .
INFO: [XFORM 203-102] Automatically partitioning streamed array 'imgRB.V.val.V' .
INFO: [XFORM 203-101] Partitioning array 'map' in dimension 1 completely.
INFO: [XFORM 203-101] Partitioning array 'tmp.val.V' in dimension 1 completely.
INFO: [XFORM 203-101] Partitioning array 'tmp.val.V' in dimension 1 completely.
INFO: [XFORM 203-101] Partitioning array 'tmp.val.V' in dimension 1 completely.
INFO: [XFORM 203-712] Applying dataflow to function 'Debayer', detected/extracted 3 process function(s): 
	 'DebayerG'
	 'DebayerRatBorBatR'
	 'DebayerRandBatG'.
INFO: [XFORM 203-712] Applying dataflow to function 'v_demosaic', detected/extracted 3 process function(s): 
	 'AXIvideo2MultiBayer331'
	 'Debayer'
	 'MultiPixStream2AXIvideo'.
INFO: [XFORM 203-401] Performing if-conversion on hyperblock in function 'MultiPixStream2AXIvideo'... converting 2 basic blocks.
INFO: [XFORM 203-401] Performing if-conversion on hyperblock in function 'DebayerRatBorBatR'... converting 5 basic blocks.
INFO: [XFORM 203-401] Performing if-conversion on hyperblock in function 'DebayerRatBorBatR'... converting 5 basic blocks.
INFO: [XFORM 203-401] Performing if-conversion on hyperblock in function 'DebayerRatBorBatR'... converting 2 basic blocks.
INFO: [XFORM 203-401] Performing if-conversion on hyperblock in function 'DebayerRandBatG'... converting 17 basic blocks.
INFO: [XFORM 203-401] Performing if-conversion on hyperblock in function 'DebayerRandBatG'... converting 2 basic blocks.
INFO: [XFORM 203-401] Performing if-conversion on hyperblock in function 'DebayerG'... converting 11 basic blocks.
INFO: [XFORM 203-401] Performing if-conversion on hyperblock in function 'DebayerG'... converting 2 basic blocks.
INFO: [HLS 200-111] Finished Pre-synthesis Time (s): cpu = 00:00:16 ; elapsed = 00:00:19 . Memory (MB): peak = 552.441 ; gain = 205.371 ; free physical = 10595 ; free virtual = 42154
WARNING: [XFORM 203-631] Renaming function 'MultiPixStream2AXIvideo' into MultiPixStream2AXIvi.
WARNING: [XFORM 203-631] Renaming function 'AXIvideo2MultiBayer331' into AXIvideo2MultiBayer3.
WARNING: [ANALYSIS 214-52] Found false inter dependency for variable 'linebuf_yuv.val.val..i'.
WARNING: [ANALYSIS 214-52] Found false inter dependency for variable 'linebuf_yuv.val.val..7.i'.
WARNING: [ANALYSIS 214-52] Found false inter dependency for variable 'linebuf_yuv.val.val..2.i'.
WARNING: [ANALYSIS 214-52] Found false inter dependency for variable 'linebuf_yuv.val.val..1.i'.
WARNING: [ANALYSIS 214-52] Found false inter dependency for variable 'linebuf_yuv.val.val..3.i'.
WARNING: [ANALYSIS 214-52] Found false inter dependency for variable 'linebuf_yuv.val.val..4.i'.
WARNING: [ANALYSIS 214-52] Found false inter dependency for variable 'linebuf_yuv.val.val..5.i'.
WARNING: [ANALYSIS 214-52] Found false inter dependency for variable 'linebuf_yuv.val.val..6.i'.
WARNING: [ANALYSIS 214-52] Found false intra dependency for variable 'linebuf_yuv.val.val..i'.
WARNING: [ANALYSIS 214-52] Found false intra dependency for variable 'linebuf_yuv.val.val..7.i'.
WARNING: [ANALYSIS 214-52] Found false intra dependency for variable 'linebuf_yuv.val.val..2.i'.
WARNING: [ANALYSIS 214-52] Found false intra dependency for variable 'linebuf_yuv.val.val..1.i'.
WARNING: [ANALYSIS 214-52] Found false intra dependency for variable 'linebuf_yuv.val.val..3.i'.
WARNING: [ANALYSIS 214-52] Found false intra dependency for variable 'linebuf_yuv.val.val..4.i'.
WARNING: [ANALYSIS 214-52] Found false intra dependency for variable 'linebuf_yuv.val.val..5.i'.
WARNING: [ANALYSIS 214-52] Found false intra dependency for variable 'linebuf_yuv.val.val..6.i'.
WARNING: [ANALYSIS 214-52] Found false inter dependency for variable 'lineBuffer.val.val.V.i'.
WARNING: [ANALYSIS 214-52] Found false inter dependency for variable 'lineBuffer.val.val.V.1.i'.
WARNING: [ANALYSIS 214-52] Found false inter dependency for variable 'lineBuffer.val.val.V.2.i'.
WARNING: [ANALYSIS 214-52] Found false inter dependency for variable 'lineBuffer.val.val.V.3.i'.
WARNING: [ANALYSIS 214-52] Found false inter dependency for variable 'lineBuffer.val.val.V.4.i'.
WARNING: [ANALYSIS 214-52] Found false inter dependency for variable 'lineBuffer.val.val.V.5.i'.
WARNING: [ANALYSIS 214-52] Found false inter dependency for variable 'lineBuffer.val.val.V.6.i'.
WARNING: [ANALYSIS 214-52] Found false inter dependency for variable 'lineBuffer.val.val.V.7.i'.
WARNING: [ANALYSIS 214-52] Found false inter dependency for variable 'lineBuffer.val.val.V.8.i'.
WARNING: [ANALYSIS 214-52] Found false inter dependency for variable 'lineBuffer.val.val.V.9.i'.
WARNING: [ANALYSIS 214-52] Found false inter dependency for variable 'lineBuffer.val.val.V.10.i'.
WARNING: [ANALYSIS 214-52] Found false inter dependency for variable 'lineBuffer.val.val.V.11.i'.
WARNING: [ANALYSIS 214-52] Found false intra dependency for variable 'lineBuffer.val.val.V.i'.
WARNING: [ANALYSIS 214-52] Found false intra dependency for variable 'lineBuffer.val.val.V.1.i'.
WARNING: [ANALYSIS 214-52] Found false intra dependency for variable 'lineBuffer.val.val.V.2.i'.
WARNING: [ANALYSIS 214-52] Found false intra dependency for variable 'lineBuffer.val.val.V.3.i'.
WARNING: [ANALYSIS 214-52] Found false intra dependency for variable 'lineBuffer.val.val.V.4.i'.
WARNING: [ANALYSIS 214-52] Found false intra dependency for variable 'lineBuffer.val.val.V.5.i'.
WARNING: [ANALYSIS 214-52] Found false intra dependency for variable 'lineBuffer.val.val.V.6.i'.
WARNING: [ANALYSIS 214-52] Found false intra dependency for variable 'lineBuffer.val.val.V.7.i'.
WARNING: [ANALYSIS 214-52] Found false intra dependency for variable 'lineBuffer.val.val.V.8.i'.
WARNING: [ANALYSIS 214-52] Found false intra dependency for variable 'lineBuffer.val.val.V.9.i'.
WARNING: [ANALYSIS 214-52] Found false intra dependency for variable 'lineBuffer.val.val.V.10.i'.
WARNING: [ANALYSIS 214-52] Found false intra dependency for variable 'lineBuffer.val.val.V.11.i'.
WARNING: [ANALYSIS 214-52] Found false inter dependency for variable 'lineBuffer.val.val.V.i'.
WARNING: [ANALYSIS 214-52] Found false inter dependency for variable 'lineBuffer.val.val.V.30.i'.
WARNING: [ANALYSIS 214-52] Found false inter dependency for variable 'lineBuffer.val.val.V.31.i'.
WARNING: [ANALYSIS 214-52] Found false inter dependency for variable 'lineBuffer.val.val.V.32.i'.
WARNING: [ANALYSIS 214-52] Found false inter dependency for variable 'lineBuffer.val.val.V.33.i'.
WARNING: [ANALYSIS 214-52] Found false inter dependency for variable 'lineBuffer.val.val.V.34.i'.
WARNING: [ANALYSIS 214-52] Found false inter dependency for variable 'lineBuffer.val.val.V.35.i'.
WARNING: [ANALYSIS 214-52] Found false inter dependency for variable 'lineBuffer.val.val.V.36.i'.
WARNING: [ANALYSIS 214-52] Found false inter dependency for variable 'lineBuffer.val.val.V.37.i'.
WARNING: [ANALYSIS 214-52] Found false inter dependency for variable 'lineBuffer.val.val.V.38.i'.
WARNING: [ANALYSIS 214-52] Found false inter dependency for variable 'lineBuffer.val.val.V.39.i'.
WARNING: [ANALYSIS 214-52] Found false inter dependency for variable 'lineBuffer.val.val.V.40.i'.
WARNING: [ANALYSIS 214-52] Found false intra dependency for variable 'lineBuffer.val.val.V.i'.
WARNING: [ANALYSIS 214-52] Found false intra dependency for variable 'lineBuffer.val.val.V.30.i'.
WARNING: [ANALYSIS 214-52] Found false intra dependency for variable 'lineBuffer.val.val.V.31.i'.
WARNING: [ANALYSIS 214-52] Found false intra dependency for variable 'lineBuffer.val.val.V.32.i'.
WARNING: [ANALYSIS 214-52] Found false intra dependency for variable 'lineBuffer.val.val.V.33.i'.
WARNING: [ANALYSIS 214-52] Found false intra dependency for variable 'lineBuffer.val.val.V.34.i'.
WARNING: [ANALYSIS 214-52] Found false intra dependency for variable 'lineBuffer.val.val.V.35.i'.
WARNING: [ANALYSIS 214-52] Found false intra dependency for variable 'lineBuffer.val.val.V.36.i'.
WARNING: [ANALYSIS 214-52] Found false intra dependency for variable 'lineBuffer.val.val.V.37.i'.
WARNING: [ANALYSIS 214-52] Found false intra dependency for variable 'lineBuffer.val.val.V.38.i'.
WARNING: [ANALYSIS 214-52] Found false intra dependency for variable 'lineBuffer.val.val.V.39.i'.
WARNING: [ANALYSIS 214-52] Found false intra dependency for variable 'lineBuffer.val.val.V.40.i'.
INFO: [HLS 200-111] Finished Architecture Synthesis Time (s): cpu = 00:00:18 ; elapsed = 00:00:22 . Memory (MB): peak = 552.441 ; gain = 205.371 ; free physical = 10059 ; free virtual = 41624
INFO: [HLS 200-10] Starting hardware synthesis ...
INFO: [HLS 200-10] Synthesizing 'v_demosaic' ...
WARNING: [SYN 201-103] Legalizing function name 'reg<unsigned short>' to 'reg_unsigned_short_s'.
INFO: [HLS 200-10] ----------------------------------------------------------------
INFO: [HLS 200-42] -- Implementing module 'reg_unsigned_short_s' 
INFO: [HLS 200-10] ----------------------------------------------------------------
INFO: [SCHED 204-11] Starting scheduling ...
INFO: [SCHED 204-11] Finished scheduling.
INFO: [HLS 200-111]  Elapsed time: 21.65 seconds; current allocated memory: 214.582 MB.
INFO: [BIND 205-100] Starting micro-architecture generation ...
INFO: [BIND 205-101] Performing variable lifetime analysis.
INFO: [BIND 205-101] Exploring resource sharing.
INFO: [BIND 205-101] Binding ...
INFO: [BIND 205-100] Finished micro-architecture generation.
INFO: [HLS 200-111]  Elapsed time: 0.03 seconds; current allocated memory: 214.686 MB.
INFO: [HLS 200-10] ----------------------------------------------------------------
INFO: [HLS 200-42] -- Implementing module 'AXIvideo2MultiBayer3' 
INFO: [HLS 200-10] ----------------------------------------------------------------
INFO: [SCHED 204-11] Starting scheduling ...
INFO: [SCHED 204-61] Pipelining loop 'loop_wait_for_start'.
INFO: [SCHED 204-61] Pipelining result : Target II = 1, Final II = 1, Depth = 1.
INFO: [SCHED 204-61] Pipelining loop 'loop_width'.
INFO: [SCHED 204-61] Pipelining result : Target II = 1, Final II = 1, Depth = 2.
INFO: [SCHED 204-61] Pipelining loop 'loop_wait_for_eol'.
INFO: [SCHED 204-61] Pipelining result : Target II = 1, Final II = 1, Depth = 2.
INFO: [SCHED 204-11] Finished scheduling.
INFO: [HLS 200-111]  Elapsed time: 0.13 seconds; current allocated memory: 215.252 MB.
INFO: [BIND 205-100] Starting micro-architecture generation ...
INFO: [BIND 205-101] Performing variable lifetime analysis.
INFO: [BIND 205-101] Exploring resource sharing.
INFO: [BIND 205-101] Binding ...
INFO: [BIND 205-100] Finished micro-architecture generation.
INFO: [HLS 200-111]  Elapsed time: 0.35 seconds; current allocated memory: 216.096 MB.
INFO: [HLS 200-10] ----------------------------------------------------------------
INFO: [HLS 200-42] -- Implementing module 'DebayerG' 
INFO: [HLS 200-10] ----------------------------------------------------------------
INFO: [SCHED 204-11] Starting scheduling ...
INFO: [SCHED 204-61] Pipelining loop 'Loop 1.1'.
INFO: [SCHED 204-61] Pipelining result : Target II = 1, Final II = 1, Depth = 17.
INFO: [SCHED 204-11] Finished scheduling.
INFO: [HLS 200-111]  Elapsed time: 1.55 seconds; current allocated memory: 221.490 MB.
INFO: [BIND 205-100] Starting micro-architecture generation ...
INFO: [BIND 205-101] Performing variable lifetime analysis.
INFO: [BIND 205-101] Exploring resource sharing.
INFO: [BIND 205-101] Binding ...
INFO: [BIND 205-100] Finished micro-architecture generation.
INFO: [HLS 200-111]  Elapsed time: 2.45 seconds; current allocated memory: 225.301 MB.
INFO: [HLS 200-10] ----------------------------------------------------------------
INFO: [HLS 200-42] -- Implementing module 'DebayerRatBorBatR' 
INFO: [HLS 200-10] ----------------------------------------------------------------
INFO: [SCHED 204-11] Starting scheduling ...
INFO: [SCHED 204-61] Pipelining loop 'Loop 1.1'.
INFO: [SCHED 204-61] Pipelining result : Target II = 1, Final II = 1, Depth = 8.
INFO: [SCHED 204-11] Finished scheduling.
INFO: [HLS 200-111]  Elapsed time: 2.87 seconds; current allocated memory: 227.585 MB.
INFO: [BIND 205-100] Starting micro-architecture generation ...
INFO: [BIND 205-101] Performing variable lifetime analysis.
INFO: [BIND 205-101] Exploring resource sharing.
INFO: [BIND 205-101] Binding ...
INFO: [BIND 205-100] Finished micro-architecture generation.
INFO: [HLS 200-111]  Elapsed time: 1.22 seconds; current allocated memory: 230.355 MB.
INFO: [HLS 200-10] ----------------------------------------------------------------
INFO: [HLS 200-42] -- Implementing module 'DebayerRandBatG' 
INFO: [HLS 200-10] ----------------------------------------------------------------
INFO: [SCHED 204-11] Starting scheduling ...
INFO: [SCHED 204-61] Pipelining loop 'Loop 1.1'.
INFO: [SCHED 204-61] Pipelining result : Target II = 1, Final II = 1, Depth = 6.
INFO: [SCHED 204-11] Finished scheduling.
INFO: [HLS 200-111]  Elapsed time: 1.39 seconds; current allocated memory: 232.500 MB.
INFO: [BIND 205-100] Starting micro-architecture generation ...
INFO: [BIND 205-101] Performing variable lifetime analysis.
INFO: [BIND 205-101] Exploring resource sharing.
INFO: [BIND 205-101] Binding ...
INFO: [BIND 205-100] Finished micro-architecture generation.
INFO: [HLS 200-111]  Elapsed time: 1.55 seconds; current allocated memory: 234.733 MB.
INFO: [HLS 200-10] ----------------------------------------------------------------
INFO: [HLS 200-42] -- Implementing module 'Debayer' 
INFO: [HLS 200-10] ----------------------------------------------------------------
INFO: [SCHED 204-11] Starting scheduling ...
INFO: [SCHED 204-11] Finished scheduling.
INFO: [HLS 200-111]  Elapsed time: 1.41 seconds; current allocated memory: 234.879 MB.
INFO: [BIND 205-100] Starting micro-architecture generation ...
INFO: [BIND 205-101] Performing variable lifetime analysis.
INFO: [BIND 205-101] Exploring resource sharing.
INFO: [BIND 205-101] Binding ...
INFO: [BIND 205-100] Finished micro-architecture generation.
INFO: [HLS 200-111]  Elapsed time: 1.72 seconds; current allocated memory: 236.269 MB.
INFO: [HLS 200-10] ----------------------------------------------------------------
INFO: [HLS 200-42] -- Implementing module 'MultiPixStream2AXIvi' 
INFO: [HLS 200-10] ----------------------------------------------------------------
INFO: [SCHED 204-11] Starting scheduling ...
INFO: [SCHED 204-61] Pipelining loop 'Loop 1.1'.
INFO: [SCHED 204-61] Pipelining result : Target II = 1, Final II = 1, Depth = 3.
INFO: [SCHED 204-11] Finished scheduling.
INFO: [HLS 200-111]  Elapsed time: 0.28 seconds; current allocated memory: 236.493 MB.
INFO: [BIND 205-100] Starting micro-architecture generation ...
INFO: [BIND 205-101] Performing variable lifetime analysis.
INFO: [BIND 205-101] Exploring resource sharing.
INFO: [BIND 205-101] Binding ...
INFO: [BIND 205-100] Finished micro-architecture generation.
INFO: [HLS 200-111]  Elapsed time: 0.18 seconds; current allocated memory: 236.796 MB.
INFO: [HLS 200-10] ----------------------------------------------------------------
INFO: [HLS 200-42] -- Implementing module 'v_demosaic' 
INFO: [HLS 200-10] ----------------------------------------------------------------
INFO: [SCHED 204-11] Starting scheduling ...
INFO: [SCHED 204-11] Finished scheduling.
INFO: [HLS 200-111]  Elapsed time: 0.14 seconds; current allocated memory: 236.969 MB.
INFO: [BIND 205-100] Starting micro-architecture generation ...
INFO: [BIND 205-101] Performing variable lifetime analysis.
INFO: [BIND 205-101] Exploring resource sharing.
INFO: [BIND 205-101] Binding ...
INFO: [BIND 205-100] Finished micro-architecture generation.
INFO: [HLS 200-111]  Elapsed time: 0.98 seconds; current allocated memory: 237.847 MB.
INFO: [HLS 200-10] ----------------------------------------------------------------
INFO: [HLS 200-10] -- Generating RTL for module 'reg_unsigned_short_s' 
INFO: [HLS 200-10] ----------------------------------------------------------------
INFO: [RTGEN 206-100] Finished creating RTL model for 'reg_unsigned_short_s'.
INFO: [HLS 200-111]  Elapsed time: 0.19 seconds; current allocated memory: 237.964 MB.
INFO: [HLS 200-10] ----------------------------------------------------------------
INFO: [HLS 200-10] -- Generating RTL for module 'AXIvideo2MultiBayer3' 
INFO: [HLS 200-10] ----------------------------------------------------------------
INFO: [RTGEN 206-100] Finished creating RTL model for 'AXIvideo2MultiBayer3'.
INFO: [HLS 200-111]  Elapsed time: 0.08 seconds; current allocated memory: 239.288 MB.
INFO: [WVHDL 200-304] Encrypting RTL VHDL done.
INFO: [WVHDL 200-304] Encrypting RTL Verilog done.
INFO: [HLS 200-10] ----------------------------------------------------------------
INFO: [HLS 200-10] -- Generating RTL for module 'DebayerG' 
INFO: [HLS 200-10] ----------------------------------------------------------------
INFO: [SYN 201-210] Renamed object name 'DebayerG_linebuf_yuv_val_val_s' to 'DebayerG_linebuf_bkb' due to the length limit 20
INFO: [SYN 201-210] Renamed object name 'DebayerG_linebuf_yuv_val_val_1' to 'DebayerG_linebuf_cud' due to the length limit 20
INFO: [SYN 201-210] Renamed object name 'DebayerG_linebuf_yuv_val_val_2' to 'DebayerG_linebuf_dEe' due to the length limit 20
INFO: [SYN 201-210] Renamed object name 'DebayerG_linebuf_yuv_val_val_3' to 'DebayerG_linebuf_eOg' due to the length limit 20
INFO: [SYN 201-210] Renamed object name 'DebayerG_linebuf_yuv_val_val_4' to 'DebayerG_linebuf_fYi' due to the length limit 20
INFO: [SYN 201-210] Renamed object name 'DebayerG_linebuf_yuv_val_val_5' to 'DebayerG_linebuf_g8j' due to the length limit 20
INFO: [SYN 201-210] Renamed object name 'DebayerG_linebuf_yuv_val_val_6' to 'DebayerG_linebuf_hbi' due to the length limit 20
INFO: [SYN 201-210] Renamed object name 'DebayerG_linebuf_yuv_val_val_7' to 'DebayerG_linebuf_ibs' due to the length limit 20
INFO: [SYN 201-210] Renamed object name 'v_demosaic_mux_53_8_1_1' to 'v_demosaic_mux_53jbC' due to the length limit 20
INFO: [SYN 201-210] Renamed object name 'v_demosaic_mul_mul_9ns_18ns_27_1_1' to 'v_demosaic_mul_mukbM' due to the length limit 20
INFO: [SYN 201-210] Renamed object name 'v_demosaic_mul_mul_8ns_18ns_26_1_1' to 'v_demosaic_mul_mulbW' due to the length limit 20
INFO: [SYN 201-210] Renamed object name 'v_demosaic_mul_mul_10ns_12s_22_1_1' to 'v_demosaic_mul_mumb6' due to the length limit 20
INFO: [SYN 201-210] Renamed object name 'v_demosaic_mac_muladd_10ns_12s_22s_23_1_1' to 'v_demosaic_mac_muncg' due to the length limit 20
INFO: [RTGEN 206-100] Generating core module 'v_demosaic_mac_muncg': 4 instance(s).
INFO: [RTGEN 206-100] Generating core module 'v_demosaic_mul_mukbM': 4 instance(s).
INFO: [RTGEN 206-100] Generating core module 'v_demosaic_mul_mulbW': 4 instance(s).
INFO: [RTGEN 206-100] Generating core module 'v_demosaic_mul_mumb6': 4 instance(s).
INFO: [RTGEN 206-100] Generating core module 'v_demosaic_mux_53jbC': 2 instance(s).
INFO: [RTGEN 206-100] Finished creating RTL model for 'DebayerG'.
INFO: [HLS 200-111]  Elapsed time: 0.67 seconds; current allocated memory: 246.036 MB.
INFO: [WVHDL 200-304] Encrypting RTL VHDL done.
INFO: [WVHDL 200-304] Encrypting RTL Verilog done.
INFO: [HLS 200-10] ----------------------------------------------------------------
INFO: [HLS 200-10] -- Generating RTL for module 'DebayerRatBorBatR' 
INFO: [HLS 200-10] ----------------------------------------------------------------
INFO: [SYN 201-210] Renamed object name 'DebayerRatBorBatR_lineBuffer_val_val_V' to 'DebayerRatBorBatRocq' due to the length limit 20
INFO: [SYN 201-210] Renamed object name 'DebayerRatBorBatR_lineBuffer_val_val_V_1' to 'DebayerRatBorBatRpcA' due to the length limit 20
INFO: [SYN 201-210] Renamed object name 'DebayerRatBorBatR_lineBuffer_val_val_V_2' to 'DebayerRatBorBatRqcK' due to the length limit 20
INFO: [SYN 201-210] Renamed object name 'DebayerRatBorBatR_lineBuffer_val_val_V_3' to 'DebayerRatBorBatRrcU' due to the length limit 20
INFO: [SYN 201-210] Renamed object name 'DebayerRatBorBatR_lineBuffer_val_val_V_4' to 'DebayerRatBorBatRsc4' due to the length limit 20
INFO: [SYN 201-210] Renamed object name 'DebayerRatBorBatR_lineBuffer_val_val_V_5' to 'DebayerRatBorBatRtde' due to the length limit 20
INFO: [SYN 201-210] Renamed object name 'DebayerRatBorBatR_lineBuffer_val_val_V_6' to 'DebayerRatBorBatRudo' due to the length limit 20
INFO: [SYN 201-210] Renamed object name 'DebayerRatBorBatR_lineBuffer_val_val_V_7' to 'DebayerRatBorBatRvdy' due to the length limit 20
INFO: [SYN 201-210] Renamed object name 'DebayerRatBorBatR_lineBuffer_val_val_V_8' to 'DebayerRatBorBatRwdI' due to the length limit 20
INFO: [SYN 201-210] Renamed object name 'DebayerRatBorBatR_lineBuffer_val_val_V_9' to 'DebayerRatBorBatRxdS' due to the length limit 20
INFO: [SYN 201-210] Renamed object name 'DebayerRatBorBatR_lineBuffer_val_val_V_10' to 'DebayerRatBorBatRyd2' due to the length limit 20
INFO: [SYN 201-210] Renamed object name 'DebayerRatBorBatR_lineBuffer_val_val_V_11' to 'DebayerRatBorBatRzec' due to the length limit 20
INFO: [SYN 201-210] Renamed object name 'v_demosaic_mux_32_8_1_1' to 'v_demosaic_mux_32Aem' due to the length limit 20
INFO: [RTGEN 206-100] Generating core module 'v_demosaic_mux_32Aem': 16 instance(s).
INFO: [RTGEN 206-100] Finished creating RTL model for 'DebayerRatBorBatR'.
INFO: [HLS 200-111]  Elapsed time: 3.01 seconds; current allocated memory: 250.474 MB.
INFO: [WVHDL 200-304] Encrypting RTL VHDL done.
INFO: [WVHDL 200-304] Encrypting RTL Verilog done.
INFO: [HLS 200-10] ----------------------------------------------------------------
INFO: [HLS 200-10] -- Generating RTL for module 'DebayerRandBatG' 
INFO: [HLS 200-10] ----------------------------------------------------------------
INFO: [SYN 201-210] Renamed object name 'DebayerRandBatG_lineBuffer_val_val_V' to 'DebayerRandBatG_lBew' due to the length limit 20
INFO: [SYN 201-210] Renamed object name 'DebayerRandBatG_lineBuffer_val_val_V_30' to 'DebayerRandBatG_lCeG' due to the length limit 20
INFO: [SYN 201-210] Renamed object name 'DebayerRandBatG_lineBuffer_val_val_V_31' to 'DebayerRandBatG_lDeQ' due to the length limit 20
INFO: [SYN 201-210] Renamed object name 'DebayerRandBatG_lineBuffer_val_val_V_32' to 'DebayerRandBatG_lEe0' due to the length limit 20
INFO: [SYN 201-210] Renamed object name 'DebayerRandBatG_lineBuffer_val_val_V_33' to 'DebayerRandBatG_lFfa' due to the length limit 20
INFO: [SYN 201-210] Renamed object name 'DebayerRandBatG_lineBuffer_val_val_V_34' to 'DebayerRandBatG_lGfk' due to the length limit 20
INFO: [SYN 201-210] Renamed object name 'DebayerRandBatG_lineBuffer_val_val_V_35' to 'DebayerRandBatG_lHfu' due to the length limit 20
INFO: [SYN 201-210] Renamed object name 'DebayerRandBatG_lineBuffer_val_val_V_36' to 'DebayerRandBatG_lIfE' due to the length limit 20
INFO: [SYN 201-210] Renamed object name 'DebayerRandBatG_lineBuffer_val_val_V_37' to 'DebayerRandBatG_lJfO' due to the length limit 20
INFO: [SYN 201-210] Renamed object name 'DebayerRandBatG_lineBuffer_val_val_V_38' to 'DebayerRandBatG_lKfY' due to the length limit 20
INFO: [SYN 201-210] Renamed object name 'DebayerRandBatG_lineBuffer_val_val_V_39' to 'DebayerRandBatG_lLf8' due to the length limit 20
INFO: [SYN 201-210] Renamed object name 'DebayerRandBatG_lineBuffer_val_val_V_40' to 'DebayerRandBatG_lMgi' due to the length limit 20
INFO: [RTGEN 206-100] Generating core module 'v_demosaic_mux_32Aem': 6 instance(s).
INFO: [RTGEN 206-100] Finished creating RTL model for 'DebayerRandBatG'.
INFO: [HLS 200-111]  Elapsed time: 1.94 seconds; current allocated memory: 254.225 MB.
INFO: [WVHDL 200-304] Encrypting RTL VHDL done.
INFO: [WVHDL 200-304] Encrypting RTL Verilog done.
INFO: [HLS 200-10] ----------------------------------------------------------------
INFO: [HLS 200-10] -- Generating RTL for module 'Debayer' 
INFO: [HLS 200-10] ----------------------------------------------------------------
INFO: [RTGEN 206-100] Finished creating RTL model for 'Debayer'.
INFO: [HLS 200-111]  Elapsed time: 1.48 seconds; current allocated memory: 255.277 MB.
INFO: [WVHDL 200-304] Encrypting RTL VHDL done.
INFO: [WVHDL 200-304] Encrypting RTL Verilog done.
INFO: [HLS 200-10] ----------------------------------------------------------------
INFO: [HLS 200-10] -- Generating RTL for module 'MultiPixStream2AXIvi' 
INFO: [HLS 200-10] ----------------------------------------------------------------
INFO: [RTGEN 206-100] Finished creating RTL model for 'MultiPixStream2AXIvi'.
INFO: [HLS 200-111]  Elapsed time: 0.22 seconds; current allocated memory: 256.340 MB.
INFO: [WVHDL 200-304] Encrypting RTL VHDL done.
INFO: [WVHDL 200-304] Encrypting RTL Verilog done.
INFO: [HLS 200-10] ----------------------------------------------------------------
INFO: [HLS 200-10] -- Generating RTL for module 'v_demosaic' 
INFO: [HLS 200-10] ----------------------------------------------------------------
INFO: [RTGEN 206-500] Setting interface mode on port 'v_demosaic/HwReg_width' to 's_axilite & ap_stable'.
INFO: [RTGEN 206-500] Setting interface mode on port 'v_demosaic/HwReg_height' to 's_axilite & ap_stable'.
INFO: [RTGEN 206-500] Setting interface mode on port 'v_demosaic/HwReg_bayer_phase' to 's_axilite & ap_none'.
INFO: [RTGEN 206-500] Setting interface mode on port 'v_demosaic/s_axis_video_V_data_V' to 'axis' (register, both mode).
INFO: [RTGEN 206-500] Setting interface mode on port 'v_demosaic/s_axis_video_V_keep_V' to 'axis' (register, both mode).
INFO: [RTGEN 206-500] Setting interface mode on port 'v_demosaic/s_axis_video_V_strb_V' to 'axis' (register, both mode).
INFO: [RTGEN 206-500] Setting interface mode on port 'v_demosaic/s_axis_video_V_user_V' to 'axis' (register, both mode).
INFO: [RTGEN 206-500] Setting interface mode on port 'v_demosaic/s_axis_video_V_last_V' to 'axis' (register, both mode).
INFO: [RTGEN 206-500] Setting interface mode on port 'v_demosaic/s_axis_video_V_id_V' to 'axis' (register, both mode).
INFO: [RTGEN 206-500] Setting interface mode on port 'v_demosaic/s_axis_video_V_dest_V' to 'axis' (register, both mode).
INFO: [RTGEN 206-500] Setting interface mode on port 'v_demosaic/m_axis_video_V_data_V' to 'axis' (register, both mode).
INFO: [RTGEN 206-500] Setting interface mode on port 'v_demosaic/m_axis_video_V_keep_V' to 'axis' (register, both mode).
INFO: [RTGEN 206-500] Setting interface mode on port 'v_demosaic/m_axis_video_V_strb_V' to 'axis' (register, both mode).
INFO: [RTGEN 206-500] Setting interface mode on port 'v_demosaic/m_axis_video_V_user_V' to 'axis' (register, both mode).
INFO: [RTGEN 206-500] Setting interface mode on port 'v_demosaic/m_axis_video_V_last_V' to 'axis' (register, both mode).
INFO: [RTGEN 206-500] Setting interface mode on port 'v_demosaic/m_axis_video_V_id_V' to 'axis' (register, both mode).
INFO: [RTGEN 206-500] Setting interface mode on port 'v_demosaic/m_axis_video_V_dest_V' to 'axis' (register, both mode).
INFO: [RTGEN 206-500] Setting interface mode on function 'v_demosaic' to 's_axilite & ap_ctrl_hs'.
INFO: [RTGEN 206-100] Bundling port 'HwReg_width', 'HwReg_height', 'HwReg_bayer_phase' and 'return' to AXI-Lite port CTRL.
WARNING: [RTGEN 206-101] RTL name 'fifo_w8_d1_A' is changed to 'fifo_w8_d1_A_x' due to conflict.
WARNING: [RTGEN 206-101] RTL name 'fifo_w16_d1_A' is changed to 'fifo_w16_d1_A_x' due to conflict.
INFO: [RTGEN 206-100] Finished creating RTL model for 'v_demosaic'.
INFO: [HLS 200-111]  Elapsed time: 0.25 seconds; current allocated memory: 257.076 MB.
INFO: [WVHDL 200-304] Encrypting RTL VHDL done.
INFO: [WVHDL 200-304] Encrypting RTL Verilog done.
INFO: [RTMG 210-279] Implementing memory 'design_1_v_demosaic_0_1_DebayerG_DIV1_TABLE_rom' using block ROMs.
INFO: [RTMG 210-279] Implementing memory 'design_1_v_demosaic_0_1_DebayerG_DIV2_TABLE_rom' using auto ROMs.
INFO: [RTMG 210-278] Implementing memory 'design_1_v_demosaic_0_1_DebayerG_linebuf_bkb_ram (RAM)' using block RAMs.
INFO: [RTMG 210-278] Implementing memory 'design_1_v_demosaic_0_1_DebayerRatBorBatRocq_ram (RAM)' using block RAMs.
INFO: [HLS 200-111] Finished generating all RTL models Time (s): cpu = 00:00:39 ; elapsed = 00:00:47 . Memory (MB): peak = 680.441 ; gain = 333.371 ; free physical = 10324 ; free virtual = 41935
INFO: [SYSC 207-301] Generating SystemC RTL for v_demosaic with prefix design_1_v_demosaic_0_1_.
INFO: [VHDL 208-304] Generating VHDL RTL for v_demosaic with prefix design_1_v_demosaic_0_1_.
INFO: [VLOG 209-307] Generating Verilog RTL for v_demosaic with prefix design_1_v_demosaic_0_1_.
INFO: [IMPL 213-8] Exporting RTL as an IP in IP-XACT.

****** Vivado v2017.3 (64-bit)
  **** SW Build 2018833 on Wed Oct  4 19:58:07 MDT 2017
  **** IP Build 2016188 on Wed Oct  4 21:52:56 MDT 2017
    ** Copyright 1986-2017 Xilinx, Inc. All Rights Reserved.

source run_ippack.tcl -notrace
INFO: [IP_Flow 19-234] Refreshing IP repositories
INFO: [IP_Flow 19-1704] No user IP repositories specified
INFO: [IP_Flow 19-2313] Loaded Vivado IP repository '/tools/Xilinx1/Vivado/2017.3/data/ip'.
INFO: [Common 17-206] Exiting Vivado at Sat Jul 24 19:17:39 2021...
INFO: [HLS 200-112] Total elapsed time: 97.59 seconds; peak allocated memory: 257.076 MB.
INFO: [Common 17-206] Exiting vivado_hls at Sat Jul 24 19:17:58 2021...
