
*** Running vivado
    with args -log design_1_vcc_0.vds -m64 -product Vivado -mode batch -messageDb vivado.pb -notrace -source design_1_vcc_0.tcl


****** Vivado v2017.3 (64-bit)
  **** SW Build 2018833 on Wed Oct  4 19:58:07 MDT 2017
  **** IP Build 2016188 on Wed Oct  4 21:52:56 MDT 2017
    ** Copyright 1986-2017 Xilinx, Inc. All Rights Reserved.

source design_1_vcc_0.tcl -notrace
Starting RTL Elaboration : Time (s): cpu = 00:00:08 ; elapsed = 00:00:08 . Memory (MB): peak = 1496.742 ; gain = 0.000 ; free physical = 13339 ; free virtual = 44208
INFO: [Synth 8-638] synthesizing module 'design_1_vcc_0' [/home/ad2039/G00StereoCamera/SCAM/SCAM.srcs/sources_1/bd/design_1/ip/design_1_vcc_0/synth/design_1_vcc_0.v:57]
INFO: [Synth 8-638] synthesizing module 'xlconstant_v1_1_3_xlconstant' [/home/ad2039/G00StereoCamera/SCAM/SCAM.srcs/sources_1/bd/design_1/ipshared/0750/hdl/xlconstant_v1_1_vl_rfs.v:23]
INFO: [Synth 8-256] done synthesizing module 'xlconstant_v1_1_3_xlconstant' (1#1) [/home/ad2039/G00StereoCamera/SCAM/SCAM.srcs/sources_1/bd/design_1/ipshared/0750/hdl/xlconstant_v1_1_vl_rfs.v:23]
INFO: [Synth 8-256] done synthesizing module 'design_1_vcc_0' (2#1) [/home/ad2039/G00StereoCamera/SCAM/SCAM.srcs/sources_1/bd/design_1/ip/design_1_vcc_0/synth/design_1_vcc_0.v:57]
Finished RTL Elaboration : Time (s): cpu = 00:00:08 ; elapsed = 00:00:09 . Memory (MB): peak = 1496.742 ; gain = 0.000 ; free physical = 12975 ; free virtual = 43845
Finished RTL Optimization Phase 1 : Time (s): cpu = 00:00:08 ; elapsed = 00:00:09 . Memory (MB): peak = 1496.742 ; gain = 0.000 ; free physical = 12920 ; free virtual = 43789
INFO: [Device 21-403] Loading part xczu9eg-ffvb1156-2-i
Constraint Validation Runtime : Time (s): cpu = 00:00:00 ; elapsed = 00:00:00 . Memory (MB): peak = 2019.641 ; gain = 0.000 ; free physical = 12324 ; free virtual = 43210
Finished Constraint Validation : Time (s): cpu = 00:00:29 ; elapsed = 00:00:40 . Memory (MB): peak = 2019.641 ; gain = 522.898 ; free physical = 14139 ; free virtual = 45096
Finished Loading Part and Timing Information : Time (s): cpu = 00:00:29 ; elapsed = 00:00:40 . Memory (MB): peak = 2019.641 ; gain = 522.898 ; free physical = 14139 ; free virtual = 45096
Finished applying 'set_property' XDC Constraints : Time (s): cpu = 00:00:29 ; elapsed = 00:00:40 . Memory (MB): peak = 2019.641 ; gain = 522.898 ; free physical = 14139 ; free virtual = 45097
Finished RTL Optimization Phase 2 : Time (s): cpu = 00:00:29 ; elapsed = 00:00:40 . Memory (MB): peak = 2019.641 ; gain = 522.898 ; free physical = 14139 ; free virtual = 45096
Finished Cross Boundary and Area Optimization : Time (s): cpu = 00:00:30 ; elapsed = 00:00:41 . Memory (MB): peak = 2019.641 ; gain = 522.898 ; free physical = 14145 ; free virtual = 45103
Finished Applying XDC Timing Constraints : Time (s): cpu = 00:00:48 ; elapsed = 00:01:22 . Memory (MB): peak = 2709.547 ; gain = 1212.805 ; free physical = 11390 ; free virtual = 42855
Finished Timing Optimization : Time (s): cpu = 00:00:48 ; elapsed = 00:01:22 . Memory (MB): peak = 2709.547 ; gain = 1212.805 ; free physical = 11390 ; free virtual = 42855
Finished Technology Mapping : Time (s): cpu = 00:00:48 ; elapsed = 00:01:22 . Memory (MB): peak = 2718.562 ; gain = 1221.820 ; free physical = 11384 ; free virtual = 42849
Finished IO Insertion : Time (s): cpu = 00:00:48 ; elapsed = 00:01:22 . Memory (MB): peak = 2718.562 ; gain = 1221.820 ; free physical = 11146 ; free virtual = 42617
Finished Renaming Generated Instances : Time (s): cpu = 00:00:48 ; elapsed = 00:01:22 . Memory (MB): peak = 2718.562 ; gain = 1221.820 ; free physical = 11146 ; free virtual = 42617
Finished Rebuilding User Hierarchy : Time (s): cpu = 00:00:48 ; elapsed = 00:01:22 . Memory (MB): peak = 2718.562 ; gain = 1221.820 ; free physical = 11145 ; free virtual = 42616
Finished Renaming Generated Ports : Time (s): cpu = 00:00:48 ; elapsed = 00:01:22 . Memory (MB): peak = 2718.562 ; gain = 1221.820 ; free physical = 11145 ; free virtual = 42616
Finished Handling Custom Attributes : Time (s): cpu = 00:00:48 ; elapsed = 00:01:22 . Memory (MB): peak = 2718.562 ; gain = 1221.820 ; free physical = 11143 ; free virtual = 42614
Finished Renaming Generated Nets : Time (s): cpu = 00:00:48 ; elapsed = 00:01:22 . Memory (MB): peak = 2718.562 ; gain = 1221.820 ; free physical = 11143 ; free virtual = 42614

Report Cell Usage: 
+-+-----+------+
| |Cell |Count |
+-+-----+------+
+-+-----+------+
Finished Writing Synthesis Report : Time (s): cpu = 00:00:48 ; elapsed = 00:01:22 . Memory (MB): peak = 2718.562 ; gain = 1221.820 ; free physical = 11142 ; free virtual = 42613
synth_design: Time (s): cpu = 00:00:49 ; elapsed = 00:01:24 . Memory (MB): peak = 2759.195 ; gain = 1283.828 ; free physical = 10739 ; free virtual = 42227
