
*** Running vivado
    with args -log design_1_m01_regslice_0.vds -m64 -product Vivado -mode batch -messageDb vivado.pb -notrace -source design_1_m01_regslice_0.tcl


****** Vivado v2017.3 (64-bit)
  **** SW Build 2018833 on Wed Oct  4 19:58:07 MDT 2017
  **** IP Build 2016188 on Wed Oct  4 21:52:56 MDT 2017
    ** Copyright 1986-2017 Xilinx, Inc. All Rights Reserved.

source design_1_m01_regslice_0.tcl -notrace
Starting RTL Elaboration : Time (s): cpu = 00:00:08 ; elapsed = 00:00:09 . Memory (MB): peak = 1497.742 ; gain = 0.000 ; free physical = 17724 ; free virtual = 48560
INFO: [Synth 8-638] synthesizing module 'design_1_m01_regslice_0' [/home/ad2039/G00StereoCamera/SCAM/SCAM.srcs/sources_1/bd/design_1/ip/design_1_m01_regslice_0/synth/design_1_m01_regslice_0.v:58]
INFO: [Synth 8-638] synthesizing module 'axi_register_slice_v2_1_14_axi_register_slice' [/home/ad2039/G00StereoCamera/SCAM/SCAM.srcs/sources_1/bd/design_1/ipshared/a259/hdl/axi_register_slice_v2_1_vl_rfs.v:1284]
INFO: [Synth 8-638] synthesizing module 'axi_register_slice_v2_1_14_axic_register_slice' [/home/ad2039/G00StereoCamera/SCAM/SCAM.srcs/sources_1/bd/design_1/ipshared/a259/hdl/axi_register_slice_v2_1_vl_rfs.v:189]
INFO: [Synth 8-256] done synthesizing module 'axi_register_slice_v2_1_14_axic_register_slice' (1#1) [/home/ad2039/G00StereoCamera/SCAM/SCAM.srcs/sources_1/bd/design_1/ipshared/a259/hdl/axi_register_slice_v2_1_vl_rfs.v:189]
INFO: [Synth 8-638] synthesizing module 'axi_register_slice_v2_1_14_axic_register_slice__parameterized0' [/home/ad2039/G00StereoCamera/SCAM/SCAM.srcs/sources_1/bd/design_1/ipshared/a259/hdl/axi_register_slice_v2_1_vl_rfs.v:189]
INFO: [Synth 8-256] done synthesizing module 'axi_register_slice_v2_1_14_axic_register_slice__parameterized0' (1#1) [/home/ad2039/G00StereoCamera/SCAM/SCAM.srcs/sources_1/bd/design_1/ipshared/a259/hdl/axi_register_slice_v2_1_vl_rfs.v:189]
INFO: [Synth 8-638] synthesizing module 'axi_register_slice_v2_1_14_axic_register_slice__parameterized1' [/home/ad2039/G00StereoCamera/SCAM/SCAM.srcs/sources_1/bd/design_1/ipshared/a259/hdl/axi_register_slice_v2_1_vl_rfs.v:189]
INFO: [Synth 8-256] done synthesizing module 'axi_register_slice_v2_1_14_axic_register_slice__parameterized1' (1#1) [/home/ad2039/G00StereoCamera/SCAM/SCAM.srcs/sources_1/bd/design_1/ipshared/a259/hdl/axi_register_slice_v2_1_vl_rfs.v:189]
INFO: [Synth 8-638] synthesizing module 'axi_register_slice_v2_1_14_axic_register_slice__parameterized2' [/home/ad2039/G00StereoCamera/SCAM/SCAM.srcs/sources_1/bd/design_1/ipshared/a259/hdl/axi_register_slice_v2_1_vl_rfs.v:189]
INFO: [Synth 8-256] done synthesizing module 'axi_register_slice_v2_1_14_axic_register_slice__parameterized2' (1#1) [/home/ad2039/G00StereoCamera/SCAM/SCAM.srcs/sources_1/bd/design_1/ipshared/a259/hdl/axi_register_slice_v2_1_vl_rfs.v:189]
INFO: [Synth 8-638] synthesizing module 'axi_infrastructure_v1_1_0_axi2vector' [/home/ad2039/G00StereoCamera/SCAM/SCAM.srcs/sources_1/bd/design_1/ipshared/ec67/hdl/axi_infrastructure_v1_1_vl_rfs.v:60]
INFO: [Synth 8-256] done synthesizing module 'axi_infrastructure_v1_1_0_axi2vector' (2#1) [/home/ad2039/G00StereoCamera/SCAM/SCAM.srcs/sources_1/bd/design_1/ipshared/ec67/hdl/axi_infrastructure_v1_1_vl_rfs.v:60]
INFO: [Synth 8-638] synthesizing module 'axi_infrastructure_v1_1_0_vector2axi' [/home/ad2039/G00StereoCamera/SCAM/SCAM.srcs/sources_1/bd/design_1/ipshared/ec67/hdl/axi_infrastructure_v1_1_vl_rfs.v:474]
INFO: [Synth 8-256] done synthesizing module 'axi_infrastructure_v1_1_0_vector2axi' (3#1) [/home/ad2039/G00StereoCamera/SCAM/SCAM.srcs/sources_1/bd/design_1/ipshared/ec67/hdl/axi_infrastructure_v1_1_vl_rfs.v:474]
INFO: [Synth 8-256] done synthesizing module 'axi_register_slice_v2_1_14_axi_register_slice' (4#1) [/home/ad2039/G00StereoCamera/SCAM/SCAM.srcs/sources_1/bd/design_1/ipshared/a259/hdl/axi_register_slice_v2_1_vl_rfs.v:1284]
INFO: [Synth 8-256] done synthesizing module 'design_1_m01_regslice_0' (5#1) [/home/ad2039/G00StereoCamera/SCAM/SCAM.srcs/sources_1/bd/design_1/ip/design_1_m01_regslice_0/synth/design_1_m01_regslice_0.v:58]
Finished RTL Elaboration : Time (s): cpu = 00:00:09 ; elapsed = 00:00:10 . Memory (MB): peak = 1497.742 ; gain = 0.000 ; free physical = 17488 ; free virtual = 48340
Finished RTL Optimization Phase 1 : Time (s): cpu = 00:00:09 ; elapsed = 00:00:11 . Memory (MB): peak = 1497.742 ; gain = 0.000 ; free physical = 17436 ; free virtual = 48288
INFO: [Device 21-403] Loading part xczu9eg-ffvb1156-2-i
Constraint Validation Runtime : Time (s): cpu = 00:00:00.01 ; elapsed = 00:00:00.01 . Memory (MB): peak = 2118.641 ; gain = 0.000 ; free physical = 12070 ; free virtual = 42908
Finished Constraint Validation : Time (s): cpu = 00:00:31 ; elapsed = 00:00:42 . Memory (MB): peak = 2118.641 ; gain = 620.898 ; free physical = 10697 ; free virtual = 41533
Finished Loading Part and Timing Information : Time (s): cpu = 00:00:31 ; elapsed = 00:00:42 . Memory (MB): peak = 2118.641 ; gain = 620.898 ; free physical = 10704 ; free virtual = 41540
Finished applying 'set_property' XDC Constraints : Time (s): cpu = 00:00:31 ; elapsed = 00:00:42 . Memory (MB): peak = 2118.641 ; gain = 620.898 ; free physical = 10705 ; free virtual = 41542
Finished RTL Optimization Phase 2 : Time (s): cpu = 00:00:31 ; elapsed = 00:00:43 . Memory (MB): peak = 2118.641 ; gain = 620.898 ; free physical = 10689 ; free virtual = 41525
Finished Cross Boundary and Area Optimization : Time (s): cpu = 00:00:31 ; elapsed = 00:00:43 . Memory (MB): peak = 2118.641 ; gain = 620.898 ; free physical = 10623 ; free virtual = 41459
Finished Applying XDC Timing Constraints : Time (s): cpu = 00:00:48 ; elapsed = 00:01:18 . Memory (MB): peak = 2732.617 ; gain = 1234.875 ; free physical = 7530 ; free virtual = 38380
Finished Timing Optimization : Time (s): cpu = 00:00:48 ; elapsed = 00:01:18 . Memory (MB): peak = 2742.633 ; gain = 1244.891 ; free physical = 7534 ; free virtual = 38384
Finished Technology Mapping : Time (s): cpu = 00:00:48 ; elapsed = 00:01:18 . Memory (MB): peak = 2751.648 ; gain = 1253.906 ; free physical = 7512 ; free virtual = 38362
Finished IO Insertion : Time (s): cpu = 00:00:49 ; elapsed = 00:01:19 . Memory (MB): peak = 2751.648 ; gain = 1253.906 ; free physical = 7937 ; free virtual = 38789
Finished Renaming Generated Instances : Time (s): cpu = 00:00:49 ; elapsed = 00:01:19 . Memory (MB): peak = 2751.648 ; gain = 1253.906 ; free physical = 7938 ; free virtual = 38790
Finished Rebuilding User Hierarchy : Time (s): cpu = 00:00:49 ; elapsed = 00:01:19 . Memory (MB): peak = 2751.648 ; gain = 1253.906 ; free physical = 8035 ; free virtual = 38888
Finished Renaming Generated Ports : Time (s): cpu = 00:00:49 ; elapsed = 00:01:19 . Memory (MB): peak = 2751.648 ; gain = 1253.906 ; free physical = 8068 ; free virtual = 38921
Finished Handling Custom Attributes : Time (s): cpu = 00:00:49 ; elapsed = 00:01:19 . Memory (MB): peak = 2751.648 ; gain = 1253.906 ; free physical = 8159 ; free virtual = 39012
Finished Renaming Generated Nets : Time (s): cpu = 00:00:49 ; elapsed = 00:01:19 . Memory (MB): peak = 2751.648 ; gain = 1253.906 ; free physical = 8199 ; free virtual = 39052

Report Cell Usage: 
+------+-----+------+
|      |Cell |Count |
+------+-----+------+
|1     |LUT1 |     8|
|2     |LUT3 |     5|
|3     |LUT4 |     5|
|4     |FDRE |   102|
+------+-----+------+
Finished Writing Synthesis Report : Time (s): cpu = 00:00:49 ; elapsed = 00:01:19 . Memory (MB): peak = 2751.648 ; gain = 1253.906 ; free physical = 8237 ; free virtual = 39090
synth_design: Time (s): cpu = 00:00:50 ; elapsed = 00:01:20 . Memory (MB): peak = 2775.281 ; gain = 1298.914 ; free physical = 8712 ; free virtual = 39565
