
*** Running vivado
    with args -log bd_c7bd_hsc_0.vds -m64 -product Vivado -mode batch -messageDb vivado.pb -notrace -source bd_c7bd_hsc_0.tcl


****** Vivado v2017.3 (64-bit)
  **** SW Build 2018833 on Wed Oct  4 19:58:07 MDT 2017
  **** IP Build 2016188 on Wed Oct  4 21:52:56 MDT 2017
    ** Copyright 1986-2017 Xilinx, Inc. All Rights Reserved.

source bd_c7bd_hsc_0.tcl -notrace
compile_c: Time (s): cpu = 00:01:11 ; elapsed = 00:01:35 . Memory (MB): peak = 1477.367 ; gain = 0.000 ; free physical = 12727 ; free virtual = 44348
Starting RTL Elaboration : Time (s): cpu = 00:00:08 ; elapsed = 00:00:10 . Memory (MB): peak = 1498.742 ; gain = 0.000 ; free physical = 12269 ; free virtual = 43902
INFO: [Synth 8-638] synthesizing module 'bd_c7bd_hsc_0' [/home/ad2039/G00StereoCamera/SCAM/SCAM.srcs/sources_1/bd/design_1/ip/design_1_v_proc_ss_scaler_0/bd_0/ip/ip_3/synth/bd_c7bd_hsc_0.v:57]
INFO: [Synth 8-638] synthesizing module 'bd_c7bd_hsc_0_v_hscaler_CTRL_s_axi' [/home/ad2039/G00StereoCamera/SCAM/SCAM.srcs/sources_1/bd/design_1/ip/design_1_v_proc_ss_scaler_0/bd_0/ip/ip_3/hdl/verilog/bd_c7bd_hsc_0_v_hscaler_CTRL_s_axi.v:9]
INFO: [Synth 8-638] synthesizing module 'bd_c7bd_hsc_0_v_hscaler_CTRL_s_axi_ram' [/home/ad2039/G00StereoCamera/SCAM/SCAM.srcs/sources_1/bd/design_1/ip/design_1_v_proc_ss_scaler_0/bd_0/ip/ip_3/hdl/verilog/bd_c7bd_hsc_0_v_hscaler_CTRL_s_axi.v:624]
INFO: [Synth 8-256] done synthesizing module 'bd_c7bd_hsc_0_v_hscaler_CTRL_s_axi_ram' (1#1) [/home/ad2039/G00StereoCamera/SCAM/SCAM.srcs/sources_1/bd/design_1/ip/design_1_v_proc_ss_scaler_0/bd_0/ip/ip_3/hdl/verilog/bd_c7bd_hsc_0_v_hscaler_CTRL_s_axi.v:624]
INFO: [Synth 8-638] synthesizing module 'bd_c7bd_hsc_0_v_hscaler_CTRL_s_axi_ram__parameterized0' [/home/ad2039/G00StereoCamera/SCAM/SCAM.srcs/sources_1/bd/design_1/ip/design_1_v_proc_ss_scaler_0/bd_0/ip/ip_3/hdl/verilog/bd_c7bd_hsc_0_v_hscaler_CTRL_s_axi.v:624]
INFO: [Synth 8-256] done synthesizing module 'bd_c7bd_hsc_0_v_hscaler_CTRL_s_axi_ram__parameterized0' (1#1) [/home/ad2039/G00StereoCamera/SCAM/SCAM.srcs/sources_1/bd/design_1/ip/design_1_v_proc_ss_scaler_0/bd_0/ip/ip_3/hdl/verilog/bd_c7bd_hsc_0_v_hscaler_CTRL_s_axi.v:624]
INFO: [Synth 8-256] done synthesizing module 'bd_c7bd_hsc_0_v_hscaler_CTRL_s_axi' (2#1) [/home/ad2039/G00StereoCamera/SCAM/SCAM.srcs/sources_1/bd/design_1/ip/design_1_v_proc_ss_scaler_0/bd_0/ip/ip_3/hdl/verilog/bd_c7bd_hsc_0_v_hscaler_CTRL_s_axi.v:9]
INFO: [Synth 8-638] synthesizing module 'bd_c7bd_hsc_0_v_hscaler_entry334' [/home/ad2039/G00StereoCamera/SCAM/SCAM.srcs/sources_1/bd/design_1/ip/design_1_v_proc_ss_scaler_0/bd_0/ip/ip_3/hdl/verilog/bd_c7bd_hsc_0_v_hscaler_entry334.v:10]
INFO: [Synth 8-256] done synthesizing module 'bd_c7bd_hsc_0_v_hscaler_entry334' (3#1) [/home/ad2039/G00StereoCamera/SCAM/SCAM.srcs/sources_1/bd/design_1/ip/design_1_v_proc_ss_scaler_0/bd_0/ip/ip_3/hdl/verilog/bd_c7bd_hsc_0_v_hscaler_entry334.v:10]
INFO: [Synth 8-638] synthesizing module 'bd_c7bd_hsc_0_AXIvideo2MultiPixStr' [/home/ad2039/G00StereoCamera/SCAM/SCAM.srcs/sources_1/bd/design_1/ip/design_1_v_proc_ss_scaler_0/bd_0/ip/ip_3/hdl/verilog/bd_c7bd_hsc_0_AXIvideo2MultiPixStr.v:10]
INFO: [Synth 8-256] done synthesizing module 'bd_c7bd_hsc_0_AXIvideo2MultiPixStr' (4#1) [/home/ad2039/G00StereoCamera/SCAM/SCAM.srcs/sources_1/bd/design_1/ip/design_1_v_proc_ss_scaler_0/bd_0/ip/ip_3/hdl/verilog/bd_c7bd_hsc_0_AXIvideo2MultiPixStr.v:10]
INFO: [Synth 8-638] synthesizing module 'bd_c7bd_hsc_0_hscale_core_polypocq' [/home/ad2039/G00StereoCamera/SCAM/SCAM.srcs/sources_1/bd/design_1/ip/design_1_v_proc_ss_scaler_0/bd_0/ip/ip_3/hdl/verilog/bd_c7bd_hsc_0_hscale_core_polypocq.v:43]
INFO: [Synth 8-638] synthesizing module 'bd_c7bd_hsc_0_hscale_core_polypocq_rom' [/home/ad2039/G00StereoCamera/SCAM/SCAM.srcs/sources_1/bd/design_1/ip/design_1_v_proc_ss_scaler_0/bd_0/ip/ip_3/hdl/verilog/bd_c7bd_hsc_0_hscale_core_polypocq.v:9]
INFO: [Synth 8-256] done synthesizing module 'bd_c7bd_hsc_0_hscale_core_polypocq_rom' (7#1) [/home/ad2039/G00StereoCamera/SCAM/SCAM.srcs/sources_1/bd/design_1/ip/design_1_v_proc_ss_scaler_0/bd_0/ip/ip_3/hdl/verilog/bd_c7bd_hsc_0_hscale_core_polypocq.v:9]
INFO: [Synth 8-256] done synthesizing module 'bd_c7bd_hsc_0_hscale_core_polypocq' (8#1) [/home/ad2039/G00StereoCamera/SCAM/SCAM.srcs/sources_1/bd/design_1/ip/design_1_v_proc_ss_scaler_0/bd_0/ip/ip_3/hdl/verilog/bd_c7bd_hsc_0_hscale_core_polypocq.v:43]
INFO: [Synth 8-638] synthesizing module 'bd_c7bd_hsc_0_hscale_core_polyppcA' [/home/ad2039/G00StereoCamera/SCAM/SCAM.srcs/sources_1/bd/design_1/ip/design_1_v_proc_ss_scaler_0/bd_0/ip/ip_3/hdl/verilog/bd_c7bd_hsc_0_hscale_core_polyppcA.v:99]
INFO: [Synth 8-638] synthesizing module 'bd_c7bd_hsc_0_hscale_core_polyppcA_rom' [/home/ad2039/G00StereoCamera/SCAM/SCAM.srcs/sources_1/bd/design_1/ip/design_1_v_proc_ss_scaler_0/bd_0/ip/ip_3/hdl/verilog/bd_c7bd_hsc_0_hscale_core_polyppcA.v:9]
INFO: [Synth 8-256] done synthesizing module 'bd_c7bd_hsc_0_hscale_core_polyppcA_rom' (9#1) [/home/ad2039/G00StereoCamera/SCAM/SCAM.srcs/sources_1/bd/design_1/ip/design_1_v_proc_ss_scaler_0/bd_0/ip/ip_3/hdl/verilog/bd_c7bd_hsc_0_hscale_core_polyppcA.v:9]
INFO: [Synth 8-256] done synthesizing module 'bd_c7bd_hsc_0_hscale_core_polyppcA' (10#1) [/home/ad2039/G00StereoCamera/SCAM/SCAM.srcs/sources_1/bd/design_1/ip/design_1_v_proc_ss_scaler_0/bd_0/ip/ip_3/hdl/verilog/bd_c7bd_hsc_0_hscale_core_polyppcA.v:99]
INFO: [Synth 8-638] synthesizing module 'bd_c7bd_hsc_0_hscale_core_polypqcK' [/home/ad2039/G00StereoCamera/SCAM/SCAM.srcs/sources_1/bd/design_1/ip/design_1_v_proc_ss_scaler_0/bd_0/ip/ip_3/hdl/verilog/bd_c7bd_hsc_0_hscale_core_polypqcK.v:46]
INFO: [Synth 8-638] synthesizing module 'bd_c7bd_hsc_0_hscale_core_polypqcK_ram' [/home/ad2039/G00StereoCamera/SCAM/SCAM.srcs/sources_1/bd/design_1/ip/design_1_v_proc_ss_scaler_0/bd_0/ip/ip_3/hdl/verilog/bd_c7bd_hsc_0_hscale_core_polypqcK.v:9]
INFO: [Synth 8-256] done synthesizing module 'bd_c7bd_hsc_0_hscale_core_polypqcK_ram' (11#1) [/home/ad2039/G00StereoCamera/SCAM/SCAM.srcs/sources_1/bd/design_1/ip/design_1_v_proc_ss_scaler_0/bd_0/ip/ip_3/hdl/verilog/bd_c7bd_hsc_0_hscale_core_polypqcK.v:9]
INFO: [Synth 8-256] done synthesizing module 'bd_c7bd_hsc_0_hscale_core_polypqcK' (12#1) [/home/ad2039/G00StereoCamera/SCAM/SCAM.srcs/sources_1/bd/design_1/ip/design_1_v_proc_ss_scaler_0/bd_0/ip/ip_3/hdl/verilog/bd_c7bd_hsc_0_hscale_core_polypqcK.v:46]
INFO: [Synth 8-638] synthesizing module 'bd_c7bd_hsc_0_v_hscaler_mux_134bkb' [/home/ad2039/G00StereoCamera/SCAM/SCAM.srcs/sources_1/bd/design_1/ip/design_1_v_proc_ss_scaler_0/bd_0/ip/ip_3/hdl/verilog/bd_c7bd_hsc_0_v_hscaler_mux_134bkb.v:11]
INFO: [Synth 8-256] done synthesizing module 'bd_c7bd_hsc_0_v_hscaler_mux_134bkb' (13#1) [/home/ad2039/G00StereoCamera/SCAM/SCAM.srcs/sources_1/bd/design_1/ip/design_1_v_proc_ss_scaler_0/bd_0/ip/ip_3/hdl/verilog/bd_c7bd_hsc_0_v_hscaler_mux_134bkb.v:11]
INFO: [Synth 8-638] synthesizing module 'bd_c7bd_hsc_0_v_hscaler_mac_mulcud' [/home/ad2039/G00StereoCamera/SCAM/SCAM.srcs/sources_1/bd/design_1/ip/design_1_v_proc_ss_scaler_0/bd_0/ip/ip_3/hdl/verilog/bd_c7bd_hsc_0_v_hscaler_mac_mulcud.v:34]
INFO: [Synth 8-638] synthesizing module 'bd_c7bd_hsc_0_v_hscaler_mac_mulcud_DSP48_0' [/home/ad2039/G00StereoCamera/SCAM/SCAM.srcs/sources_1/bd/design_1/ip/design_1_v_proc_ss_scaler_0/bd_0/ip/ip_3/hdl/verilog/bd_c7bd_hsc_0_v_hscaler_mac_mulcud.v:10]
INFO: [Synth 8-256] done synthesizing module 'bd_c7bd_hsc_0_v_hscaler_mac_mulcud_DSP48_0' (14#1) [/home/ad2039/G00StereoCamera/SCAM/SCAM.srcs/sources_1/bd/design_1/ip/design_1_v_proc_ss_scaler_0/bd_0/ip/ip_3/hdl/verilog/bd_c7bd_hsc_0_v_hscaler_mac_mulcud.v:10]
INFO: [Synth 8-256] done synthesizing module 'bd_c7bd_hsc_0_v_hscaler_mac_mulcud' (15#1) [/home/ad2039/G00StereoCamera/SCAM/SCAM.srcs/sources_1/bd/design_1/ip/design_1_v_proc_ss_scaler_0/bd_0/ip/ip_3/hdl/verilog/bd_c7bd_hsc_0_v_hscaler_mac_mulcud.v:34]
INFO: [Synth 8-638] synthesizing module 'bd_c7bd_hsc_0_v_hscaler_mac_muldEe' [/home/ad2039/G00StereoCamera/SCAM/SCAM.srcs/sources_1/bd/design_1/ip/design_1_v_proc_ss_scaler_0/bd_0/ip/ip_3/hdl/verilog/bd_c7bd_hsc_0_v_hscaler_mac_muldEe.v:34]
INFO: [Synth 8-638] synthesizing module 'bd_c7bd_hsc_0_v_hscaler_mac_muldEe_DSP48_1' [/home/ad2039/G00StereoCamera/SCAM/SCAM.srcs/sources_1/bd/design_1/ip/design_1_v_proc_ss_scaler_0/bd_0/ip/ip_3/hdl/verilog/bd_c7bd_hsc_0_v_hscaler_mac_muldEe.v:10]
INFO: [Synth 8-256] done synthesizing module 'bd_c7bd_hsc_0_v_hscaler_mac_muldEe_DSP48_1' (16#1) [/home/ad2039/G00StereoCamera/SCAM/SCAM.srcs/sources_1/bd/design_1/ip/design_1_v_proc_ss_scaler_0/bd_0/ip/ip_3/hdl/verilog/bd_c7bd_hsc_0_v_hscaler_mac_muldEe.v:10]
INFO: [Synth 8-256] done synthesizing module 'bd_c7bd_hsc_0_v_hscaler_mac_muldEe' (17#1) [/home/ad2039/G00StereoCamera/SCAM/SCAM.srcs/sources_1/bd/design_1/ip/design_1_v_proc_ss_scaler_0/bd_0/ip/ip_3/hdl/verilog/bd_c7bd_hsc_0_v_hscaler_mac_muldEe.v:34]
INFO: [Synth 8-638] synthesizing module 'bd_c7bd_hsc_0_v_hscaler_mac_muleOg' [/home/ad2039/G00StereoCamera/SCAM/SCAM.srcs/sources_1/bd/design_1/ip/design_1_v_proc_ss_scaler_0/bd_0/ip/ip_3/hdl/verilog/bd_c7bd_hsc_0_v_hscaler_mac_muleOg.v:34]
INFO: [Synth 8-638] synthesizing module 'bd_c7bd_hsc_0_v_hscaler_mac_muleOg_DSP48_2' [/home/ad2039/G00StereoCamera/SCAM/SCAM.srcs/sources_1/bd/design_1/ip/design_1_v_proc_ss_scaler_0/bd_0/ip/ip_3/hdl/verilog/bd_c7bd_hsc_0_v_hscaler_mac_muleOg.v:10]
INFO: [Synth 8-256] done synthesizing module 'bd_c7bd_hsc_0_v_hscaler_mac_muleOg_DSP48_2' (18#1) [/home/ad2039/G00StereoCamera/SCAM/SCAM.srcs/sources_1/bd/design_1/ip/design_1_v_proc_ss_scaler_0/bd_0/ip/ip_3/hdl/verilog/bd_c7bd_hsc_0_v_hscaler_mac_muleOg.v:10]
INFO: [Synth 8-256] done synthesizing module 'bd_c7bd_hsc_0_v_hscaler_mac_muleOg' (19#1) [/home/ad2039/G00StereoCamera/SCAM/SCAM.srcs/sources_1/bd/design_1/ip/design_1_v_proc_ss_scaler_0/bd_0/ip/ip_3/hdl/verilog/bd_c7bd_hsc_0_v_hscaler_mac_muleOg.v:34]
INFO: [Synth 8-638] synthesizing module 'bd_c7bd_hsc_0_v_hscaler_mac_mulfYi' [/home/ad2039/G00StereoCamera/SCAM/SCAM.srcs/sources_1/bd/design_1/ip/design_1_v_proc_ss_scaler_0/bd_0/ip/ip_3/hdl/verilog/bd_c7bd_hsc_0_v_hscaler_mac_mulfYi.v:34]
INFO: [Synth 8-638] synthesizing module 'bd_c7bd_hsc_0_v_hscaler_mac_mulfYi_DSP48_3' [/home/ad2039/G00StereoCamera/SCAM/SCAM.srcs/sources_1/bd/design_1/ip/design_1_v_proc_ss_scaler_0/bd_0/ip/ip_3/hdl/verilog/bd_c7bd_hsc_0_v_hscaler_mac_mulfYi.v:10]
INFO: [Synth 8-256] done synthesizing module 'bd_c7bd_hsc_0_v_hscaler_mac_mulfYi_DSP48_3' (20#1) [/home/ad2039/G00StereoCamera/SCAM/SCAM.srcs/sources_1/bd/design_1/ip/design_1_v_proc_ss_scaler_0/bd_0/ip/ip_3/hdl/verilog/bd_c7bd_hsc_0_v_hscaler_mac_mulfYi.v:10]
INFO: [Synth 8-256] done synthesizing module 'bd_c7bd_hsc_0_v_hscaler_mac_mulfYi' (21#1) [/home/ad2039/G00StereoCamera/SCAM/SCAM.srcs/sources_1/bd/design_1/ip/design_1_v_proc_ss_scaler_0/bd_0/ip/ip_3/hdl/verilog/bd_c7bd_hsc_0_v_hscaler_mac_mulfYi.v:34]
INFO: [Synth 8-638] synthesizing module 'bd_c7bd_hsc_0_v_hscaler_mac_mulg8j' [/home/ad2039/G00StereoCamera/SCAM/SCAM.srcs/sources_1/bd/design_1/ip/design_1_v_proc_ss_scaler_0/bd_0/ip/ip_3/hdl/verilog/bd_c7bd_hsc_0_v_hscaler_mac_mulg8j.v:34]
INFO: [Synth 8-638] synthesizing module 'bd_c7bd_hsc_0_v_hscaler_mac_mulg8j_DSP48_4' [/home/ad2039/G00StereoCamera/SCAM/SCAM.srcs/sources_1/bd/design_1/ip/design_1_v_proc_ss_scaler_0/bd_0/ip/ip_3/hdl/verilog/bd_c7bd_hsc_0_v_hscaler_mac_mulg8j.v:10]
INFO: [Synth 8-256] done synthesizing module 'bd_c7bd_hsc_0_v_hscaler_mac_mulg8j_DSP48_4' (22#1) [/home/ad2039/G00StereoCamera/SCAM/SCAM.srcs/sources_1/bd/design_1/ip/design_1_v_proc_ss_scaler_0/bd_0/ip/ip_3/hdl/verilog/bd_c7bd_hsc_0_v_hscaler_mac_mulg8j.v:10]
INFO: [Synth 8-256] done synthesizing module 'bd_c7bd_hsc_0_v_hscaler_mac_mulg8j' (23#1) [/home/ad2039/G00StereoCamera/SCAM/SCAM.srcs/sources_1/bd/design_1/ip/design_1_v_proc_ss_scaler_0/bd_0/ip/ip_3/hdl/verilog/bd_c7bd_hsc_0_v_hscaler_mac_mulg8j.v:34]
INFO: [Synth 8-638] synthesizing module 'bd_c7bd_hsc_0_v_hscaler_mac_mulhbi' [/home/ad2039/G00StereoCamera/SCAM/SCAM.srcs/sources_1/bd/design_1/ip/design_1_v_proc_ss_scaler_0/bd_0/ip/ip_3/hdl/verilog/bd_c7bd_hsc_0_v_hscaler_mac_mulhbi.v:34]
INFO: [Synth 8-638] synthesizing module 'bd_c7bd_hsc_0_v_hscaler_mac_mulhbi_DSP48_5' [/home/ad2039/G00StereoCamera/SCAM/SCAM.srcs/sources_1/bd/design_1/ip/design_1_v_proc_ss_scaler_0/bd_0/ip/ip_3/hdl/verilog/bd_c7bd_hsc_0_v_hscaler_mac_mulhbi.v:10]
INFO: [Synth 8-256] done synthesizing module 'bd_c7bd_hsc_0_v_hscaler_mac_mulhbi_DSP48_5' (24#1) [/home/ad2039/G00StereoCamera/SCAM/SCAM.srcs/sources_1/bd/design_1/ip/design_1_v_proc_ss_scaler_0/bd_0/ip/ip_3/hdl/verilog/bd_c7bd_hsc_0_v_hscaler_mac_mulhbi.v:10]
INFO: [Synth 8-256] done synthesizing module 'bd_c7bd_hsc_0_v_hscaler_mac_mulhbi' (25#1) [/home/ad2039/G00StereoCamera/SCAM/SCAM.srcs/sources_1/bd/design_1/ip/design_1_v_proc_ss_scaler_0/bd_0/ip/ip_3/hdl/verilog/bd_c7bd_hsc_0_v_hscaler_mac_mulhbi.v:34]
INFO: [Synth 8-638] synthesizing module 'bd_c7bd_hsc_0_v_hscaler_mac_mulibs' [/home/ad2039/G00StereoCamera/SCAM/SCAM.srcs/sources_1/bd/design_1/ip/design_1_v_proc_ss_scaler_0/bd_0/ip/ip_3/hdl/verilog/bd_c7bd_hsc_0_v_hscaler_mac_mulibs.v:34]
INFO: [Synth 8-638] synthesizing module 'bd_c7bd_hsc_0_v_hscaler_mac_mulibs_DSP48_6' [/home/ad2039/G00StereoCamera/SCAM/SCAM.srcs/sources_1/bd/design_1/ip/design_1_v_proc_ss_scaler_0/bd_0/ip/ip_3/hdl/verilog/bd_c7bd_hsc_0_v_hscaler_mac_mulibs.v:10]
INFO: [Synth 8-256] done synthesizing module 'bd_c7bd_hsc_0_v_hscaler_mac_mulibs_DSP48_6' (26#1) [/home/ad2039/G00StereoCamera/SCAM/SCAM.srcs/sources_1/bd/design_1/ip/design_1_v_proc_ss_scaler_0/bd_0/ip/ip_3/hdl/verilog/bd_c7bd_hsc_0_v_hscaler_mac_mulibs.v:10]
INFO: [Synth 8-256] done synthesizing module 'bd_c7bd_hsc_0_v_hscaler_mac_mulibs' (27#1) [/home/ad2039/G00StereoCamera/SCAM/SCAM.srcs/sources_1/bd/design_1/ip/design_1_v_proc_ss_scaler_0/bd_0/ip/ip_3/hdl/verilog/bd_c7bd_hsc_0_v_hscaler_mac_mulibs.v:34]
INFO: [Synth 8-638] synthesizing module 'bd_c7bd_hsc_0_v_hscaler_mac_muljbC' [/home/ad2039/G00StereoCamera/SCAM/SCAM.srcs/sources_1/bd/design_1/ip/design_1_v_proc_ss_scaler_0/bd_0/ip/ip_3/hdl/verilog/bd_c7bd_hsc_0_v_hscaler_mac_muljbC.v:34]
INFO: [Synth 8-638] synthesizing module 'bd_c7bd_hsc_0_v_hscaler_mac_muljbC_DSP48_7' [/home/ad2039/G00StereoCamera/SCAM/SCAM.srcs/sources_1/bd/design_1/ip/design_1_v_proc_ss_scaler_0/bd_0/ip/ip_3/hdl/verilog/bd_c7bd_hsc_0_v_hscaler_mac_muljbC.v:10]
INFO: [Synth 8-256] done synthesizing module 'bd_c7bd_hsc_0_v_hscaler_mac_muljbC_DSP48_7' (28#1) [/home/ad2039/G00StereoCamera/SCAM/SCAM.srcs/sources_1/bd/design_1/ip/design_1_v_proc_ss_scaler_0/bd_0/ip/ip_3/hdl/verilog/bd_c7bd_hsc_0_v_hscaler_mac_muljbC.v:10]
INFO: [Synth 8-256] done synthesizing module 'bd_c7bd_hsc_0_v_hscaler_mac_muljbC' (29#1) [/home/ad2039/G00StereoCamera/SCAM/SCAM.srcs/sources_1/bd/design_1/ip/design_1_v_proc_ss_scaler_0/bd_0/ip/ip_3/hdl/verilog/bd_c7bd_hsc_0_v_hscaler_mac_muljbC.v:34]
INFO: [Synth 8-638] synthesizing module 'bd_c7bd_hsc_0_v_hscaler_mac_mulkbM' [/home/ad2039/G00StereoCamera/SCAM/SCAM.srcs/sources_1/bd/design_1/ip/design_1_v_proc_ss_scaler_0/bd_0/ip/ip_3/hdl/verilog/bd_c7bd_hsc_0_v_hscaler_mac_mulkbM.v:34]
INFO: [Synth 8-638] synthesizing module 'bd_c7bd_hsc_0_v_hscaler_mac_mulkbM_DSP48_8' [/home/ad2039/G00StereoCamera/SCAM/SCAM.srcs/sources_1/bd/design_1/ip/design_1_v_proc_ss_scaler_0/bd_0/ip/ip_3/hdl/verilog/bd_c7bd_hsc_0_v_hscaler_mac_mulkbM.v:10]
INFO: [Synth 8-256] done synthesizing module 'bd_c7bd_hsc_0_v_hscaler_mac_mulkbM_DSP48_8' (30#1) [/home/ad2039/G00StereoCamera/SCAM/SCAM.srcs/sources_1/bd/design_1/ip/design_1_v_proc_ss_scaler_0/bd_0/ip/ip_3/hdl/verilog/bd_c7bd_hsc_0_v_hscaler_mac_mulkbM.v:10]
INFO: [Synth 8-256] done synthesizing module 'bd_c7bd_hsc_0_v_hscaler_mac_mulkbM' (31#1) [/home/ad2039/G00StereoCamera/SCAM/SCAM.srcs/sources_1/bd/design_1/ip/design_1_v_proc_ss_scaler_0/bd_0/ip/ip_3/hdl/verilog/bd_c7bd_hsc_0_v_hscaler_mac_mulkbM.v:34]
INFO: [Synth 8-638] synthesizing module 'bd_c7bd_hsc_0_v_hscaler_mac_mullbW' [/home/ad2039/G00StereoCamera/SCAM/SCAM.srcs/sources_1/bd/design_1/ip/design_1_v_proc_ss_scaler_0/bd_0/ip/ip_3/hdl/verilog/bd_c7bd_hsc_0_v_hscaler_mac_mullbW.v:34]
INFO: [Synth 8-638] synthesizing module 'bd_c7bd_hsc_0_v_hscaler_mac_mullbW_DSP48_9' [/home/ad2039/G00StereoCamera/SCAM/SCAM.srcs/sources_1/bd/design_1/ip/design_1_v_proc_ss_scaler_0/bd_0/ip/ip_3/hdl/verilog/bd_c7bd_hsc_0_v_hscaler_mac_mullbW.v:10]
INFO: [Synth 8-256] done synthesizing module 'bd_c7bd_hsc_0_v_hscaler_mac_mullbW_DSP48_9' (32#1) [/home/ad2039/G00StereoCamera/SCAM/SCAM.srcs/sources_1/bd/design_1/ip/design_1_v_proc_ss_scaler_0/bd_0/ip/ip_3/hdl/verilog/bd_c7bd_hsc_0_v_hscaler_mac_mullbW.v:10]
INFO: [Synth 8-256] done synthesizing module 'bd_c7bd_hsc_0_v_hscaler_mac_mullbW' (33#1) [/home/ad2039/G00StereoCamera/SCAM/SCAM.srcs/sources_1/bd/design_1/ip/design_1_v_proc_ss_scaler_0/bd_0/ip/ip_3/hdl/verilog/bd_c7bd_hsc_0_v_hscaler_mac_mullbW.v:34]
INFO: [Synth 8-638] synthesizing module 'bd_c7bd_hsc_0_v_hscaler_mac_mulmb6' [/home/ad2039/G00StereoCamera/SCAM/SCAM.srcs/sources_1/bd/design_1/ip/design_1_v_proc_ss_scaler_0/bd_0/ip/ip_3/hdl/verilog/bd_c7bd_hsc_0_v_hscaler_mac_mulmb6.v:34]
INFO: [Synth 8-638] synthesizing module 'bd_c7bd_hsc_0_v_hscaler_mac_mulmb6_DSP48_10' [/home/ad2039/G00StereoCamera/SCAM/SCAM.srcs/sources_1/bd/design_1/ip/design_1_v_proc_ss_scaler_0/bd_0/ip/ip_3/hdl/verilog/bd_c7bd_hsc_0_v_hscaler_mac_mulmb6.v:10]
INFO: [Synth 8-256] done synthesizing module 'bd_c7bd_hsc_0_v_hscaler_mac_mulmb6_DSP48_10' (34#1) [/home/ad2039/G00StereoCamera/SCAM/SCAM.srcs/sources_1/bd/design_1/ip/design_1_v_proc_ss_scaler_0/bd_0/ip/ip_3/hdl/verilog/bd_c7bd_hsc_0_v_hscaler_mac_mulmb6.v:10]
INFO: [Synth 8-256] done synthesizing module 'bd_c7bd_hsc_0_v_hscaler_mac_mulmb6' (35#1) [/home/ad2039/G00StereoCamera/SCAM/SCAM.srcs/sources_1/bd/design_1/ip/design_1_v_proc_ss_scaler_0/bd_0/ip/ip_3/hdl/verilog/bd_c7bd_hsc_0_v_hscaler_mac_mulmb6.v:34]
INFO: [Synth 8-638] synthesizing module 'bd_c7bd_hsc_0_v_hscaler_mac_mulncg' [/home/ad2039/G00StereoCamera/SCAM/SCAM.srcs/sources_1/bd/design_1/ip/design_1_v_proc_ss_scaler_0/bd_0/ip/ip_3/hdl/verilog/bd_c7bd_hsc_0_v_hscaler_mac_mulncg.v:34]
INFO: [Synth 8-638] synthesizing module 'bd_c7bd_hsc_0_v_hscaler_mac_mulncg_DSP48_11' [/home/ad2039/G00StereoCamera/SCAM/SCAM.srcs/sources_1/bd/design_1/ip/design_1_v_proc_ss_scaler_0/bd_0/ip/ip_3/hdl/verilog/bd_c7bd_hsc_0_v_hscaler_mac_mulncg.v:10]
INFO: [Synth 8-256] done synthesizing module 'bd_c7bd_hsc_0_v_hscaler_mac_mulncg_DSP48_11' (36#1) [/home/ad2039/G00StereoCamera/SCAM/SCAM.srcs/sources_1/bd/design_1/ip/design_1_v_proc_ss_scaler_0/bd_0/ip/ip_3/hdl/verilog/bd_c7bd_hsc_0_v_hscaler_mac_mulncg.v:10]
INFO: [Synth 8-256] done synthesizing module 'bd_c7bd_hsc_0_v_hscaler_mac_mulncg' (37#1) [/home/ad2039/G00StereoCamera/SCAM/SCAM.srcs/sources_1/bd/design_1/ip/design_1_v_proc_ss_scaler_0/bd_0/ip/ip_3/hdl/verilog/bd_c7bd_hsc_0_v_hscaler_mac_mulncg.v:34]
INFO: [Synth 8-638] synthesizing module 'bd_c7bd_hsc_0_reg_ap_uint_18_s' [/home/ad2039/G00StereoCamera/SCAM/SCAM.srcs/sources_1/bd/design_1/ip/design_1_v_proc_ss_scaler_0/bd_0/ip/ip_3/hdl/verilog/bd_c7bd_hsc_0_reg_ap_uint_18_s.v:10]
INFO: [Synth 8-256] done synthesizing module 'bd_c7bd_hsc_0_reg_ap_uint_18_s' (39#1) [/home/ad2039/G00StereoCamera/SCAM/SCAM.srcs/sources_1/bd/design_1/ip/design_1_v_proc_ss_scaler_0/bd_0/ip/ip_3/hdl/verilog/bd_c7bd_hsc_0_reg_ap_uint_18_s.v:10]
INFO: [Synth 8-638] synthesizing module 'bd_c7bd_hsc_0_v_hscaler_mul_mulGfk' [/home/ad2039/G00StereoCamera/SCAM/SCAM.srcs/sources_1/bd/design_1/ip/design_1_v_proc_ss_scaler_0/bd_0/ip/ip_3/hdl/verilog/bd_c7bd_hsc_0_v_hscaler_mul_mulGfk.v:14]
INFO: [Synth 8-638] synthesizing module 'bd_c7bd_hsc_0_v_hscaler_mul_mulGfk_DSP48_12' [/home/ad2039/G00StereoCamera/SCAM/SCAM.srcs/sources_1/bd/design_1/ip/design_1_v_proc_ss_scaler_0/bd_0/ip/ip_3/hdl/verilog/bd_c7bd_hsc_0_v_hscaler_mul_mulGfk.v:4]
INFO: [Synth 8-256] done synthesizing module 'bd_c7bd_hsc_0_v_hscaler_mul_mulGfk_DSP48_12' (42#1) [/home/ad2039/G00StereoCamera/SCAM/SCAM.srcs/sources_1/bd/design_1/ip/design_1_v_proc_ss_scaler_0/bd_0/ip/ip_3/hdl/verilog/bd_c7bd_hsc_0_v_hscaler_mul_mulGfk.v:4]
INFO: [Synth 8-256] done synthesizing module 'bd_c7bd_hsc_0_v_hscaler_mul_mulGfk' (43#1) [/home/ad2039/G00StereoCamera/SCAM/SCAM.srcs/sources_1/bd/design_1/ip/design_1_v_proc_ss_scaler_0/bd_0/ip/ip_3/hdl/verilog/bd_c7bd_hsc_0_v_hscaler_mul_mulGfk.v:14]
INFO: [Synth 8-638] synthesizing module 'bd_c7bd_hsc_0_v_hscaler_mac_mulHfu' [/home/ad2039/G00StereoCamera/SCAM/SCAM.srcs/sources_1/bd/design_1/ip/design_1_v_proc_ss_scaler_0/bd_0/ip/ip_3/hdl/verilog/bd_c7bd_hsc_0_v_hscaler_mac_mulHfu.v:34]
INFO: [Synth 8-638] synthesizing module 'bd_c7bd_hsc_0_v_hscaler_mac_mulHfu_DSP48_13' [/home/ad2039/G00StereoCamera/SCAM/SCAM.srcs/sources_1/bd/design_1/ip/design_1_v_proc_ss_scaler_0/bd_0/ip/ip_3/hdl/verilog/bd_c7bd_hsc_0_v_hscaler_mac_mulHfu.v:10]
INFO: [Synth 8-256] done synthesizing module 'bd_c7bd_hsc_0_v_hscaler_mac_mulHfu_DSP48_13' (44#1) [/home/ad2039/G00StereoCamera/SCAM/SCAM.srcs/sources_1/bd/design_1/ip/design_1_v_proc_ss_scaler_0/bd_0/ip/ip_3/hdl/verilog/bd_c7bd_hsc_0_v_hscaler_mac_mulHfu.v:10]
INFO: [Synth 8-256] done synthesizing module 'bd_c7bd_hsc_0_v_hscaler_mac_mulHfu' (45#1) [/home/ad2039/G00StereoCamera/SCAM/SCAM.srcs/sources_1/bd/design_1/ip/design_1_v_proc_ss_scaler_0/bd_0/ip/ip_3/hdl/verilog/bd_c7bd_hsc_0_v_hscaler_mac_mulHfu.v:34]
INFO: [Synth 8-638] synthesizing module 'bd_c7bd_hsc_0_v_hscaler_mul_mulIfE' [/home/ad2039/G00StereoCamera/SCAM/SCAM.srcs/sources_1/bd/design_1/ip/design_1_v_proc_ss_scaler_0/bd_0/ip/ip_3/hdl/verilog/bd_c7bd_hsc_0_v_hscaler_mul_mulIfE.v:14]
INFO: [Synth 8-638] synthesizing module 'bd_c7bd_hsc_0_v_hscaler_mul_mulIfE_DSP48_14' [/home/ad2039/G00StereoCamera/SCAM/SCAM.srcs/sources_1/bd/design_1/ip/design_1_v_proc_ss_scaler_0/bd_0/ip/ip_3/hdl/verilog/bd_c7bd_hsc_0_v_hscaler_mul_mulIfE.v:4]
INFO: [Synth 8-256] done synthesizing module 'bd_c7bd_hsc_0_v_hscaler_mul_mulIfE_DSP48_14' (46#1) [/home/ad2039/G00StereoCamera/SCAM/SCAM.srcs/sources_1/bd/design_1/ip/design_1_v_proc_ss_scaler_0/bd_0/ip/ip_3/hdl/verilog/bd_c7bd_hsc_0_v_hscaler_mul_mulIfE.v:4]
INFO: [Synth 8-256] done synthesizing module 'bd_c7bd_hsc_0_v_hscaler_mul_mulIfE' (47#1) [/home/ad2039/G00StereoCamera/SCAM/SCAM.srcs/sources_1/bd/design_1/ip/design_1_v_proc_ss_scaler_0/bd_0/ip/ip_3/hdl/verilog/bd_c7bd_hsc_0_v_hscaler_mul_mulIfE.v:14]
INFO: [Synth 8-638] synthesizing module 'bd_c7bd_hsc_0_v_hscaler_mul_mulJfO' [/home/ad2039/G00StereoCamera/SCAM/SCAM.srcs/sources_1/bd/design_1/ip/design_1_v_proc_ss_scaler_0/bd_0/ip/ip_3/hdl/verilog/bd_c7bd_hsc_0_v_hscaler_mul_mulJfO.v:14]
INFO: [Synth 8-638] synthesizing module 'bd_c7bd_hsc_0_v_hscaler_mul_mulJfO_DSP48_15' [/home/ad2039/G00StereoCamera/SCAM/SCAM.srcs/sources_1/bd/design_1/ip/design_1_v_proc_ss_scaler_0/bd_0/ip/ip_3/hdl/verilog/bd_c7bd_hsc_0_v_hscaler_mul_mulJfO.v:4]
INFO: [Synth 8-256] done synthesizing module 'bd_c7bd_hsc_0_v_hscaler_mul_mulJfO_DSP48_15' (48#1) [/home/ad2039/G00StereoCamera/SCAM/SCAM.srcs/sources_1/bd/design_1/ip/design_1_v_proc_ss_scaler_0/bd_0/ip/ip_3/hdl/verilog/bd_c7bd_hsc_0_v_hscaler_mul_mulJfO.v:4]
INFO: [Synth 8-256] done synthesizing module 'bd_c7bd_hsc_0_v_hscaler_mul_mulJfO' (49#1) [/home/ad2039/G00StereoCamera/SCAM/SCAM.srcs/sources_1/bd/design_1/ip/design_1_v_proc_ss_scaler_0/bd_0/ip/ip_3/hdl/verilog/bd_c7bd_hsc_0_v_hscaler_mul_mulJfO.v:14]
INFO: [Synth 8-638] synthesizing module 'bd_c7bd_hsc_0_v_hscaler_mac_mulKfY' [/home/ad2039/G00StereoCamera/SCAM/SCAM.srcs/sources_1/bd/design_1/ip/design_1_v_proc_ss_scaler_0/bd_0/ip/ip_3/hdl/verilog/bd_c7bd_hsc_0_v_hscaler_mac_mulKfY.v:34]
INFO: [Synth 8-638] synthesizing module 'bd_c7bd_hsc_0_v_hscaler_mac_mulKfY_DSP48_16' [/home/ad2039/G00StereoCamera/SCAM/SCAM.srcs/sources_1/bd/design_1/ip/design_1_v_proc_ss_scaler_0/bd_0/ip/ip_3/hdl/verilog/bd_c7bd_hsc_0_v_hscaler_mac_mulKfY.v:10]
INFO: [Synth 8-256] done synthesizing module 'bd_c7bd_hsc_0_v_hscaler_mac_mulKfY_DSP48_16' (50#1) [/home/ad2039/G00StereoCamera/SCAM/SCAM.srcs/sources_1/bd/design_1/ip/design_1_v_proc_ss_scaler_0/bd_0/ip/ip_3/hdl/verilog/bd_c7bd_hsc_0_v_hscaler_mac_mulKfY.v:10]
INFO: [Synth 8-256] done synthesizing module 'bd_c7bd_hsc_0_v_hscaler_mac_mulKfY' (51#1) [/home/ad2039/G00StereoCamera/SCAM/SCAM.srcs/sources_1/bd/design_1/ip/design_1_v_proc_ss_scaler_0/bd_0/ip/ip_3/hdl/verilog/bd_c7bd_hsc_0_v_hscaler_mac_mulKfY.v:34]
INFO: [Synth 8-638] synthesizing module 'bd_c7bd_hsc_0_v_hscaler_mac_mulLf8' [/home/ad2039/G00StereoCamera/SCAM/SCAM.srcs/sources_1/bd/design_1/ip/design_1_v_proc_ss_scaler_0/bd_0/ip/ip_3/hdl/verilog/bd_c7bd_hsc_0_v_hscaler_mac_mulLf8.v:34]
INFO: [Synth 8-638] synthesizing module 'bd_c7bd_hsc_0_v_hscaler_mac_mulLf8_DSP48_17' [/home/ad2039/G00StereoCamera/SCAM/SCAM.srcs/sources_1/bd/design_1/ip/design_1_v_proc_ss_scaler_0/bd_0/ip/ip_3/hdl/verilog/bd_c7bd_hsc_0_v_hscaler_mac_mulLf8.v:10]
INFO: [Synth 8-256] done synthesizing module 'bd_c7bd_hsc_0_v_hscaler_mac_mulLf8_DSP48_17' (52#1) [/home/ad2039/G00StereoCamera/SCAM/SCAM.srcs/sources_1/bd/design_1/ip/design_1_v_proc_ss_scaler_0/bd_0/ip/ip_3/hdl/verilog/bd_c7bd_hsc_0_v_hscaler_mac_mulLf8.v:10]
INFO: [Synth 8-256] done synthesizing module 'bd_c7bd_hsc_0_v_hscaler_mac_mulLf8' (53#1) [/home/ad2039/G00StereoCamera/SCAM/SCAM.srcs/sources_1/bd/design_1/ip/design_1_v_proc_ss_scaler_0/bd_0/ip/ip_3/hdl/verilog/bd_c7bd_hsc_0_v_hscaler_mac_mulLf8.v:34]
INFO: [Synth 8-638] synthesizing module 'bd_c7bd_hsc_0_v_hscaler_mul_mulMgi' [/home/ad2039/G00StereoCamera/SCAM/SCAM.srcs/sources_1/bd/design_1/ip/design_1_v_proc_ss_scaler_0/bd_0/ip/ip_3/hdl/verilog/bd_c7bd_hsc_0_v_hscaler_mul_mulMgi.v:14]
INFO: [Synth 8-638] synthesizing module 'bd_c7bd_hsc_0_v_hscaler_mul_mulMgi_DSP48_18' [/home/ad2039/G00StereoCamera/SCAM/SCAM.srcs/sources_1/bd/design_1/ip/design_1_v_proc_ss_scaler_0/bd_0/ip/ip_3/hdl/verilog/bd_c7bd_hsc_0_v_hscaler_mul_mulMgi.v:4]
INFO: [Synth 8-256] done synthesizing module 'bd_c7bd_hsc_0_v_hscaler_mul_mulMgi_DSP48_18' (54#1) [/home/ad2039/G00StereoCamera/SCAM/SCAM.srcs/sources_1/bd/design_1/ip/design_1_v_proc_ss_scaler_0/bd_0/ip/ip_3/hdl/verilog/bd_c7bd_hsc_0_v_hscaler_mul_mulMgi.v:4]
INFO: [Synth 8-256] done synthesizing module 'bd_c7bd_hsc_0_v_hscaler_mul_mulMgi' (55#1) [/home/ad2039/G00StereoCamera/SCAM/SCAM.srcs/sources_1/bd/design_1/ip/design_1_v_proc_ss_scaler_0/bd_0/ip/ip_3/hdl/verilog/bd_c7bd_hsc_0_v_hscaler_mul_mulMgi.v:14]
INFO: [Synth 8-638] synthesizing module 'bd_c7bd_hsc_0_v_hscaler_am_submNgs' [/home/ad2039/G00StereoCamera/SCAM/SCAM.srcs/sources_1/bd/design_1/ip/design_1_v_proc_ss_scaler_0/bd_0/ip/ip_3/hdl/verilog/bd_c7bd_hsc_0_v_hscaler_am_submNgs.v:34]
INFO: [Synth 8-638] synthesizing module 'bd_c7bd_hsc_0_v_hscaler_am_submNgs_DSP48_19' [/home/ad2039/G00StereoCamera/SCAM/SCAM.srcs/sources_1/bd/design_1/ip/design_1_v_proc_ss_scaler_0/bd_0/ip/ip_3/hdl/verilog/bd_c7bd_hsc_0_v_hscaler_am_submNgs.v:10]
INFO: [Synth 8-256] done synthesizing module 'bd_c7bd_hsc_0_v_hscaler_am_submNgs_DSP48_19' (56#1) [/home/ad2039/G00StereoCamera/SCAM/SCAM.srcs/sources_1/bd/design_1/ip/design_1_v_proc_ss_scaler_0/bd_0/ip/ip_3/hdl/verilog/bd_c7bd_hsc_0_v_hscaler_am_submNgs.v:10]
INFO: [Synth 8-256] done synthesizing module 'bd_c7bd_hsc_0_v_hscaler_am_submNgs' (57#1) [/home/ad2039/G00StereoCamera/SCAM/SCAM.srcs/sources_1/bd/design_1/ip/design_1_v_proc_ss_scaler_0/bd_0/ip/ip_3/hdl/verilog/bd_c7bd_hsc_0_v_hscaler_am_submNgs.v:34]
INFO: [Synth 8-638] synthesizing module 'bd_c7bd_hsc_0_v_hscaler_mux_83_OgC' [/home/ad2039/G00StereoCamera/SCAM/SCAM.srcs/sources_1/bd/design_1/ip/design_1_v_proc_ss_scaler_0/bd_0/ip/ip_3/hdl/verilog/bd_c7bd_hsc_0_v_hscaler_mux_83_OgC.v:11]
INFO: [Synth 8-256] done synthesizing module 'bd_c7bd_hsc_0_v_hscaler_mux_83_OgC' (60#1) [/home/ad2039/G00StereoCamera/SCAM/SCAM.srcs/sources_1/bd/design_1/ip/design_1_v_proc_ss_scaler_0/bd_0/ip/ip_3/hdl/verilog/bd_c7bd_hsc_0_v_hscaler_mux_83_OgC.v:11]
INFO: [Synth 8-638] synthesizing module 'bd_c7bd_hsc_0_MultiPixStream2AXIvi' [/home/ad2039/G00StereoCamera/SCAM/SCAM.srcs/sources_1/bd/design_1/ip/design_1_v_proc_ss_scaler_0/bd_0/ip/ip_3/hdl/verilog/bd_c7bd_hsc_0_MultiPixStream2AXIvi.v:10]
INFO: [Synth 8-638] synthesizing module 'bd_c7bd_hsc_0_MultiPixStream2AXPgM' [/home/ad2039/G00StereoCamera/SCAM/SCAM.srcs/sources_1/bd/design_1/ip/design_1_v_proc_ss_scaler_0/bd_0/ip/ip_3/hdl/verilog/bd_c7bd_hsc_0_MultiPixStream2AXPgM.v:43]
INFO: [Synth 8-638] synthesizing module 'bd_c7bd_hsc_0_MultiPixStream2AXPgM_rom' [/home/ad2039/G00StereoCamera/SCAM/SCAM.srcs/sources_1/bd/design_1/ip/design_1_v_proc_ss_scaler_0/bd_0/ip/ip_3/hdl/verilog/bd_c7bd_hsc_0_MultiPixStream2AXPgM.v:9]
INFO: [Synth 8-256] done synthesizing module 'bd_c7bd_hsc_0_MultiPixStream2AXPgM_rom' (62#1) [/home/ad2039/G00StereoCamera/SCAM/SCAM.srcs/sources_1/bd/design_1/ip/design_1_v_proc_ss_scaler_0/bd_0/ip/ip_3/hdl/verilog/bd_c7bd_hsc_0_MultiPixStream2AXPgM.v:9]
INFO: [Synth 8-256] done synthesizing module 'bd_c7bd_hsc_0_MultiPixStream2AXPgM' (63#1) [/home/ad2039/G00StereoCamera/SCAM/SCAM.srcs/sources_1/bd/design_1/ip/design_1_v_proc_ss_scaler_0/bd_0/ip/ip_3/hdl/verilog/bd_c7bd_hsc_0_MultiPixStream2AXPgM.v:43]
INFO: [Synth 8-638] synthesizing module 'bd_c7bd_hsc_0_v_hscaler_mux_63_QgW' [/home/ad2039/G00StereoCamera/SCAM/SCAM.srcs/sources_1/bd/design_1/ip/design_1_v_proc_ss_scaler_0/bd_0/ip/ip_3/hdl/verilog/bd_c7bd_hsc_0_v_hscaler_mux_63_QgW.v:11]
INFO: [Synth 8-256] done synthesizing module 'bd_c7bd_hsc_0_v_hscaler_mux_63_QgW' (64#1) [/home/ad2039/G00StereoCamera/SCAM/SCAM.srcs/sources_1/bd/design_1/ip/design_1_v_proc_ss_scaler_0/bd_0/ip/ip_3/hdl/verilog/bd_c7bd_hsc_0_v_hscaler_mux_63_QgW.v:11]
INFO: [Synth 8-256] done synthesizing module 'bd_c7bd_hsc_0_MultiPixStream2AXIvi' (65#1) [/home/ad2039/G00StereoCamera/SCAM/SCAM.srcs/sources_1/bd/design_1/ip/design_1_v_proc_ss_scaler_0/bd_0/ip/ip_3/hdl/verilog/bd_c7bd_hsc_0_MultiPixStream2AXIvi.v:10]
INFO: [Synth 8-638] synthesizing module 'bd_c7bd_hsc_0_fifo_w12_d1_A' [/home/ad2039/G00StereoCamera/SCAM/SCAM.srcs/sources_1/bd/design_1/ip/design_1_v_proc_ss_scaler_0/bd_0/ip/ip_3/hdl/verilog/bd_c7bd_hsc_0_fifo_w12_d1_A.v:45]
INFO: [Synth 8-638] synthesizing module 'bd_c7bd_hsc_0_fifo_w12_d1_A_shiftReg' [/home/ad2039/G00StereoCamera/SCAM/SCAM.srcs/sources_1/bd/design_1/ip/design_1_v_proc_ss_scaler_0/bd_0/ip/ip_3/hdl/verilog/bd_c7bd_hsc_0_fifo_w12_d1_A.v:11]
INFO: [Synth 8-256] done synthesizing module 'bd_c7bd_hsc_0_fifo_w12_d1_A_shiftReg' (66#1) [/home/ad2039/G00StereoCamera/SCAM/SCAM.srcs/sources_1/bd/design_1/ip/design_1_v_proc_ss_scaler_0/bd_0/ip/ip_3/hdl/verilog/bd_c7bd_hsc_0_fifo_w12_d1_A.v:11]
INFO: [Synth 8-256] done synthesizing module 'bd_c7bd_hsc_0_fifo_w12_d1_A' (67#1) [/home/ad2039/G00StereoCamera/SCAM/SCAM.srcs/sources_1/bd/design_1/ip/design_1_v_proc_ss_scaler_0/bd_0/ip/ip_3/hdl/verilog/bd_c7bd_hsc_0_fifo_w12_d1_A.v:45]
INFO: [Synth 8-638] synthesizing module 'bd_c7bd_hsc_0_fifo_w12_d3_A' [/home/ad2039/G00StereoCamera/SCAM/SCAM.srcs/sources_1/bd/design_1/ip/design_1_v_proc_ss_scaler_0/bd_0/ip/ip_3/hdl/verilog/bd_c7bd_hsc_0_fifo_w12_d3_A.v:45]
INFO: [Synth 8-638] synthesizing module 'bd_c7bd_hsc_0_fifo_w12_d3_A_shiftReg' [/home/ad2039/G00StereoCamera/SCAM/SCAM.srcs/sources_1/bd/design_1/ip/design_1_v_proc_ss_scaler_0/bd_0/ip/ip_3/hdl/verilog/bd_c7bd_hsc_0_fifo_w12_d3_A.v:11]
INFO: [Synth 8-256] done synthesizing module 'bd_c7bd_hsc_0_fifo_w12_d3_A_shiftReg' (68#1) [/home/ad2039/G00StereoCamera/SCAM/SCAM.srcs/sources_1/bd/design_1/ip/design_1_v_proc_ss_scaler_0/bd_0/ip/ip_3/hdl/verilog/bd_c7bd_hsc_0_fifo_w12_d3_A.v:11]
INFO: [Synth 8-256] done synthesizing module 'bd_c7bd_hsc_0_fifo_w12_d3_A' (69#1) [/home/ad2039/G00StereoCamera/SCAM/SCAM.srcs/sources_1/bd/design_1/ip/design_1_v_proc_ss_scaler_0/bd_0/ip/ip_3/hdl/verilog/bd_c7bd_hsc_0_fifo_w12_d3_A.v:45]
INFO: [Synth 8-638] synthesizing module 'bd_c7bd_hsc_0_fifo_w8_d1_A' [/home/ad2039/G00StereoCamera/SCAM/SCAM.srcs/sources_1/bd/design_1/ip/design_1_v_proc_ss_scaler_0/bd_0/ip/ip_3/hdl/verilog/bd_c7bd_hsc_0_fifo_w8_d1_A.v:45]
INFO: [Synth 8-638] synthesizing module 'bd_c7bd_hsc_0_fifo_w8_d1_A_shiftReg' [/home/ad2039/G00StereoCamera/SCAM/SCAM.srcs/sources_1/bd/design_1/ip/design_1_v_proc_ss_scaler_0/bd_0/ip/ip_3/hdl/verilog/bd_c7bd_hsc_0_fifo_w8_d1_A.v:11]
INFO: [Synth 8-256] done synthesizing module 'bd_c7bd_hsc_0_fifo_w8_d1_A_shiftReg' (70#1) [/home/ad2039/G00StereoCamera/SCAM/SCAM.srcs/sources_1/bd/design_1/ip/design_1_v_proc_ss_scaler_0/bd_0/ip/ip_3/hdl/verilog/bd_c7bd_hsc_0_fifo_w8_d1_A.v:11]
INFO: [Synth 8-256] done synthesizing module 'bd_c7bd_hsc_0_fifo_w8_d1_A' (71#1) [/home/ad2039/G00StereoCamera/SCAM/SCAM.srcs/sources_1/bd/design_1/ip/design_1_v_proc_ss_scaler_0/bd_0/ip/ip_3/hdl/verilog/bd_c7bd_hsc_0_fifo_w8_d1_A.v:45]
INFO: [Synth 8-638] synthesizing module 'bd_c7bd_hsc_0_fifo_w8_d6_A' [/home/ad2039/G00StereoCamera/SCAM/SCAM.srcs/sources_1/bd/design_1/ip/design_1_v_proc_ss_scaler_0/bd_0/ip/ip_3/hdl/verilog/bd_c7bd_hsc_0_fifo_w8_d6_A.v:45]
INFO: [Synth 8-638] synthesizing module 'bd_c7bd_hsc_0_fifo_w8_d6_A_shiftReg' [/home/ad2039/G00StereoCamera/SCAM/SCAM.srcs/sources_1/bd/design_1/ip/design_1_v_proc_ss_scaler_0/bd_0/ip/ip_3/hdl/verilog/bd_c7bd_hsc_0_fifo_w8_d6_A.v:11]
INFO: [Synth 8-256] done synthesizing module 'bd_c7bd_hsc_0_fifo_w8_d6_A_shiftReg' (72#1) [/home/ad2039/G00StereoCamera/SCAM/SCAM.srcs/sources_1/bd/design_1/ip/design_1_v_proc_ss_scaler_0/bd_0/ip/ip_3/hdl/verilog/bd_c7bd_hsc_0_fifo_w8_d6_A.v:11]
INFO: [Synth 8-256] done synthesizing module 'bd_c7bd_hsc_0_fifo_w8_d6_A' (73#1) [/home/ad2039/G00StereoCamera/SCAM/SCAM.srcs/sources_1/bd/design_1/ip/design_1_v_proc_ss_scaler_0/bd_0/ip/ip_3/hdl/verilog/bd_c7bd_hsc_0_fifo_w8_d6_A.v:45]
INFO: [Synth 8-638] synthesizing module 'bd_c7bd_hsc_0_fifo_w8_d3_A' [/home/ad2039/G00StereoCamera/SCAM/SCAM.srcs/sources_1/bd/design_1/ip/design_1_v_proc_ss_scaler_0/bd_0/ip/ip_3/hdl/verilog/bd_c7bd_hsc_0_fifo_w8_d3_A.v:45]
INFO: [Synth 8-638] synthesizing module 'bd_c7bd_hsc_0_fifo_w8_d3_A_shiftReg' [/home/ad2039/G00StereoCamera/SCAM/SCAM.srcs/sources_1/bd/design_1/ip/design_1_v_proc_ss_scaler_0/bd_0/ip/ip_3/hdl/verilog/bd_c7bd_hsc_0_fifo_w8_d3_A.v:11]
INFO: [Synth 8-256] done synthesizing module 'bd_c7bd_hsc_0_fifo_w8_d3_A_shiftReg' (74#1) [/home/ad2039/G00StereoCamera/SCAM/SCAM.srcs/sources_1/bd/design_1/ip/design_1_v_proc_ss_scaler_0/bd_0/ip/ip_3/hdl/verilog/bd_c7bd_hsc_0_fifo_w8_d3_A.v:11]
INFO: [Synth 8-256] done synthesizing module 'bd_c7bd_hsc_0_fifo_w8_d3_A' (75#1) [/home/ad2039/G00StereoCamera/SCAM/SCAM.srcs/sources_1/bd/design_1/ip/design_1_v_proc_ss_scaler_0/bd_0/ip/ip_3/hdl/verilog/bd_c7bd_hsc_0_fifo_w8_d3_A.v:45]
INFO: [Synth 8-638] synthesizing module 'bd_c7bd_hsc_0_fifo_w1_d2_A' [/home/ad2039/G00StereoCamera/SCAM/SCAM.srcs/sources_1/bd/design_1/ip/design_1_v_proc_ss_scaler_0/bd_0/ip/ip_3/hdl/verilog/bd_c7bd_hsc_0_fifo_w1_d2_A.v:45]
INFO: [Synth 8-638] synthesizing module 'bd_c7bd_hsc_0_fifo_w1_d2_A_shiftReg' [/home/ad2039/G00StereoCamera/SCAM/SCAM.srcs/sources_1/bd/design_1/ip/design_1_v_proc_ss_scaler_0/bd_0/ip/ip_3/hdl/verilog/bd_c7bd_hsc_0_fifo_w1_d2_A.v:11]
INFO: [Synth 8-256] done synthesizing module 'bd_c7bd_hsc_0_fifo_w1_d2_A_shiftReg' (76#1) [/home/ad2039/G00StereoCamera/SCAM/SCAM.srcs/sources_1/bd/design_1/ip/design_1_v_proc_ss_scaler_0/bd_0/ip/ip_3/hdl/verilog/bd_c7bd_hsc_0_fifo_w1_d2_A.v:11]
INFO: [Synth 8-256] done synthesizing module 'bd_c7bd_hsc_0_fifo_w1_d2_A' (77#1) [/home/ad2039/G00StereoCamera/SCAM/SCAM.srcs/sources_1/bd/design_1/ip/design_1_v_proc_ss_scaler_0/bd_0/ip/ip_3/hdl/verilog/bd_c7bd_hsc_0_fifo_w1_d2_A.v:45]
INFO: [Synth 8-638] synthesizing module 'bd_c7bd_hsc_0_fifo_w1_d3_A' [/home/ad2039/G00StereoCamera/SCAM/SCAM.srcs/sources_1/bd/design_1/ip/design_1_v_proc_ss_scaler_0/bd_0/ip/ip_3/hdl/verilog/bd_c7bd_hsc_0_fifo_w1_d3_A.v:45]
INFO: [Synth 8-638] synthesizing module 'bd_c7bd_hsc_0_fifo_w1_d3_A_shiftReg' [/home/ad2039/G00StereoCamera/SCAM/SCAM.srcs/sources_1/bd/design_1/ip/design_1_v_proc_ss_scaler_0/bd_0/ip/ip_3/hdl/verilog/bd_c7bd_hsc_0_fifo_w1_d3_A.v:11]
INFO: [Synth 8-256] done synthesizing module 'bd_c7bd_hsc_0_fifo_w1_d3_A_shiftReg' (78#1) [/home/ad2039/G00StereoCamera/SCAM/SCAM.srcs/sources_1/bd/design_1/ip/design_1_v_proc_ss_scaler_0/bd_0/ip/ip_3/hdl/verilog/bd_c7bd_hsc_0_fifo_w1_d3_A.v:11]
INFO: [Synth 8-256] done synthesizing module 'bd_c7bd_hsc_0_fifo_w1_d3_A' (79#1) [/home/ad2039/G00StereoCamera/SCAM/SCAM.srcs/sources_1/bd/design_1/ip/design_1_v_proc_ss_scaler_0/bd_0/ip/ip_3/hdl/verilog/bd_c7bd_hsc_0_fifo_w1_d3_A.v:45]
INFO: [Synth 8-638] synthesizing module 'bd_c7bd_hsc_0_fifo_w16_d1_A' [/home/ad2039/G00StereoCamera/SCAM/SCAM.srcs/sources_1/bd/design_1/ip/design_1_v_proc_ss_scaler_0/bd_0/ip/ip_3/hdl/verilog/bd_c7bd_hsc_0_fifo_w16_d1_A.v:45]
INFO: [Synth 8-638] synthesizing module 'bd_c7bd_hsc_0_fifo_w16_d1_A_shiftReg' [/home/ad2039/G00StereoCamera/SCAM/SCAM.srcs/sources_1/bd/design_1/ip/design_1_v_proc_ss_scaler_0/bd_0/ip/ip_3/hdl/verilog/bd_c7bd_hsc_0_fifo_w16_d1_A.v:11]
INFO: [Synth 8-256] done synthesizing module 'bd_c7bd_hsc_0_fifo_w16_d1_A_shiftReg' (80#1) [/home/ad2039/G00StereoCamera/SCAM/SCAM.srcs/sources_1/bd/design_1/ip/design_1_v_proc_ss_scaler_0/bd_0/ip/ip_3/hdl/verilog/bd_c7bd_hsc_0_fifo_w16_d1_A.v:11]
INFO: [Synth 8-256] done synthesizing module 'bd_c7bd_hsc_0_fifo_w16_d1_A' (81#1) [/home/ad2039/G00StereoCamera/SCAM/SCAM.srcs/sources_1/bd/design_1/ip/design_1_v_proc_ss_scaler_0/bd_0/ip/ip_3/hdl/verilog/bd_c7bd_hsc_0_fifo_w16_d1_A.v:45]
INFO: [Synth 8-638] synthesizing module 'bd_c7bd_hsc_0_fifo_w1_d4_A' [/home/ad2039/G00StereoCamera/SCAM/SCAM.srcs/sources_1/bd/design_1/ip/design_1_v_proc_ss_scaler_0/bd_0/ip/ip_3/hdl/verilog/bd_c7bd_hsc_0_fifo_w1_d4_A.v:45]
INFO: [Synth 8-638] synthesizing module 'bd_c7bd_hsc_0_fifo_w1_d4_A_shiftReg' [/home/ad2039/G00StereoCamera/SCAM/SCAM.srcs/sources_1/bd/design_1/ip/design_1_v_proc_ss_scaler_0/bd_0/ip/ip_3/hdl/verilog/bd_c7bd_hsc_0_fifo_w1_d4_A.v:11]
INFO: [Synth 8-256] done synthesizing module 'bd_c7bd_hsc_0_fifo_w1_d4_A_shiftReg' (82#1) [/home/ad2039/G00StereoCamera/SCAM/SCAM.srcs/sources_1/bd/design_1/ip/design_1_v_proc_ss_scaler_0/bd_0/ip/ip_3/hdl/verilog/bd_c7bd_hsc_0_fifo_w1_d4_A.v:11]
INFO: [Synth 8-256] done synthesizing module 'bd_c7bd_hsc_0_fifo_w1_d4_A' (83#1) [/home/ad2039/G00StereoCamera/SCAM/SCAM.srcs/sources_1/bd/design_1/ip/design_1_v_proc_ss_scaler_0/bd_0/ip/ip_3/hdl/verilog/bd_c7bd_hsc_0_fifo_w1_d4_A.v:45]
INFO: [Synth 8-638] synthesizing module 'bd_c7bd_hsc_0_start_for_Block_pRg6' [/home/ad2039/G00StereoCamera/SCAM/SCAM.srcs/sources_1/bd/design_1/ip/design_1_v_proc_ss_scaler_0/bd_0/ip/ip_3/hdl/verilog/bd_c7bd_hsc_0_start_for_Block_pRg6.v:45]
INFO: [Synth 8-638] synthesizing module 'bd_c7bd_hsc_0_start_for_Block_pRg6_shiftReg' [/home/ad2039/G00StereoCamera/SCAM/SCAM.srcs/sources_1/bd/design_1/ip/design_1_v_proc_ss_scaler_0/bd_0/ip/ip_3/hdl/verilog/bd_c7bd_hsc_0_start_for_Block_pRg6.v:11]
INFO: [Synth 8-256] done synthesizing module 'bd_c7bd_hsc_0_start_for_Block_pRg6_shiftReg' (84#1) [/home/ad2039/G00StereoCamera/SCAM/SCAM.srcs/sources_1/bd/design_1/ip/design_1_v_proc_ss_scaler_0/bd_0/ip/ip_3/hdl/verilog/bd_c7bd_hsc_0_start_for_Block_pRg6.v:11]
INFO: [Synth 8-256] done synthesizing module 'bd_c7bd_hsc_0_start_for_Block_pRg6' (85#1) [/home/ad2039/G00StereoCamera/SCAM/SCAM.srcs/sources_1/bd/design_1/ip/design_1_v_proc_ss_scaler_0/bd_0/ip/ip_3/hdl/verilog/bd_c7bd_hsc_0_start_for_Block_pRg6.v:45]
INFO: [Synth 8-638] synthesizing module 'bd_c7bd_hsc_0_start_for_Block_pShg' [/home/ad2039/G00StereoCamera/SCAM/SCAM.srcs/sources_1/bd/design_1/ip/design_1_v_proc_ss_scaler_0/bd_0/ip/ip_3/hdl/verilog/bd_c7bd_hsc_0_start_for_Block_pShg.v:45]
INFO: [Synth 8-638] synthesizing module 'bd_c7bd_hsc_0_start_for_Block_pShg_shiftReg' [/home/ad2039/G00StereoCamera/SCAM/SCAM.srcs/sources_1/bd/design_1/ip/design_1_v_proc_ss_scaler_0/bd_0/ip/ip_3/hdl/verilog/bd_c7bd_hsc_0_start_for_Block_pShg.v:11]
INFO: [Synth 8-256] done synthesizing module 'bd_c7bd_hsc_0_start_for_Block_pShg_shiftReg' (86#1) [/home/ad2039/G00StereoCamera/SCAM/SCAM.srcs/sources_1/bd/design_1/ip/design_1_v_proc_ss_scaler_0/bd_0/ip/ip_3/hdl/verilog/bd_c7bd_hsc_0_start_for_Block_pShg.v:11]
INFO: [Synth 8-256] done synthesizing module 'bd_c7bd_hsc_0_start_for_Block_pShg' (87#1) [/home/ad2039/G00StereoCamera/SCAM/SCAM.srcs/sources_1/bd/design_1/ip/design_1_v_proc_ss_scaler_0/bd_0/ip/ip_3/hdl/verilog/bd_c7bd_hsc_0_start_for_Block_pShg.v:45]
INFO: [Synth 8-638] synthesizing module 'bd_c7bd_hsc_0_start_for_Block_cThq' [/home/ad2039/G00StereoCamera/SCAM/SCAM.srcs/sources_1/bd/design_1/ip/design_1_v_proc_ss_scaler_0/bd_0/ip/ip_3/hdl/verilog/bd_c7bd_hsc_0_start_for_Block_cThq.v:45]
INFO: [Synth 8-638] synthesizing module 'bd_c7bd_hsc_0_start_for_Block_cThq_shiftReg' [/home/ad2039/G00StereoCamera/SCAM/SCAM.srcs/sources_1/bd/design_1/ip/design_1_v_proc_ss_scaler_0/bd_0/ip/ip_3/hdl/verilog/bd_c7bd_hsc_0_start_for_Block_cThq.v:11]
INFO: [Synth 8-256] done synthesizing module 'bd_c7bd_hsc_0_start_for_Block_cThq_shiftReg' (88#1) [/home/ad2039/G00StereoCamera/SCAM/SCAM.srcs/sources_1/bd/design_1/ip/design_1_v_proc_ss_scaler_0/bd_0/ip/ip_3/hdl/verilog/bd_c7bd_hsc_0_start_for_Block_cThq.v:11]
INFO: [Synth 8-256] done synthesizing module 'bd_c7bd_hsc_0_start_for_Block_cThq' (89#1) [/home/ad2039/G00StereoCamera/SCAM/SCAM.srcs/sources_1/bd/design_1/ip/design_1_v_proc_ss_scaler_0/bd_0/ip/ip_3/hdl/verilog/bd_c7bd_hsc_0_start_for_Block_cThq.v:45]
INFO: [Synth 8-638] synthesizing module 'bd_c7bd_hsc_0_start_for_MultiPiUhA' [/home/ad2039/G00StereoCamera/SCAM/SCAM.srcs/sources_1/bd/design_1/ip/design_1_v_proc_ss_scaler_0/bd_0/ip/ip_3/hdl/verilog/bd_c7bd_hsc_0_start_for_MultiPiUhA.v:45]
INFO: [Synth 8-638] synthesizing module 'bd_c7bd_hsc_0_start_for_MultiPiUhA_shiftReg' [/home/ad2039/G00StereoCamera/SCAM/SCAM.srcs/sources_1/bd/design_1/ip/design_1_v_proc_ss_scaler_0/bd_0/ip/ip_3/hdl/verilog/bd_c7bd_hsc_0_start_for_MultiPiUhA.v:11]
INFO: [Synth 8-256] done synthesizing module 'bd_c7bd_hsc_0_start_for_MultiPiUhA_shiftReg' (90#1) [/home/ad2039/G00StereoCamera/SCAM/SCAM.srcs/sources_1/bd/design_1/ip/design_1_v_proc_ss_scaler_0/bd_0/ip/ip_3/hdl/verilog/bd_c7bd_hsc_0_start_for_MultiPiUhA.v:11]
INFO: [Synth 8-256] done synthesizing module 'bd_c7bd_hsc_0_start_for_MultiPiUhA' (91#1) [/home/ad2039/G00StereoCamera/SCAM/SCAM.srcs/sources_1/bd/design_1/ip/design_1_v_proc_ss_scaler_0/bd_0/ip/ip_3/hdl/verilog/bd_c7bd_hsc_0_start_for_MultiPiUhA.v:45]
INFO: [Synth 8-638] synthesizing module 'bd_c7bd_hsc_0_start_for_v_csc_cVhK' [/home/ad2039/G00StereoCamera/SCAM/SCAM.srcs/sources_1/bd/design_1/ip/design_1_v_proc_ss_scaler_0/bd_0/ip/ip_3/hdl/verilog/bd_c7bd_hsc_0_start_for_v_csc_cVhK.v:45]
INFO: [Synth 8-638] synthesizing module 'bd_c7bd_hsc_0_start_for_v_csc_cVhK_shiftReg' [/home/ad2039/G00StereoCamera/SCAM/SCAM.srcs/sources_1/bd/design_1/ip/design_1_v_proc_ss_scaler_0/bd_0/ip/ip_3/hdl/verilog/bd_c7bd_hsc_0_start_for_v_csc_cVhK.v:11]
INFO: [Synth 8-256] done synthesizing module 'bd_c7bd_hsc_0_start_for_v_csc_cVhK_shiftReg' (92#1) [/home/ad2039/G00StereoCamera/SCAM/SCAM.srcs/sources_1/bd/design_1/ip/design_1_v_proc_ss_scaler_0/bd_0/ip/ip_3/hdl/verilog/bd_c7bd_hsc_0_start_for_v_csc_cVhK.v:11]
INFO: [Synth 8-256] done synthesizing module 'bd_c7bd_hsc_0_start_for_v_csc_cVhK' (93#1) [/home/ad2039/G00StereoCamera/SCAM/SCAM.srcs/sources_1/bd/design_1/ip/design_1_v_proc_ss_scaler_0/bd_0/ip/ip_3/hdl/verilog/bd_c7bd_hsc_0_start_for_v_csc_cVhK.v:45]
INFO: [Synth 8-638] synthesizing module 'bd_c7bd_hsc_0_start_for_v_hcresWhU' [/home/ad2039/G00StereoCamera/SCAM/SCAM.srcs/sources_1/bd/design_1/ip/design_1_v_proc_ss_scaler_0/bd_0/ip/ip_3/hdl/verilog/bd_c7bd_hsc_0_start_for_v_hcresWhU.v:45]
INFO: [Synth 8-638] synthesizing module 'bd_c7bd_hsc_0_start_for_v_hcresWhU_shiftReg' [/home/ad2039/G00StereoCamera/SCAM/SCAM.srcs/sources_1/bd/design_1/ip/design_1_v_proc_ss_scaler_0/bd_0/ip/ip_3/hdl/verilog/bd_c7bd_hsc_0_start_for_v_hcresWhU.v:11]
INFO: [Synth 8-256] done synthesizing module 'bd_c7bd_hsc_0_start_for_v_hcresWhU_shiftReg' (94#1) [/home/ad2039/G00StereoCamera/SCAM/SCAM.srcs/sources_1/bd/design_1/ip/design_1_v_proc_ss_scaler_0/bd_0/ip/ip_3/hdl/verilog/bd_c7bd_hsc_0_start_for_v_hcresWhU.v:11]
INFO: [Synth 8-256] done synthesizing module 'bd_c7bd_hsc_0_start_for_v_hcresWhU' (95#1) [/home/ad2039/G00StereoCamera/SCAM/SCAM.srcs/sources_1/bd/design_1/ip/design_1_v_proc_ss_scaler_0/bd_0/ip/ip_3/hdl/verilog/bd_c7bd_hsc_0_start_for_v_hcresWhU.v:45]
INFO: [Synth 8-256] done synthesizing module 'bd_c7bd_hsc_0' (97#1) [/home/ad2039/G00StereoCamera/SCAM/SCAM.srcs/sources_1/bd/design_1/ip/design_1_v_proc_ss_scaler_0/bd_0/ip/ip_3/synth/bd_c7bd_hsc_0.v:57]
Finished RTL Elaboration : Time (s): cpu = 00:00:12 ; elapsed = 00:00:14 . Memory (MB): peak = 1498.742 ; gain = 0.000 ; free physical = 11142 ; free virtual = 42776
Finished RTL Optimization Phase 1 : Time (s): cpu = 00:00:13 ; elapsed = 00:00:14 . Memory (MB): peak = 1498.742 ; gain = 0.000 ; free physical = 10911 ; free virtual = 42544
INFO: [Device 21-403] Loading part xczu9eg-ffvb1156-2-i
Constraint Validation Runtime : Time (s): cpu = 00:00:00.23 ; elapsed = 00:00:00.13 . Memory (MB): peak = 2203.805 ; gain = 4.000 ; free physical = 5031 ; free virtual = 36663
Finished Constraint Validation : Time (s): cpu = 00:00:36 ; elapsed = 00:00:48 . Memory (MB): peak = 2203.805 ; gain = 705.062 ; free physical = 4138 ; free virtual = 35772
Finished Loading Part and Timing Information : Time (s): cpu = 00:00:36 ; elapsed = 00:00:48 . Memory (MB): peak = 2203.805 ; gain = 705.062 ; free physical = 4138 ; free virtual = 35772
Finished applying 'set_property' XDC Constraints : Time (s): cpu = 00:00:36 ; elapsed = 00:00:48 . Memory (MB): peak = 2203.805 ; gain = 705.062 ; free physical = 4135 ; free virtual = 35769
Finished RTL Optimization Phase 2 : Time (s): cpu = 00:00:39 ; elapsed = 00:00:51 . Memory (MB): peak = 2203.805 ; gain = 705.062 ; free physical = 3358 ; free virtual = 34991
Finished Cross Boundary and Area Optimization : Time (s): cpu = 00:01:03 ; elapsed = 00:01:17 . Memory (MB): peak = 2203.805 ; gain = 705.062 ; free physical = 5758 ; free virtual = 37400
Finished Applying XDC Timing Constraints : Time (s): cpu = 00:01:17 ; elapsed = 00:01:45 . Memory (MB): peak = 2880.750 ; gain = 1382.008 ; free physical = 16224 ; free virtual = 47917
Finished Timing Optimization : Time (s): cpu = 00:01:21 ; elapsed = 00:01:49 . Memory (MB): peak = 2972.469 ; gain = 1473.727 ; free physical = 15267 ; free virtual = 47036
Finished Technology Mapping : Time (s): cpu = 00:01:26 ; elapsed = 00:01:55 . Memory (MB): peak = 3002.078 ; gain = 1503.336 ; free physical = 14260 ; free virtual = 46048
Finished IO Insertion : Time (s): cpu = 00:01:27 ; elapsed = 00:01:56 . Memory (MB): peak = 3002.078 ; gain = 1503.336 ; free physical = 14100 ; free virtual = 45882
Finished Renaming Generated Instances : Time (s): cpu = 00:01:27 ; elapsed = 00:01:56 . Memory (MB): peak = 3002.078 ; gain = 1503.336 ; free physical = 14115 ; free virtual = 45897
Finished Rebuilding User Hierarchy : Time (s): cpu = 00:01:28 ; elapsed = 00:01:57 . Memory (MB): peak = 3002.078 ; gain = 1503.336 ; free physical = 15766 ; free virtual = 47526
Finished Renaming Generated Ports : Time (s): cpu = 00:01:28 ; elapsed = 00:01:57 . Memory (MB): peak = 3002.078 ; gain = 1503.336 ; free physical = 15747 ; free virtual = 47508
Finished Handling Custom Attributes : Time (s): cpu = 00:01:28 ; elapsed = 00:01:57 . Memory (MB): peak = 3002.078 ; gain = 1503.336 ; free physical = 15719 ; free virtual = 47484
Finished Renaming Generated Nets : Time (s): cpu = 00:01:28 ; elapsed = 00:01:57 . Memory (MB): peak = 3002.078 ; gain = 1503.336 ; free physical = 15707 ; free virtual = 47471

Report Cell Usage: 
+------+------------------+------+
|      |Cell              |Count |
+------+------------------+------+
|1     |CARRY8            |    64|
|2     |DSP_ALU           |    62|
|3     |DSP_ALU_1         |     2|
|4     |DSP_A_B_DATA      |    24|
|5     |DSP_A_B_DATA_1    |     6|
|6     |DSP_A_B_DATA_2    |    18|
|7     |DSP_A_B_DATA_3    |     8|
|8     |DSP_A_B_DATA_4    |     2|
|9     |DSP_A_B_DATA_5    |     2|
|10    |DSP_A_B_DATA_6    |     4|
|11    |DSP_C_DATA        |    24|
|12    |DSP_C_DATA_1      |    40|
|13    |DSP_MULTIPLIER    |    62|
|14    |DSP_MULTIPLIER_1  |     2|
|15    |DSP_M_DATA        |    62|
|16    |DSP_M_DATA_1      |     2|
|17    |DSP_OUTPUT        |    46|
|18    |DSP_OUTPUT_1      |    18|
|19    |DSP_PREADD        |    64|
|20    |DSP_PREADD_DATA   |    62|
|21    |DSP_PREADD_DATA_1 |     2|
|22    |LUT1              |   198|
|23    |LUT2              |   372|
|24    |LUT3              |  1077|
|25    |LUT4              |  1007|
|26    |LUT5              |   701|
|27    |LUT6              |  1078|
|28    |MUXF7             |    57|
|29    |RAM64X1S          |   256|
|30    |RAMB36E2          |     1|
|31    |RAMB36E2_2        |     2|
|32    |SRL16E            |   261|
|33    |FDRE              |  4774|
|34    |FDSE              |   362|
+------+------------------+------+
Finished Writing Synthesis Report : Time (s): cpu = 00:01:28 ; elapsed = 00:01:57 . Memory (MB): peak = 3002.078 ; gain = 1503.336 ; free physical = 15703 ; free virtual = 47468
synth_design: Time (s): cpu = 00:01:32 ; elapsed = 00:02:00 . Memory (MB): peak = 3034.094 ; gain = 1556.727 ; free physical = 17588 ; free virtual = 49357
